11     4     04.11.15 16:34:22:531 MSK javax.naming.NameNotFoundException com.ibm.ws.naming.urlbase.UrlContext.lookup 1226
12     3     04.11.15 16:34:21:500 MSK javax.naming.NameAlreadyBoundException com.ibm.ws.naming.jndicos.CNContextImpl.createSubcontext 756
13     2     04.11.15 16:34:22:531 MSK javax.naming.NameNotFoundException com.ibm.ws.naming.urlbase.UrlContext.lookup 1252
14     1     04.11.15 16:34:21:047 MSK org.omg.CosNaming.NamingContextPackage.NotFound com.ibm.ws.naming.cosbase.WsnOptimizedNamingImplBase.bind_new_corba_context 944
15     167   04.11.15 16:36:34:281 MSK java.lang.ClassNotFoundException com.ibm.ws.classloader.CompoundClassLoader.loadClass 248
16     1     04.11.15 16:34:14:672 MSK java.io.FileNotFoundException com.ibm.ejs.jms.listener.AsyncMessageLog.readRequestLogFile 128
-----------------------------------------------------------------------
+17     1     04.11.15 16:40:22:875 MSK org.omg.CosNaming.NamingContextPackage.NotFound com.ibm.ws.naming.cosbase.WsnOptimizedNamingImplBase.unbind 409
+18     1     04.11.15 16:40:27:984 MSK java.util.MissingResourceException com.ibm.ejs.sm.client.ui.NLS.NLS 166

Index  Occur Time of last Occurence   Exception SourceId ProbeId
       ences
-----------------------------------------------------------------------
1      1     04.11.15 17:16:12:516 MSK java.lang.ClassNotFoundException com.ibm.ws.runtime.component.MessageListenerImpl.initialize 83
-----------------------------------------------------------------------
+2      1     04.11.15 17:16:12:656 MSK java.io.FileNotFoundException com.ibm.ejs.jms.listener.AsyncMessageLog.readRequestLogFile 128
+3      1     04.11.15 17:16:13:750 MSK java.lang.ClassNotFoundException com.ibm.ws.activity.ActivityServiceInterceptor.loadMigrationImpls 424
+4      1     04.11.15 17:16:14:875 MSK com.ibm.ws.naming.jcache.CacheEntryNotFoundException com.ibm.ws.naming.util.WsnInitCtxFactory.getInitialContextInternal 367
+5      1     04.11.15 17:16:15:938 MSK org.omg.CosNaming.NamingContextPackage.NotFound com.ibm.ws.naming.cosbase.WsnOptimizedNamingImplBase.bind_new_corba_context 944
+6      1     04.11.15 17:16:15:984 MSK org.omg.CosNaming.NamingContextPackage.NotFound com.ibm.ws.naming.jndicos.CNContextImpl.doCreateSubcontext 2161
+7      1     04.11.15 17:16:16:031 MSK javax.naming.NameNotFoundException com.ibm.ws.naming.jndicos.CNContextImpl.createSubcontext 756
+8      1     04.11.15 17:16:16:125 MSK javax.naming.NameAlreadyBoundException com.ibm.ws.naming.ipcos.WsnOptimizedNamingImpl.do_bind_new_corba_context 1042
+9      1     04.11.15 17:16:16:172 MSK org.omg.CosNaming.NamingContextPackage.AlreadyBound com.ibm.ws.naming.jndicos.CNContextImpl.doCreateSubcontext 2155
+10     1     04.11.15 17:16:16:234 MSK javax.naming.NameAlreadyBoundException com.ibm.ws.naming.jndicos.CNContextImpl.createSubcontext 756
+11     1     04.11.15 17:16:16:922 MSK java.lang.NullPointerException com.ibm.ws.utils.VUTrace.initialisation 584
+12     1     04.11.15 17:16:17:188 MSK javax.naming.NameNotFoundException com.ibm.ws.naming.urlbase.UrlContext.lookup 1226
+13     1     04.11.15 17:16:17:234 MSK javax.naming.NameNotFoundException com.ibm.ws.naming.urlbase.UrlContext.lookup 1252
+14     1     04.11.15 17:16:17:844 MSK java.io.FileNotFoundException com.ibm.ejs.jms.DurableSubscriptionManagerImpl.readDurableSubscriptionFile 236
+15     1     04.11.15 17:16:21:375 MSK java.lang.ClassNotFoundException com.ibm.ws.classloader.CompoundClassLoader.loadClass 248

Index  Occur Time of last Occurence   Exception SourceId ProbeId
       ences
-----------------------------------------------------------------------
1      1     04.11.15 17:16:16:031 MSK javax.naming.NameNotFoundException com.ibm.ws.naming.jndicos.CNContextImpl.createSubcontext 756
2      1     04.11.15 17:16:12:516 MSK java.lang.ClassNotFoundException com.ibm.ws.runtime.component.MessageListenerImpl.initialize 83
3      1     04.11.15 17:16:17:844 MSK java.io.FileNotFoundException com.ibm.ejs.jms.DurableSubscriptionManagerImpl.readDurableSubscriptionFile 236
4      2     04.11.15 17:16:21:547 MSK com.ibm.ws.naming.jcache.CacheEntryNotFoundException com.ibm.ws.naming.util.WsnInitCtxFactory.getInitialContextInternal 367
5      1     04.11.15 17:16:16:922 MSK java.lang.NullPointerException com.ibm.ws.utils.VUTrace.initialisation 584
6      3     04.11.15 17:16:16:359 MSK org.omg.CosNaming.NamingContextPackage.AlreadyBound com.ibm.ws.naming.jndicos.CNContextImpl.doCreateSubcontext 2155
7      1     04.11.15 17:16:15:984 MSK org.omg.CosNaming.NamingContextPackage.NotFound com.ibm.ws.naming.jndicos.CNContextImpl.doCreateSubcontext 2161
8      3     04.11.15 17:16:16:359 MSK javax.naming.NameAlreadyBoundException com.ibm.ws.naming.ipcos.WsnOptimizedNamingImpl.do_bind_new_corba_context 1042
9      1     04.11.15 17:16:13:750 MSK java.lang.ClassNotFoundException com.ibm.ws.activity.ActivityServiceInterceptor.loadMigrationImpls 424
10     4     04.11.15 17:16:17:297 MSK javax.naming.NameNotFoundException com.ibm.ws.naming.urlbase.UrlContext.lookup 1226
11     3     04.11.15 17:16:16:359 MSK javax.naming.NameAlreadyBoundException com.ibm.ws.naming.jndicos.CNContextImpl.createSubcontext 756
12     2     04.11.15 17:16:17:297 MSK javax.naming.NameNotFoundException com.ibm.ws.naming.urlbase.UrlContext.lookup 1252
13     1     04.11.15 17:16:15:938 MSK org.omg.CosNaming.NamingContextPackage.NotFound com.ibm.ws.naming.cosbase.WsnOptimizedNamingImplBase.bind_new_corba_context 944
14     109   04.11.15 17:18:41:562 MSK java.lang.ClassNotFoundException com.ibm.ws.classloader.CompoundClassLoader.loadClass 248
15     1     04.11.15 17:16:12:656 MSK java.io.FileNotFoundException com.ibm.ejs.jms.listener.AsyncMessageLog.readRequestLogFile 128
-----------------------------------------------------------------------

Index  Occur Time of last Occurence   Exception SourceId ProbeId
       ences
-----------------------------------------------------------------------
1      1     04.11.15 17:16:16:031 MSK javax.naming.NameNotFoundException com.ibm.ws.naming.jndicos.CNContextImpl.createSubcontext 756
2      1     04.11.15 17:16:12:516 MSK java.lang.ClassNotFoundException com.ibm.ws.runtime.component.MessageListenerImpl.initialize 83
3      1     04.11.15 17:16:17:844 MSK java.io.FileNotFoundException com.ibm.ejs.jms.DurableSubscriptionManagerImpl.readDurableSubscriptionFile 236
4      3     04.11.15 17:18:41:672 MSK com.ibm.ws.naming.jcache.CacheEntryNotFoundException com.ibm.ws.naming.util.WsnInitCtxFactory.getInitialContextInternal 367
5      1     04.11.15 17:16:16:922 MSK java.lang.NullPointerException com.ibm.ws.utils.VUTrace.initialisation 584
6      3     04.11.15 17:16:16:359 MSK org.omg.CosNaming.NamingContextPackage.AlreadyBound com.ibm.ws.naming.jndicos.CNContextImpl.doCreateSubcontext 2155
7      1     04.11.15 17:16:15:984 MSK org.omg.CosNaming.NamingContextPackage.NotFound com.ibm.ws.naming.jndicos.CNContextImpl.doCreateSubcontext 2161
8      3     04.11.15 17:16:16:359 MSK javax.naming.NameAlreadyBoundException com.ibm.ws.naming.ipcos.WsnOptimizedNamingImpl.do_bind_new_corba_context 1042
9      1     04.11.15 17:16:13:750 MSK java.lang.ClassNotFoundException com.ibm.ws.activity.ActivityServiceInterceptor.loadMigrationImpls 424
10     4     04.11.15 17:16:17:297 MSK javax.naming.NameNotFoundException com.ibm.ws.naming.urlbase.UrlContext.lookup 1226
11     3     04.11.15 17:16:16:359 MSK javax.naming.NameAlreadyBoundException com.ibm.ws.naming.jndicos.CNContextImpl.createSubcontext 756
12     2     04.11.15 17:16:17:297 MSK javax.naming.NameNotFoundException com.ibm.ws.naming.urlbase.UrlContext.lookup 1252
13     1     04.11.15 17:16:15:938 MSK org.omg.CosNaming.NamingContextPackage.NotFound com.ibm.ws.naming.cosbase.WsnOptimizedNamingImplBase.bind_new_corba_context 944
14     168   04.11.15 17:18:43:875 MSK java.lang.ClassNotFoundException com.ibm.ws.classloader.CompoundClassLoader.loadClass 248
15     1     04.11.15 17:19:51:391 MSK java.util.MissingResourceException com.ibm.ejs.sm.client.ui.NLS.NLS 166
16     1     04.11.15 17:16:12:656 MSK java.io.FileNotFoundException com.ibm.ejs.jms.listener.AsyncMessageLog.readRequestLogFile 128
-----------------------------------------------------------------------

Index  Occur Time of last Occurence   Exception SourceId ProbeId
       ences
-----------------------------------------------------------------------
1      1     04.11.15 17:16:16:031 MSK javax.naming.NameNotFoundException com.ibm.ws.naming.jndicos.CNContextImpl.createSubcontext 756
2      1     04.11.15 17:16:12:516 MSK java.lang.ClassNotFoundException com.ibm.ws.runtime.component.MessageListenerImpl.initialize 83
3      1     04.11.15 17:16:17:844 MSK java.io.FileNotFoundException com.ibm.ejs.jms.DurableSubscriptionManagerImpl.readDurableSubscriptionFile 236
4      5     04.11.15 17:19:55:969 MSK com.ibm.ws.naming.jcache.CacheEntryNotFoundException com.ibm.ws.naming.util.WsnInitCtxFactory.getInitialContextInternal 367
5      1     04.11.15 17:16:16:922 MSK java.lang.NullPointerException com.ibm.ws.utils.VUTrace.initialisation 584
6      3     04.11.15 17:16:16:359 MSK org.omg.CosNaming.NamingContextPackage.AlreadyBound com.ibm.ws.naming.jndicos.CNContextImpl.doCreateSubcontext 2155
7      1     04.11.15 17:16:15:984 MSK org.omg.CosNaming.NamingContextPackage.NotFound com.ibm.ws.naming.jndicos.CNContextImpl.doCreateSubcontext 2161
8      3     04.11.15 17:16:16:359 MSK javax.naming.NameAlreadyBoundException com.ibm.ws.naming.ipcos.WsnOptimizedNamingImpl.do_bind_new_corba_context 1042
9      1     04.11.15 17:16:13:750 MSK java.lang.ClassNotFoundException com.ibm.ws.activity.ActivityServiceInterceptor.loadMigrationImpls 424
10     4     04.11.15 17:16:17:297 MSK javax.naming.NameNotFoundException com.ibm.ws.naming.urlbase.UrlContext.lookup 1226
11     3     04.11.15 17:16:16:359 MSK javax.naming.NameAlreadyBoundException com.ibm.ws.naming.jndicos.CNContextImpl.createSubcontext 756
12     2     04.11.15 17:16:17:297 MSK javax.naming.NameNotFoundException com.ibm.ws.naming.urlbase.UrlContext.lookup 1252
13     1     04.11.15 17:16:15:938 MSK org.omg.CosNaming.NamingContextPackage.NotFound com.ibm.ws.naming.cosbase.WsnOptimizedNamingImplBase.bind_new_corba_context 944
14     344   04.11.15 17:20:58:297 MSK java.lang.ClassNotFoundException com.ibm.ws.classloader.CompoundClassLoader.loadClass 248
15     1     04.11.15 17:19:51:391 MSK java.util.MissingResourceException com.ibm.ejs.sm.client.ui.NLS.NLS 166
16     1     04.11.15 17:16:12:656 MSK java.io.FileNotFoundException com.ibm.ejs.jms.listener.AsyncMessageLog.readRequestLogFile 128
-----------------------------------------------------------------------

Index  Occur Time of last Occurence   Exception SourceId ProbeId
       ences
-----------------------------------------------------------------------
1      1     04.11.15 17:16:16:031 MSK javax.naming.NameNotFoundException com.ibm.ws.naming.jndicos.CNContextImpl.createSubcontext 756
2      1     04.11.15 17:16:12:516 MSK java.lang.ClassNotFoundException com.ibm.ws.runtime.component.MessageListenerImpl.initialize 83
3      1     04.11.15 17:16:17:844 MSK java.io.FileNotFoundException com.ibm.ejs.jms.DurableSubscriptionManagerImpl.readDurableSubscriptionFile 236
4      5     04.11.15 17:19:55:969 MSK com.ibm.ws.naming.jcache.CacheEntryNotFoundException com.ibm.ws.naming.util.WsnInitCtxFactory.getInitialContextInternal 367
5      1     04.11.15 17:16:16:922 MSK java.lang.NullPointerException com.ibm.ws.utils.VUTrace.initialisation 584
6      3     04.11.15 17:16:16:359 MSK org.omg.CosNaming.NamingContextPackage.AlreadyBound com.ibm.ws.naming.jndicos.CNContextImpl.doCreateSubcontext 2155
7      1     04.11.15 17:16:15:984 MSK org.omg.CosNaming.NamingContextPackage.NotFound com.ibm.ws.naming.jndicos.CNContextImpl.doCreateSubcontext 2161
8      3     04.11.15 17:16:16:359 MSK javax.naming.NameAlreadyBoundException com.ibm.ws.naming.ipcos.WsnOptimizedNamingImpl.do_bind_new_corba_context 1042
9      1     04.11.15 17:16:13:750 MSK java.lang.ClassNotFoundException com.ibm.ws.activity.ActivityServiceInterceptor.loadMigrationImpls 424
10     4     04.11.15 17:16:17:297 MSK javax.naming.NameNotFoundException com.ibm.ws.naming.urlbase.UrlContext.lookup 1226
11     3     04.11.15 17:16:16:359 MSK javax.naming.NameAlreadyBoundException com.ibm.ws.naming.jndicos.CNContextImpl.createSubcontext 756
12     2     04.11.15 17:16:17:297 MSK javax.naming.NameNotFoundException com.ibm.ws.naming.urlbase.UrlContext.lookup 1252
13     1     04.11.15 17:16:15:938 MSK org.omg.CosNaming.NamingContextPackage.NotFound com.ibm.ws.naming.cosbase.WsnOptimizedNamingImplBase.bind_new_corba_context 944
14     439   04.11.15 17:20:59:203 MSK java.lang.ClassNotFoundException com.ibm.ws.classloader.CompoundClassLoader.loadClass 248
15     1     04.11.15 17:19:51:391 MSK java.util.MissingResourceException com.ibm.ejs.sm.client.ui.NLS.NLS 166
16     1     04.11.15 17:16:12:656 MSK java.io.FileNotFoundException com.ibm.ejs.jms.listener.AsyncMessageLog.readRequestLogFile 128
-----------------------------------------------------------------------

Index  Occur Time of last Occurence   Exception SourceId ProbeId
       ences
-----------------------------------------------------------------------
1      1     04.11.15 17:16:16:031 MSK javax.naming.NameNotFoundException com.ibm.ws.naming.jndicos.CNContextImpl.createSubcontext 756
2      1     04.11.15 17:16:12:516 MSK java.lang.ClassNotFoundException com.ibm.ws.runtime.component.MessageListenerImpl.initialize 83
3      1     04.11.15 17:16:17:844 MSK java.io.FileNotFoundException com.ibm.ejs.jms.DurableSubscriptionManagerImpl.readDurableSubscriptionFile 236
4      5     04.11.15 17:19:55:969 MSK com.ibm.ws.naming.jcache.CacheEntryNotFoundException com.ibm.ws.naming.util.WsnInitCtxFactory.getInitialContextInternal 367
5      1     04.11.15 17:16:16:922 MSK java.lang.NullPointerException com.ibm.ws.utils.VUTrace.initialisation 584
6      3     04.11.15 17:16:16:359 MSK org.omg.CosNaming.NamingContextPackage.AlreadyBound com.ibm.ws.naming.jndicos.CNContextImpl.doCreateSubcontext 2155
7      1     04.11.15 17:16:15:984 MSK org.omg.CosNaming.NamingContextPackage.NotFound com.ibm.ws.naming.jndicos.CNContextImpl.doCreateSubcontext 2161
8      3     04.11.15 17:16:16:359 MSK javax.naming.NameAlreadyBoundException com.ibm.ws.naming.ipcos.WsnOptimizedNamingImpl.do_bind_new_corba_context 1042
9      1     04.11.15 17:16:13:750 MSK java.lang.ClassNotFoundException com.ibm.ws.activity.ActivityServiceInterceptor.loadMigrationImpls 424
10     1     04.11.15 17:40:55:953 MSK javax.naming.NameNotFoundException com.ibm.ws.naming.ipcos.WsnOptimizedNamingImpl.do_unbind 264
11     4     04.11.15 17:16:17:297 MSK javax.naming.NameNotFoundException com.ibm.ws.naming.urlbase.UrlContext.lookup 1226
12     3     04.11.15 17:16:16:359 MSK javax.naming.NameAlreadyBoundException com.ibm.ws.naming.jndicos.CNContextImpl.createSubcontext 756
13     2     04.11.15 17:16:17:297 MSK javax.naming.NameNotFoundException com.ibm.ws.naming.urlbase.UrlContext.lookup 1252
14     1     04.11.15 17:16:15:938 MSK org.omg.CosNaming.NamingContextPackage.NotFound com.ibm.ws.naming.cosbase.WsnOptimizedNamingImplBase.bind_new_corba_context 944
15     439   04.11.15 17:20:59:203 MSK java.lang.ClassNotFoundException com.ibm.ws.classloader.CompoundClassLoader.loadClass 248
16     1     04.11.15 17:19:51:391 MSK java.util.MissingResourceException com.ibm.ejs.sm.client.ui.NLS.NLS 166
17     1     04.11.15 17:16:12:656 MSK java.io.FileNotFoundException com.ibm.ejs.jms.listener.AsyncMessageLog.readRequestLogFile 128
-----------------------------------------------------------------------
+18     1     04.11.15 17:40:56:016 MSK org.omg.CosNaming.NamingContextPackage.NotFound com.ibm.ws.naming.cosbase.WsnOptimizedNamingImplBase.unbind 409

Index  Occur Time of last Occurence   Exception SourceId ProbeId
       ences
-----------------------------------------------------------------------
1      1     04.11.15 17:57:38:922 MSK java.lang.ClassNotFoundException com.ibm.ws.runtime.component.MessageListenerImpl.initialize 83
-----------------------------------------------------------------------
+2      1     04.11.15 17:57:39:078 MSK java.io.FileNotFoundException com.ibm.ejs.jms.listener.AsyncMessageLog.readRequestLogFile 128
+3      1     04.11.15 17:57:40:062 MSK java.lang.ClassNotFoundException com.ibm.ws.activity.ActivityServiceInterceptor.loadMigrationImpls 424
+4      1     04.11.15 17:57:41:156 MSK com.ibm.ws.naming.jcache.CacheEntryNotFoundException com.ibm.ws.naming.util.WsnInitCtxFactory.getInitialContextInternal 367
+5      1     04.11.15 17:57:42:281 MSK org.omg.CosNaming.NamingContextPackage.NotFound com.ibm.ws.naming.cosbase.WsnOptimizedNamingImplBase.bind_new_corba_context 944
+6      1     04.11.15 17:57:42:328 MSK org.omg.CosNaming.NamingContextPackage.NotFound com.ibm.ws.naming.jndicos.CNContextImpl.doCreateSubcontext 2161
+7      1     04.11.15 17:57:42:391 MSK javax.naming.NameNotFoundException com.ibm.ws.naming.jndicos.CNContextImpl.createSubcontext 756
+8      1     04.11.15 17:57:42:469 MSK javax.naming.NameAlreadyBoundException com.ibm.ws.naming.ipcos.WsnOptimizedNamingImpl.do_bind_new_corba_context 1042
+9      1     04.11.15 17:57:42:531 MSK org.omg.CosNaming.NamingContextPackage.AlreadyBound com.ibm.ws.naming.jndicos.CNContextImpl.doCreateSubcontext 2155
+10     1     04.11.15 17:57:42:578 MSK javax.naming.NameAlreadyBoundException com.ibm.ws.naming.jndicos.CNContextImpl.createSubcontext 756
+11     1     04.11.15 17:57:43:234 MSK java.lang.NullPointerException com.ibm.ws.utils.VUTrace.initialisation 584
+12     1     04.11.15 17:57:43:484 MSK javax.naming.NameNotFoundException com.ibm.ws.naming.urlbase.UrlContext.lookup 1226
+13     1     04.11.15 17:57:43:547 MSK javax.naming.NameNotFoundException com.ibm.ws.naming.urlbase.UrlContext.lookup 1252
+14     1     04.11.15 17:57:44:109 MSK java.io.FileNotFoundException com.ibm.ejs.jms.DurableSubscriptionManagerImpl.readDurableSubscriptionFile 236
+15     1     04.11.15 17:57:47:344 MSK java.lang.ClassNotFoundException com.ibm.ws.classloader.CompoundClassLoader.loadClass 248

Index  Occur Time of last Occurence   Exception SourceId ProbeId
       ences
-----------------------------------------------------------------------
1      1     04.11.15 17:57:42:391 MSK javax.naming.NameNotFoundException com.ibm.ws.naming.jndicos.CNContextImpl.createSubcontext 756
2      1     04.11.15 17:57:38:922 MSK java.lang.ClassNotFoundException com.ibm.ws.runtime.component.MessageListenerImpl.initialize 83
3      1     04.11.15 17:57:44:109 MSK java.io.FileNotFoundException com.ibm.ejs.jms.DurableSubscriptionManagerImpl.readDurableSubscriptionFile 236
4      2     04.11.15 17:57:47:516 MSK com.ibm.ws.naming.jcache.CacheEntryNotFoundException com.ibm.ws.naming.util.WsnInitCtxFactory.getInitialContextInternal 367
5      1     04.11.15 17:57:43:234 MSK java.lang.NullPointerException com.ibm.ws.utils.VUTrace.initialisation 584
6      3     04.11.15 17:57:42:688 MSK org.omg.CosNaming.NamingContextPackage.AlreadyBound com.ibm.ws.naming.jndicos.CNContextImpl.doCreateSubcontext 2155
7      1     04.11.15 17:57:42:328 MSK org.omg.CosNaming.NamingContextPackage.NotFound com.ibm.ws.naming.jndicos.CNContextImpl.doCreateSubcontext 2161
8      3     04.11.15 17:57:42:688 MSK javax.naming.NameAlreadyBoundException com.ibm.ws.naming.ipcos.WsnOptimizedNamingImpl.do_bind_new_corba_context 1042
9      1     04.11.15 17:57:40:062 MSK java.lang.ClassNotFoundException com.ibm.ws.activity.ActivityServiceInterceptor.loadMigrationImpls 424
10     4     04.11.15 17:57:43:609 MSK javax.naming.NameNotFoundException com.ibm.ws.naming.urlbase.UrlContext.lookup 1226
11     3     04.11.15 17:57:42:688 MSK javax.naming.NameAlreadyBoundException com.ibm.ws.naming.jndicos.CNContextImpl.createSubcontext 756
12     2     04.11.15 17:57:43:609 MSK javax.naming.NameNotFoundException com.ibm.ws.naming.urlbase.UrlContext.lookup 1252
13     1     04.11.15 17:57:42:281 MSK org.omg.CosNaming.NamingContextPackage.NotFound com.ibm.ws.naming.cosbase.WsnOptimizedNamingImplBase.bind_new_corba_context 944
14     105   04.11.15 18:35:59:562 MSK java.lang.ClassNotFoundException com.ibm.ws.classloader.CompoundClassLoader.loadClass 248
15     1     04.11.15 17:57:39:078 MSK java.io.FileNotFoundException com.ibm.ejs.jms.listener.AsyncMessageLog.readRequestLogFile 128
-----------------------------------------------------------------------

Index  Occur Time of last Occurence   Exception SourceId ProbeId
       ences
-----------------------------------------------------------------------
1      1     04.11.15 17:57:42:391 MSK javax.naming.NameNotFoundException com.ibm.ws.naming.jndicos.CNContextImpl.createSubcontext 756
2      1     04.11.15 17:57:38:922 MSK java.lang.ClassNotFoundException com.ibm.ws.runtime.component.MessageListenerImpl.initialize 83
3      1     04.11.15 17:57:44:109 MSK java.io.FileNotFoundException com.ibm.ejs.jms.DurableSubscriptionManagerImpl.readDurableSubscriptionFile 236
4      1     04.11.15 18:37:13:156 MSK java.net.SocketException com.ibm.ws.webcontainer.srt.BufferedWriter.writeOut 416
5      3     04.11.15 18:36:03:656 MSK com.ibm.ws.naming.jcache.CacheEntryNotFoundException com.ibm.ws.naming.util.WsnInitCtxFactory.getInitialContextInternal 367
6      1     04.11.15 17:57:43:234 MSK java.lang.NullPointerException com.ibm.ws.utils.VUTrace.initialisation 584
7      3     04.11.15 17:57:42:688 MSK org.omg.CosNaming.NamingContextPackage.AlreadyBound com.ibm.ws.naming.jndicos.CNContextImpl.doCreateSubcontext 2155
8      1     04.11.15 17:57:42:328 MSK org.omg.CosNaming.NamingContextPackage.NotFound com.ibm.ws.naming.jndicos.CNContextImpl.doCreateSubcontext 2161
9      3     04.11.15 17:57:42:688 MSK javax.naming.NameAlreadyBoundException com.ibm.ws.naming.ipcos.WsnOptimizedNamingImpl.do_bind_new_corba_context 1042
10     1     04.11.15 17:57:40:062 MSK java.lang.ClassNotFoundException com.ibm.ws.activity.ActivityServiceInterceptor.loadMigrationImpls 424
11     4     04.11.15 17:57:43:609 MSK javax.naming.NameNotFoundException com.ibm.ws.naming.urlbase.UrlContext.lookup 1226
12     3     04.11.15 17:57:42:688 MSK javax.naming.NameAlreadyBoundException com.ibm.ws.naming.jndicos.CNContextImpl.createSubcontext 756
13     2     04.11.15 17:57:43:609 MSK javax.naming.NameNotFoundException com.ibm.ws.naming.urlbase.UrlContext.lookup 1252
14     1     04.11.15 17:57:42:281 MSK org.omg.CosNaming.NamingContextPackage.NotFound com.ibm.ws.naming.cosbase.WsnOptimizedNamingImplBase.bind_new_corba_context 944
15     168   04.11.15 18:36:04:750 MSK java.lang.ClassNotFoundException com.ibm.ws.classloader.CompoundClassLoader.loadClass 248
16     1     04.11.15 17:57:39:078 MSK java.io.FileNotFoundException com.ibm.ejs.jms.listener.AsyncMessageLog.readRequestLogFile 128
-----------------------------------------------------------------------

Index  Occur Time of last Occurence   Exception SourceId ProbeId
       ences
-----------------------------------------------------------------------
1      1     04.11.15 17:57:42:391 MSK javax.naming.NameNotFoundException com.ibm.ws.naming.jndicos.CNContextImpl.createSubcontext 756
2      1     04.11.15 17:57:38:922 MSK java.lang.ClassNotFoundException com.ibm.ws.runtime.component.MessageListenerImpl.initialize 83
3      1     04.11.15 17:57:44:109 MSK java.io.FileNotFoundException com.ibm.ejs.jms.DurableSubscriptionManagerImpl.readDurableSubscriptionFile 236
4      4     04.11.15 18:37:15:344 MSK java.net.SocketException com.ibm.ws.webcontainer.srt.BufferedWriter.writeOut 416
5      3     04.11.15 18:36:03:656 MSK com.ibm.ws.naming.jcache.CacheEntryNotFoundException com.ibm.ws.naming.util.WsnInitCtxFactory.getInitialContextInternal 367
6      1     04.11.15 17:57:43:234 MSK java.lang.NullPointerException com.ibm.ws.utils.VUTrace.initialisation 584
7      3     04.11.15 17:57:42:688 MSK org.omg.CosNaming.NamingContextPackage.AlreadyBound com.ibm.ws.naming.jndicos.CNContextImpl.doCreateSubcontext 2155
8      1     04.11.15 17:57:42:328 MSK org.omg.CosNaming.NamingContextPackage.NotFound com.ibm.ws.naming.jndicos.CNContextImpl.doCreateSubcontext 2161
9      3     04.11.15 17:57:42:688 MSK javax.naming.NameAlreadyBoundException com.ibm.ws.naming.ipcos.WsnOptimizedNamingImpl.do_bind_new_corba_context 1042
10     1     04.11.15 17:57:40:062 MSK java.lang.ClassNotFoundException com.ibm.ws.activity.ActivityServiceInterceptor.loadMigrationImpls 424
11     4     04.11.15 17:57:43:609 MSK javax.naming.NameNotFoundException com.ibm.ws.naming.urlbase.UrlContext.lookup 1226
12     3     04.11.15 17:57:42:688 MSK javax.naming.NameAlreadyBoundException com.ibm.ws.naming.jndicos.CNContextImpl.createSubcontext 756
13     2     04.11.15 17:57:43:609 MSK javax.naming.NameNotFoundException com.ibm.ws.naming.urlbase.UrlContext.lookup 1252
14     1     04.11.15 17:57:42:281 MSK org.omg.CosNaming.NamingContextPackage.NotFound com.ibm.ws.naming.cosbase.WsnOptimizedNamingImplBase.bind_new_corba_context 944
15     180   04.11.15 18:37:41:109 MSK java.lang.ClassNotFoundException com.ibm.ws.classloader.CompoundClassLoader.loadClass 248
16     1     04.11.15 17:57:39:078 MSK java.io.FileNotFoundException com.ibm.ejs.jms.listener.AsyncMessageLog.readRequestLogFile 128
-----------------------------------------------------------------------

Index  Occur Time of last Occurence   Exception SourceId ProbeId
       ences
-----------------------------------------------------------------------
1      1     04.11.15 17:57:42:391 MSK javax.naming.NameNotFoundException com.ibm.ws.naming.jndicos.CNContextImpl.createSubcontext 756
2      1     04.11.15 17:57:38:922 MSK java.lang.ClassNotFoundException com.ibm.ws.runtime.component.MessageListenerImpl.initialize 83
3      1     04.11.15 17:57:44:109 MSK java.io.FileNotFoundException com.ibm.ejs.jms.DurableSubscriptionManagerImpl.readDurableSubscriptionFile 236
4      4     04.11.15 18:37:15:344 MSK java.net.SocketException com.ibm.ws.webcontainer.srt.BufferedWriter.writeOut 416
5      3     04.11.15 18:36:03:656 MSK com.ibm.ws.naming.jcache.CacheEntryNotFoundException com.ibm.ws.naming.util.WsnInitCtxFactory.getInitialContextInternal 367
6      1     04.11.15 17:57:43:234 MSK java.lang.NullPointerException com.ibm.ws.utils.VUTrace.initialisation 584
7      3     04.11.15 17:57:42:688 MSK org.omg.CosNaming.NamingContextPackage.AlreadyBound com.ibm.ws.naming.jndicos.CNContextImpl.doCreateSubcontext 2155
8      1     04.11.15 17:57:42:328 MSK org.omg.CosNaming.NamingContextPackage.NotFound com.ibm.ws.naming.jndicos.CNContextImpl.doCreateSubcontext 2161
9      3     04.11.15 17:57:42:688 MSK javax.naming.NameAlreadyBoundException com.ibm.ws.naming.ipcos.WsnOptimizedNamingImpl.do_bind_new_corba_context 1042
10     1     04.11.15 17:57:40:062 MSK java.lang.ClassNotFoundException com.ibm.ws.activity.ActivityServiceInterceptor.loadMigrationImpls 424
11     1     04.11.15 18:38:27:406 MSK javax.naming.NameNotFoundException com.ibm.ws.naming.ipcos.WsnOptimizedNamingImpl.do_unbind 264
12     4     04.11.15 17:57:43:609 MSK javax.naming.NameNotFoundException com.ibm.ws.naming.urlbase.UrlContext.lookup 1226
13     3     04.11.15 17:57:42:688 MSK javax.naming.NameAlreadyBoundException com.ibm.ws.naming.jndicos.CNContextImpl.createSubcontext 756
14     2     04.11.15 17:57:43:609 MSK javax.naming.NameNotFoundException com.ibm.ws.naming.urlbase.UrlContext.lookup 1252
15     1     04.11.15 17:57:42:281 MSK org.omg.CosNaming.NamingContextPackage.NotFound com.ibm.ws.naming.cosbase.WsnOptimizedNamingImplBase.bind_new_corba_context 944
16     180   04.11.15 18:37:41:109 MSK java.lang.ClassNotFoundException com.ibm.ws.classloader.CompoundClassLoader.loadClass 248
17     1     04.11.15 17:57:39:078 MSK java.io.FileNotFoundException com.ibm.ejs.jms.listener.AsyncMessageLog.readRequestLogFile 128
-----------------------------------------------------------------------
+18     1     04.11.15 18:38:27:469 MSK org.omg.CosNaming.NamingContextPackage.NotFound com.ibm.ws.naming.cosbase.WsnOptimizedNamingImplBase.unbind 409
+19     1     04.11.15 18:38:32:562 MSK java.util.MissingResourceException com.ibm.ejs.sm.client.ui.NLS.NLS 166

Index  Occur Time of last Occurence   Exception SourceId ProbeId
       ences
-----------------------------------------------------------------------
1      1     04.11.16 17:00:33:391 MSK java.lang.ClassNotFoundException com.ibm.ws.runtime.component.MessageListenerImpl.initialize 83
-----------------------------------------------------------------------
+2      1     04.11.16 17:00:33:828 MSK java.io.FileNotFoundException com.ibm.ejs.jms.listener.AsyncMessageLog.readRequestLogFile 128
+3      1     04.11.16 17:00:36:422 MSK java.lang.ClassNotFoundException com.ibm.ws.activity.ActivityServiceInterceptor.loadMigrationImpls 424
+4      1     04.11.16 17:00:38:812 MSK com.ibm.ws.naming.jcache.CacheEntryNotFoundException com.ibm.ws.naming.util.WsnInitCtxFactory.getInitialContextInternal 367
+5      1     04.11.16 17:00:39:984 MSK org.omg.CosNaming.NamingContextPackage.NotFound com.ibm.ws.naming.cosbase.WsnOptimizedNamingImplBase.bind_new_corba_context 944
+6      1     04.11.16 17:00:40:047 MSK org.omg.CosNaming.NamingContextPackage.NotFound com.ibm.ws.naming.jndicos.CNContextImpl.doCreateSubcontext 2161
+7      1     04.11.16 17:00:40:109 MSK javax.naming.NameNotFoundException com.ibm.ws.naming.jndicos.CNContextImpl.createSubcontext 756
+8      1     04.11.16 17:00:40:188 MSK javax.naming.NameAlreadyBoundException com.ibm.ws.naming.ipcos.WsnOptimizedNamingImpl.do_bind_new_corba_context 1042
+9      1     04.11.16 17:00:40:250 MSK org.omg.CosNaming.NamingContextPackage.AlreadyBound com.ibm.ws.naming.jndicos.CNContextImpl.doCreateSubcontext 2155
+10     1     04.11.16 17:00:40:312 MSK javax.naming.NameAlreadyBoundException com.ibm.ws.naming.jndicos.CNContextImpl.createSubcontext 756
+11     1     04.11.16 17:00:41:062 MSK java.lang.NullPointerException com.ibm.ws.utils.VUTrace.initialisation 584
+12     1     04.11.16 17:00:41:375 MSK javax.naming.NameNotFoundException com.ibm.ws.naming.urlbase.UrlContext.lookup 1226
+13     1     04.11.16 17:00:41:438 MSK javax.naming.NameNotFoundException com.ibm.ws.naming.urlbase.UrlContext.lookup 1252
+14     1     04.11.16 17:00:42:031 MSK java.io.FileNotFoundException com.ibm.ejs.jms.DurableSubscriptionManagerImpl.readDurableSubscriptionFile 236
+15     1     04.11.16 17:00:45:969 MSK java.lang.ClassNotFoundException com.ibm.ws.classloader.CompoundClassLoader.loadClass 248

Index  Occur Time of last Occurence   Exception SourceId ProbeId
       ences
-----------------------------------------------------------------------
1      1     04.11.16 17:00:40:109 MSK javax.naming.NameNotFoundException com.ibm.ws.naming.jndicos.CNContextImpl.createSubcontext 756
2      1     04.11.16 17:00:33:391 MSK java.lang.ClassNotFoundException com.ibm.ws.runtime.component.MessageListenerImpl.initialize 83
3      1     04.11.16 17:00:42:031 MSK java.io.FileNotFoundException com.ibm.ejs.jms.DurableSubscriptionManagerImpl.readDurableSubscriptionFile 236
4      2     04.11.16 17:00:46:281 MSK com.ibm.ws.naming.jcache.CacheEntryNotFoundException com.ibm.ws.naming.util.WsnInitCtxFactory.getInitialContextInternal 367
5      1     04.11.16 17:00:41:062 MSK java.lang.NullPointerException com.ibm.ws.utils.VUTrace.initialisation 584
6      3     04.11.16 17:00:40:453 MSK org.omg.CosNaming.NamingContextPackage.AlreadyBound com.ibm.ws.naming.jndicos.CNContextImpl.doCreateSubcontext 2155
7      1     04.11.16 17:00:40:047 MSK org.omg.CosNaming.NamingContextPackage.NotFound com.ibm.ws.naming.jndicos.CNContextImpl.doCreateSubcontext 2161
8      3     04.11.16 17:00:40:453 MSK javax.naming.NameAlreadyBoundException com.ibm.ws.naming.ipcos.WsnOptimizedNamingImpl.do_bind_new_corba_context 1042
9      1     04.11.16 17:00:36:422 MSK java.lang.ClassNotFoundException com.ibm.ws.activity.ActivityServiceInterceptor.loadMigrationImpls 424
10     4     04.11.16 17:00:41:500 MSK javax.naming.NameNotFoundException com.ibm.ws.naming.urlbase.UrlContext.lookup 1226
11     3     04.11.16 17:00:40:453 MSK javax.naming.NameAlreadyBoundException com.ibm.ws.naming.jndicos.CNContextImpl.createSubcontext 756
12     2     04.11.16 17:00:41:500 MSK javax.naming.NameNotFoundException com.ibm.ws.naming.urlbase.UrlContext.lookup 1252
13     1     04.11.16 17:00:39:984 MSK org.omg.CosNaming.NamingContextPackage.NotFound com.ibm.ws.naming.cosbase.WsnOptimizedNamingImplBase.bind_new_corba_context 944
14     105   04.11.16 17:07:21:922 MSK java.lang.ClassNotFoundException com.ibm.ws.classloader.CompoundClassLoader.loadClass 248
15     1     04.11.16 17:00:33:828 MSK java.io.FileNotFoundException com.ibm.ejs.jms.listener.AsyncMessageLog.readRequestLogFile 128
-----------------------------------------------------------------------

Index  Occur Time of last Occurence   Exception SourceId ProbeId
       ences
-----------------------------------------------------------------------
1      1     04.11.16 17:00:40:109 MSK javax.naming.NameNotFoundException com.ibm.ws.naming.jndicos.CNContextImpl.createSubcontext 756
2      1     04.11.16 17:00:33:391 MSK java.lang.ClassNotFoundException com.ibm.ws.runtime.component.MessageListenerImpl.initialize 83
3      1     04.11.16 17:00:42:031 MSK java.io.FileNotFoundException com.ibm.ejs.jms.DurableSubscriptionManagerImpl.readDurableSubscriptionFile 236
4      3     04.11.16 17:07:28:125 MSK com.ibm.ws.naming.jcache.CacheEntryNotFoundException com.ibm.ws.naming.util.WsnInitCtxFactory.getInitialContextInternal 367
5      1     04.11.16 17:00:41:062 MSK java.lang.NullPointerException com.ibm.ws.utils.VUTrace.initialisation 584
6      3     04.11.16 17:00:40:453 MSK org.omg.CosNaming.NamingContextPackage.AlreadyBound com.ibm.ws.naming.jndicos.CNContextImpl.doCreateSubcontext 2155
7      1     04.11.16 17:00:40:047 MSK org.omg.CosNaming.NamingContextPackage.NotFound com.ibm.ws.naming.jndicos.CNContextImpl.doCreateSubcontext 2161
8      3     04.11.16 17:00:40:453 MSK javax.naming.NameAlreadyBoundException com.ibm.ws.naming.ipcos.WsnOptimizedNamingImpl.do_bind_new_corba_context 1042
9      1     04.11.16 17:00:36:422 MSK java.lang.ClassNotFoundException com.ibm.ws.activity.ActivityServiceInterceptor.loadMigrationImpls 424
10     4     04.11.16 17:00:41:500 MSK javax.naming.NameNotFoundException com.ibm.ws.naming.urlbase.UrlContext.lookup 1226
11     3     04.11.16 17:00:40:453 MSK javax.naming.NameAlreadyBoundException com.ibm.ws.naming.jndicos.CNContextImpl.createSubcontext 756
12     2     04.11.16 17:00:41:500 MSK javax.naming.NameNotFoundException com.ibm.ws.naming.urlbase.UrlContext.lookup 1252
13     1     04.11.16 17:00:39:984 MSK org.omg.CosNaming.NamingContextPackage.NotFound com.ibm.ws.naming.cosbase.WsnOptimizedNamingImplBase.bind_new_corba_context 944
14     168   04.11.16 17:07:31:812 MSK java.lang.ClassNotFoundException com.ibm.ws.classloader.CompoundClassLoader.loadClass 248
15     1     04.11.16 17:21:11:047 MSK java.util.MissingResourceException com.ibm.ejs.sm.client.ui.NLS.NLS 166
16     1     04.11.16 17:00:33:828 MSK java.io.FileNotFoundException com.ibm.ejs.jms.listener.AsyncMessageLog.readRequestLogFile 128
-----------------------------------------------------------------------

Index  Occur Time of last Occurence   Exception SourceId ProbeId
       ences
-----------------------------------------------------------------------
1      1     04.11.16 17:00:40:109 MSK javax.naming.NameNotFoundException com.ibm.ws.naming.jndicos.CNContextImpl.createSubcontext 756
2      1     04.11.16 17:00:33:391 MSK java.lang.ClassNotFoundException com.ibm.ws.runtime.component.MessageListenerImpl.initialize 83
3      1     04.11.16 17:00:42:031 MSK java.io.FileNotFoundException com.ibm.ejs.jms.DurableSubscriptionManagerImpl.readDurableSubscriptionFile 236
4      5     04.11.16 17:21:30:141 MSK com.ibm.ws.naming.jcache.CacheEntryNotFoundException com.ibm.ws.naming.util.WsnInitCtxFactory.getInitialContextInternal 367
5      1     04.11.16 17:00:41:062 MSK java.lang.NullPointerException com.ibm.ws.utils.VUTrace.initialisation 584
6      3     04.11.16 17:00:40:453 MSK org.omg.CosNaming.NamingContextPackage.AlreadyBound com.ibm.ws.naming.jndicos.CNContextImpl.doCreateSubcontext 2155
7      1     04.11.16 17:00:40:047 MSK org.omg.CosNaming.NamingContextPackage.NotFound com.ibm.ws.naming.jndicos.CNContextImpl.doCreateSubcontext 2161
8      3     04.11.16 17:00:40:453 MSK javax.naming.NameAlreadyBoundException com.ibm.ws.naming.ipcos.WsnOptimizedNamingImpl.do_bind_new_corba_context 1042
9      1     04.11.16 17:00:36:422 MSK java.lang.ClassNotFoundException com.ibm.ws.activity.ActivityServiceInterceptor.loadMigrationImpls 424
10     4     04.11.16 17:00:41:500 MSK javax.naming.NameNotFoundException com.ibm.ws.naming.urlbase.UrlContext.lookup 1226
11     3     04.11.16 17:00:40:453 MSK javax.naming.NameAlreadyBoundException com.ibm.ws.naming.jndicos.CNContextImpl.createSubcontext 756
12     2     04.11.16 17:00:41:500 MSK javax.naming.NameNotFoundException com.ibm.ws.naming.urlbase.UrlContext.lookup 1252
13     1     04.11.16 17:00:39:984 MSK org.omg.CosNaming.NamingContextPackage.NotFound com.ibm.ws.naming.cosbase.WsnOptimizedNamingImplBase.bind_new_corba_context 944
14     425   04.11.16 17:22:05:422 MSK java.lang.ClassNotFoundException com.ibm.ws.classloader.CompoundClassLoader.loadClass 248
15     1     04.11.16 17:21:11:047 MSK java.util.MissingResourceException com.ibm.ejs.sm.client.ui.NLS.NLS 166
16     1     04.11.16 17:00:33:828 MSK java.io.FileNotFoundException com.ibm.ejs.jms.listener.AsyncMessageLog.readRequestLogFile 128
-----------------------------------------------------------------------

Index  Occur Time of last Occurence   Exception SourceId ProbeId
       ences
-----------------------------------------------------------------------
1      1     04.11.16 17:00:40:109 MSK javax.naming.NameNotFoundException com.ibm.ws.naming.jndicos.CNContextImpl.createSubcontext 756
2      1     04.11.16 17:00:33:391 MSK java.lang.ClassNotFoundException com.ibm.ws.runtime.component.MessageListenerImpl.initialize 83
3      1     04.11.16 17:00:42:031 MSK java.io.FileNotFoundException com.ibm.ejs.jms.DurableSubscriptionManagerImpl.readDurableSubscriptionFile 236
4      5     04.11.16 17:21:30:141 MSK com.ibm.ws.naming.jcache.CacheEntryNotFoundException com.ibm.ws.naming.util.WsnInitCtxFactory.getInitialContextInternal 367
5      1     04.11.16 17:00:41:062 MSK java.lang.NullPointerException com.ibm.ws.utils.VUTrace.initialisation 584
6      3     04.11.16 17:00:40:453 MSK org.omg.CosNaming.NamingContextPackage.AlreadyBound com.ibm.ws.naming.jndicos.CNContextImpl.doCreateSubcontext 2155
7      1     04.11.16 17:00:40:047 MSK org.omg.CosNaming.NamingContextPackage.NotFound com.ibm.ws.naming.jndicos.CNContextImpl.doCreateSubcontext 2161
8      3     04.11.16 17:00:40:453 MSK javax.naming.NameAlreadyBoundException com.ibm.ws.naming.ipcos.WsnOptimizedNamingImpl.do_bind_new_corba_context 1042
9      1     04.11.16 17:00:36:422 MSK java.lang.ClassNotFoundException com.ibm.ws.activity.ActivityServiceInterceptor.loadMigrationImpls 424
10     1     04.11.16 18:35:58:250 MSK javax.naming.NameNotFoundException com.ibm.ws.naming.ipcos.WsnOptimizedNamingImpl.do_unbind 264
11     4     04.11.16 17:00:41:500 MSK javax.naming.NameNotFoundException com.ibm.ws.naming.urlbase.UrlContext.lookup 1226
12     3     04.11.16 17:00:40:453 MSK javax.naming.NameAlreadyBoundException com.ibm.ws.naming.jndicos.CNContextImpl.createSubcontext 756
13     2     04.11.16 17:00:41:500 MSK javax.naming.NameNotFoundException com.ibm.ws.naming.urlbase.UrlContext.lookup 1252
14     1     04.11.16 17:00:39:984 MSK org.omg.CosNaming.NamingContextPackage.NotFound com.ibm.ws.naming.cosbase.WsnOptimizedNamingImplBase.bind_new_corba_context 944
15     425   04.11.16 17:22:05:422 MSK java.lang.ClassNotFoundException com.ibm.ws.classloader.CompoundClassLoader.loadClass 248
16     1     04.11.16 17:21:11:047 MSK java.util.MissingResourceException com.ibm.ejs.sm.client.ui.NLS.NLS 166
17     1     04.11.16 17:00:33:828 MSK java.io.FileNotFoundException com.ibm.ejs.jms.listener.AsyncMessageLog.readRequestLogFile 128
-----------------------------------------------------------------------
+18     1     04.11.16 18:35:58:297 MSK org.omg.CosNaming.NamingContextPackage.NotFound com.ibm.ws.naming.cosbase.WsnOptimizedNamingImplBase.unbind 409
+19     1     04.11.16 18:36:03:531 MSK java.sql.SQLException com.ibm.ws.rsadapter.spi.WSStatementCache.destroy 272

Index  Occur Time of last Occurence   Exception SourceId ProbeId
       ences
-----------------------------------------------------------------------
1      1     04.11.17 17:26:38:656 MSK java.lang.ClassNotFoundException com.ibm.ws.runtime.component.MessageListenerImpl.initialize 83
-----------------------------------------------------------------------
+2      1     04.11.17 17:26:41:391 MSK java.io.FileNotFoundException com.ibm.ejs.jms.listener.AsyncMessageLog.readRequestLogFile 128
+3      1     04.11.17 17:26:44:297 MSK java.lang.ClassNotFoundException com.ibm.ws.activity.ActivityServiceInterceptor.loadMigrationImpls 424
+4      1     04.11.17 17:26:46:281 MSK com.ibm.ws.naming.jcache.CacheEntryNotFoundException com.ibm.ws.naming.util.WsnInitCtxFactory.getInitialContextInternal 367
+5      1     04.11.17 17:26:47:516 MSK org.omg.CosNaming.NamingContextPackage.NotFound com.ibm.ws.naming.cosbase.WsnOptimizedNamingImplBase.bind_new_corba_context 944
+6      1     04.11.17 17:26:47:578 MSK org.omg.CosNaming.NamingContextPackage.NotFound com.ibm.ws.naming.jndicos.CNContextImpl.doCreateSubcontext 2161
+7      1     04.11.17 17:26:47:641 MSK javax.naming.NameNotFoundException com.ibm.ws.naming.jndicos.CNContextImpl.createSubcontext 756
+8      1     04.11.17 17:26:47:719 MSK javax.naming.NameAlreadyBoundException com.ibm.ws.naming.ipcos.WsnOptimizedNamingImpl.do_bind_new_corba_context 1042
+9      1     04.11.17 17:26:47:766 MSK org.omg.CosNaming.NamingContextPackage.AlreadyBound com.ibm.ws.naming.jndicos.CNContextImpl.doCreateSubcontext 2155
+10     1     04.11.17 17:26:47:828 MSK javax.naming.NameAlreadyBoundException com.ibm.ws.naming.jndicos.CNContextImpl.createSubcontext 756
+11     1     04.11.17 17:26:48:578 MSK java.lang.NullPointerException com.ibm.ws.utils.VUTrace.initialisation 584
+12     1     04.11.17 17:26:48:906 MSK javax.naming.NameNotFoundException com.ibm.ws.naming.urlbase.UrlContext.lookup 1226
+13     1     04.11.17 17:26:48:969 MSK javax.naming.NameNotFoundException com.ibm.ws.naming.urlbase.UrlContext.lookup 1252
+14     1     04.11.17 17:26:49:562 MSK java.io.FileNotFoundException com.ibm.ejs.jms.DurableSubscriptionManagerImpl.readDurableSubscriptionFile 236
+15     1     04.11.17 17:26:53:453 MSK java.lang.ClassNotFoundException com.ibm.ws.classloader.CompoundClassLoader.loadClass 248

Index  Occur Time of last Occurence   Exception SourceId ProbeId
       ences
-----------------------------------------------------------------------
1      1     04.11.17 17:26:47:641 MSK javax.naming.NameNotFoundException com.ibm.ws.naming.jndicos.CNContextImpl.createSubcontext 756
2      1     04.11.17 17:26:38:656 MSK java.lang.ClassNotFoundException com.ibm.ws.runtime.component.MessageListenerImpl.initialize 83
3      1     04.11.17 17:26:49:562 MSK java.io.FileNotFoundException com.ibm.ejs.jms.DurableSubscriptionManagerImpl.readDurableSubscriptionFile 236
4      2     04.11.17 17:26:53:703 MSK com.ibm.ws.naming.jcache.CacheEntryNotFoundException com.ibm.ws.naming.util.WsnInitCtxFactory.getInitialContextInternal 367
5      1     04.11.17 17:26:48:578 MSK java.lang.NullPointerException com.ibm.ws.utils.VUTrace.initialisation 584
6      3     04.11.17 17:26:47:984 MSK org.omg.CosNaming.NamingContextPackage.AlreadyBound com.ibm.ws.naming.jndicos.CNContextImpl.doCreateSubcontext 2155
7      1     04.11.17 17:26:47:578 MSK org.omg.CosNaming.NamingContextPackage.NotFound com.ibm.ws.naming.jndicos.CNContextImpl.doCreateSubcontext 2161
8      3     04.11.17 17:26:47:984 MSK javax.naming.NameAlreadyBoundException com.ibm.ws.naming.ipcos.WsnOptimizedNamingImpl.do_bind_new_corba_context 1042
9      1     04.11.17 17:26:44:297 MSK java.lang.ClassNotFoundException com.ibm.ws.activity.ActivityServiceInterceptor.loadMigrationImpls 424
10     4     04.11.17 17:26:49:031 MSK javax.naming.NameNotFoundException com.ibm.ws.naming.urlbase.UrlContext.lookup 1226
11     3     04.11.17 17:26:47:984 MSK javax.naming.NameAlreadyBoundException com.ibm.ws.naming.jndicos.CNContextImpl.createSubcontext 756
12     2     04.11.17 17:26:49:031 MSK javax.naming.NameNotFoundException com.ibm.ws.naming.urlbase.UrlContext.lookup 1252
13     1     04.11.17 17:26:47:516 MSK org.omg.CosNaming.NamingContextPackage.NotFound com.ibm.ws.naming.cosbase.WsnOptimizedNamingImplBase.bind_new_corba_context 944
14     105   04.11.17 17:27:49:047 MSK java.lang.ClassNotFoundException com.ibm.ws.classloader.CompoundClassLoader.loadClass 248
15     1     04.11.17 17:26:41:391 MSK java.io.FileNotFoundException com.ibm.ejs.jms.listener.AsyncMessageLog.readRequestLogFile 128
-----------------------------------------------------------------------
+16     1     04.11.17 17:28:47:453 MSK java.util.MissingResourceException com.ibm.ejs.sm.client.ui.NLS.NLS 166

Index  Occur Time of last Occurence   Exception SourceId ProbeId
       ences
-----------------------------------------------------------------------
1      1     04.11.17 17:26:47:641 MSK javax.naming.NameNotFoundException com.ibm.ws.naming.jndicos.CNContextImpl.createSubcontext 756
2      1     04.11.17 17:26:38:656 MSK java.lang.ClassNotFoundException com.ibm.ws.runtime.component.MessageListenerImpl.initialize 83
3      1     04.11.17 17:26:49:562 MSK java.io.FileNotFoundException com.ibm.ejs.jms.DurableSubscriptionManagerImpl.readDurableSubscriptionFile 236
4      3     04.11.17 17:27:53:703 MSK com.ibm.ws.naming.jcache.CacheEntryNotFoundException com.ibm.ws.naming.util.WsnInitCtxFactory.getInitialContextInternal 367
5      1     04.11.17 17:26:48:578 MSK java.lang.NullPointerException com.ibm.ws.utils.VUTrace.initialisation 584
6      3     04.11.17 17:26:47:984 MSK org.omg.CosNaming.NamingContextPackage.AlreadyBound com.ibm.ws.naming.jndicos.CNContextImpl.doCreateSubcontext 2155
7      1     04.11.17 17:26:47:578 MSK org.omg.CosNaming.NamingContextPackage.NotFound com.ibm.ws.naming.jndicos.CNContextImpl.doCreateSubcontext 2161
8      3     04.11.17 17:26:47:984 MSK javax.naming.NameAlreadyBoundException com.ibm.ws.naming.ipcos.WsnOptimizedNamingImpl.do_bind_new_corba_context 1042
9      1     04.11.17 17:26:44:297 MSK java.lang.ClassNotFoundException com.ibm.ws.activity.ActivityServiceInterceptor.loadMigrationImpls 424
10     4     04.11.17 17:26:49:031 MSK javax.naming.NameNotFoundException com.ibm.ws.naming.urlbase.UrlContext.lookup 1226
11     3     04.11.17 17:26:47:984 MSK javax.naming.NameAlreadyBoundException com.ibm.ws.naming.jndicos.CNContextImpl.createSubcontext 756
12     2     04.11.17 17:26:49:031 MSK javax.naming.NameNotFoundException com.ibm.ws.naming.urlbase.UrlContext.lookup 1252
13     1     04.11.17 17:26:47:516 MSK org.omg.CosNaming.NamingContextPackage.NotFound com.ibm.ws.naming.cosbase.WsnOptimizedNamingImplBase.bind_new_corba_context 944
14     267   04.11.17 17:28:58:297 MSK java.lang.ClassNotFoundException com.ibm.ws.classloader.CompoundClassLoader.loadClass 248
15     1     04.11.17 17:28:47:453 MSK java.util.MissingResourceException com.ibm.ejs.sm.client.ui.NLS.NLS 166
16     1     04.11.17 17:26:41:391 MSK java.io.FileNotFoundException com.ibm.ejs.jms.listener.AsyncMessageLog.readRequestLogFile 128
-----------------------------------------------------------------------
+17     1     04.11.17 17:28:58:531 MSK java.lang.NullPointerException com.ibm.ws.webcontainer.jsp.servlet.JspServlet.service 655
+18     1     04.11.17 17:28:58:859 MSK java.lang.NullPointerException com.ibm.ws.webcontainer.servlet.ServletManager.doService 3891
+19     1     04.11.17 17:28:58:938 MSK java.lang.NullPointerException com.ibm.ws.webcontainer.servlet.StrictLifecycleServlet._service 1901
+20     1     04.11.17 17:28:59:062 MSK java.lang.NullPointerException com.ibm.ws.webcontainer.servlet.ServletInstance.service 2821
+21     1     04.11.17 17:28:59:141 MSK java.lang.NullPointerException com.ibm.ws.webcontainer.webapp.WebAppRequestDispatcher.handleWebAppDispatch 746
+22     1     04.11.17 17:28:59:234 MSK com.ibm.ws.webcontainer.servlet.exception.UncaughtServletException com.ibm.ws.webcontainer.webapp.WebAppRequestDispatcher.dispatch 428
+23     1     04.11.17 17:28:59:328 MSK com.ibm.ws.webcontainer.servlet.exception.UncaughtServletException com.ibm.ws.webcontainer.servlet.ServletManager.doService 389
+24     1     04.11.17 17:28:59:484 MSK com.ibm.ws.webcontainer.servlet.exception.UncaughtServletException com.ibm.ws.webcontainer.servlet.StrictLifecycleServlet._service 190
+25     1     04.11.17 17:28:59:562 MSK com.ibm.ws.webcontainer.servlet.exception.UncaughtServletException com.ibm.ws.webcontainer.servlet.ServletInstance.service 276
+26     1     04.11.17 17:28:59:703 MSK com.ibm.ws.webcontainer.servlet.exception.UncaughtServletException com.ibm.ws.webcontainer.webapp.WebAppRequestDispatcher.handleWebAppDispatch 740

Index  Occur Time of last Occurence   Exception SourceId ProbeId
       ences
-----------------------------------------------------------------------
1      1     04.11.17 17:28:59:562 MSK com.ibm.ws.webcontainer.servlet.exception.UncaughtServletException com.ibm.ws.webcontainer.servlet.ServletInstance.service 276
2      1     04.11.17 17:26:47:641 MSK javax.naming.NameNotFoundException com.ibm.ws.naming.jndicos.CNContextImpl.createSubcontext 756
3      1     04.11.17 17:28:59:484 MSK com.ibm.ws.webcontainer.servlet.exception.UncaughtServletException com.ibm.ws.webcontainer.servlet.StrictLifecycleServlet._service 190
4      1     04.11.17 17:26:38:656 MSK java.lang.ClassNotFoundException com.ibm.ws.runtime.component.MessageListenerImpl.initialize 83
5      1     04.11.17 17:26:49:562 MSK java.io.FileNotFoundException com.ibm.ejs.jms.DurableSubscriptionManagerImpl.readDurableSubscriptionFile 236
6      1     04.11.17 17:28:59:141 MSK java.lang.NullPointerException com.ibm.ws.webcontainer.webapp.WebAppRequestDispatcher.handleWebAppDispatch 746
7      5     04.11.17 17:29:01:750 MSK com.ibm.ws.naming.jcache.CacheEntryNotFoundException com.ibm.ws.naming.util.WsnInitCtxFactory.getInitialContextInternal 367
8      1     04.11.17 17:28:59:062 MSK java.lang.NullPointerException com.ibm.ws.webcontainer.servlet.ServletInstance.service 2821
9      1     04.11.17 17:26:48:578 MSK java.lang.NullPointerException com.ibm.ws.utils.VUTrace.initialisation 584
10     3     04.11.17 17:26:47:984 MSK org.omg.CosNaming.NamingContextPackage.AlreadyBound com.ibm.ws.naming.jndicos.CNContextImpl.doCreateSubcontext 2155
11     1     04.11.17 17:26:47:578 MSK org.omg.CosNaming.NamingContextPackage.NotFound com.ibm.ws.naming.jndicos.CNContextImpl.doCreateSubcontext 2161
12     1     04.11.17 17:28:59:703 MSK com.ibm.ws.webcontainer.servlet.exception.UncaughtServletException com.ibm.ws.webcontainer.webapp.WebAppRequestDispatcher.handleWebAppDispatch 740
13     3     04.11.17 17:26:47:984 MSK javax.naming.NameAlreadyBoundException com.ibm.ws.naming.ipcos.WsnOptimizedNamingImpl.do_bind_new_corba_context 1042
14     1     04.11.17 17:26:44:297 MSK java.lang.ClassNotFoundException com.ibm.ws.activity.ActivityServiceInterceptor.loadMigrationImpls 424
15     4     04.11.17 17:26:49:031 MSK javax.naming.NameNotFoundException com.ibm.ws.naming.urlbase.UrlContext.lookup 1226
16     1     04.11.17 17:28:58:938 MSK java.lang.NullPointerException com.ibm.ws.webcontainer.servlet.StrictLifecycleServlet._service 1901
17     3     04.11.17 17:26:47:984 MSK javax.naming.NameAlreadyBoundException com.ibm.ws.naming.jndicos.CNContextImpl.createSubcontext 756
18     2     04.11.17 17:26:49:031 MSK javax.naming.NameNotFoundException com.ibm.ws.naming.urlbase.UrlContext.lookup 1252
19     1     04.11.17 17:26:47:516 MSK org.omg.CosNaming.NamingContextPackage.NotFound com.ibm.ws.naming.cosbase.WsnOptimizedNamingImplBase.bind_new_corba_context 944
20     1     04.11.17 17:28:59:328 MSK com.ibm.ws.webcontainer.servlet.exception.UncaughtServletException com.ibm.ws.webcontainer.servlet.ServletManager.doService 389
21     333   04.11.17 17:29:01:781 MSK java.lang.ClassNotFoundException com.ibm.ws.classloader.CompoundClassLoader.loadClass 248
22     1     04.11.17 17:28:58:531 MSK java.lang.NullPointerException com.ibm.ws.webcontainer.jsp.servlet.JspServlet.service 655
23     1     04.11.17 17:28:47:453 MSK java.util.MissingResourceException com.ibm.ejs.sm.client.ui.NLS.NLS 166
24     1     04.11.17 17:26:41:391 MSK java.io.FileNotFoundException com.ibm.ejs.jms.listener.AsyncMessageLog.readRequestLogFile 128
25     1     04.11.17 17:28:58:859 MSK java.lang.NullPointerException com.ibm.ws.webcontainer.servlet.ServletManager.doService 3891
26     2     04.11.17 17:28:59:797 MSK com.ibm.ws.webcontainer.servlet.exception.UncaughtServletException com.ibm.ws.webcontainer.webapp.WebAppRequestDispatcher.dispatch 428
-----------------------------------------------------------------------
+27     1     04.11.17 17:29:53:094 MSK javax.naming.NameNotFoundException com.ibm.ws.naming.ipcos.WsnOptimizedNamingImpl.do_unbind 264
+28     1     04.11.17 17:29:53:141 MSK org.omg.CosNaming.NamingContextPackage.NotFound com.ibm.ws.naming.cosbase.WsnOptimizedNamingImplBase.unbind 409

Index  Occur Time of last Occurence   Exception SourceId ProbeId
       ences
-----------------------------------------------------------------------
1      1     04.11.18 17:05:38:094 MSK java.lang.ClassNotFoundException com.ibm.ws.runtime.component.MessageListenerImpl.initialize 83
-----------------------------------------------------------------------
+2      1     04.11.18 17:05:38:531 MSK java.io.FileNotFoundException com.ibm.ejs.jms.listener.AsyncMessageLog.readRequestLogFile 128
+3      1     04.11.18 17:05:41:078 MSK java.lang.ClassNotFoundException com.ibm.ws.activity.ActivityServiceInterceptor.loadMigrationImpls 424
+4      1     04.11.18 17:05:43:547 MSK com.ibm.ws.naming.jcache.CacheEntryNotFoundException com.ibm.ws.naming.util.WsnInitCtxFactory.getInitialContextInternal 367
+5      1     04.11.18 17:05:44:719 MSK org.omg.CosNaming.NamingContextPackage.NotFound com.ibm.ws.naming.cosbase.WsnOptimizedNamingImplBase.bind_new_corba_context 944
+6      1     04.11.18 17:05:44:781 MSK org.omg.CosNaming.NamingContextPackage.NotFound com.ibm.ws.naming.jndicos.CNContextImpl.doCreateSubcontext 2161
+7      1     04.11.18 17:05:44:844 MSK javax.naming.NameNotFoundException com.ibm.ws.naming.jndicos.CNContextImpl.createSubcontext 756
+8      1     04.11.18 17:05:44:922 MSK javax.naming.NameAlreadyBoundException com.ibm.ws.naming.ipcos.WsnOptimizedNamingImpl.do_bind_new_corba_context 1042
+9      1     04.11.18 17:05:44:984 MSK org.omg.CosNaming.NamingContextPackage.AlreadyBound com.ibm.ws.naming.jndicos.CNContextImpl.doCreateSubcontext 2155
+10     1     04.11.18 17:05:45:047 MSK javax.naming.NameAlreadyBoundException com.ibm.ws.naming.jndicos.CNContextImpl.createSubcontext 756
+11     1     04.11.18 17:05:45:812 MSK java.lang.NullPointerException com.ibm.ws.utils.VUTrace.initialisation 584
+12     1     04.11.18 17:05:46:141 MSK javax.naming.NameNotFoundException com.ibm.ws.naming.urlbase.UrlContext.lookup 1226
+13     1     04.11.18 17:05:46:203 MSK javax.naming.NameNotFoundException com.ibm.ws.naming.urlbase.UrlContext.lookup 1252
+14     1     04.11.18 17:05:46:812 MSK java.io.FileNotFoundException com.ibm.ejs.jms.DurableSubscriptionManagerImpl.readDurableSubscriptionFile 236
+15     1     04.11.18 17:05:50:703 MSK java.lang.ClassNotFoundException com.ibm.ws.classloader.CompoundClassLoader.loadClass 248

Index  Occur Time of last Occurence   Exception SourceId ProbeId
       ences
-----------------------------------------------------------------------
1      1     04.11.18 17:05:44:844 MSK javax.naming.NameNotFoundException com.ibm.ws.naming.jndicos.CNContextImpl.createSubcontext 756
2      1     04.11.18 17:05:38:094 MSK java.lang.ClassNotFoundException com.ibm.ws.runtime.component.MessageListenerImpl.initialize 83
3      1     04.11.18 17:05:46:812 MSK java.io.FileNotFoundException com.ibm.ejs.jms.DurableSubscriptionManagerImpl.readDurableSubscriptionFile 236
4      3     04.11.18 17:06:03:125 MSK com.ibm.ws.naming.jcache.CacheEntryNotFoundException com.ibm.ws.naming.util.WsnInitCtxFactory.getInitialContextInternal 367
5      1     04.11.18 17:05:45:812 MSK java.lang.NullPointerException com.ibm.ws.utils.VUTrace.initialisation 584
6      3     04.11.18 17:05:45:203 MSK org.omg.CosNaming.NamingContextPackage.AlreadyBound com.ibm.ws.naming.jndicos.CNContextImpl.doCreateSubcontext 2155
7      1     04.11.18 17:05:44:781 MSK org.omg.CosNaming.NamingContextPackage.NotFound com.ibm.ws.naming.jndicos.CNContextImpl.doCreateSubcontext 2161
8      3     04.11.18 17:05:45:203 MSK javax.naming.NameAlreadyBoundException com.ibm.ws.naming.ipcos.WsnOptimizedNamingImpl.do_bind_new_corba_context 1042
9      1     04.11.18 17:05:41:078 MSK java.lang.ClassNotFoundException com.ibm.ws.activity.ActivityServiceInterceptor.loadMigrationImpls 424
10     4     04.11.18 17:05:46:281 MSK javax.naming.NameNotFoundException com.ibm.ws.naming.urlbase.UrlContext.lookup 1226
11     3     04.11.18 17:05:45:203 MSK javax.naming.NameAlreadyBoundException com.ibm.ws.naming.jndicos.CNContextImpl.createSubcontext 756
12     2     04.11.18 17:05:46:281 MSK javax.naming.NameNotFoundException com.ibm.ws.naming.urlbase.UrlContext.lookup 1252
13     1     04.11.18 17:05:44:719 MSK org.omg.CosNaming.NamingContextPackage.NotFound com.ibm.ws.naming.cosbase.WsnOptimizedNamingImplBase.bind_new_corba_context 944
14     261   04.11.18 17:07:07:109 MSK java.lang.ClassNotFoundException com.ibm.ws.classloader.CompoundClassLoader.loadClass 248
15     1     04.11.18 17:05:38:531 MSK java.io.FileNotFoundException com.ibm.ejs.jms.listener.AsyncMessageLog.readRequestLogFile 128
-----------------------------------------------------------------------
+16     1     04.11.18 17:07:21:297 MSK java.sql.SQLException com.ibm.ws.rsadapter.spi.WSStatementCache.reallyPrepareStatement 235
+17     1     04.11.18 17:07:21:578 MSK java.sql.SQLException com.ibm.ws.rsadapter.jdbc.WSJdbcConnection.prepareStatementCommon 1584
+18     1     04.11.18 17:07:21:688 MSK java.rmi.RemoteException com.ibm.ejs.container.RemoteExceptionMappingStrategy.setUncheckedException 180

Index  Occur Time of last Occurence   Exception SourceId ProbeId
       ences
-----------------------------------------------------------------------
1      1     04.11.18 17:05:44:844 MSK javax.naming.NameNotFoundException com.ibm.ws.naming.jndicos.CNContextImpl.createSubcontext 756
2      1     04.11.18 17:05:38:094 MSK java.lang.ClassNotFoundException com.ibm.ws.runtime.component.MessageListenerImpl.initialize 83
3      1     04.11.18 17:05:46:812 MSK java.io.FileNotFoundException com.ibm.ejs.jms.DurableSubscriptionManagerImpl.readDurableSubscriptionFile 236
4      3     04.11.18 17:06:03:125 MSK com.ibm.ws.naming.jcache.CacheEntryNotFoundException com.ibm.ws.naming.util.WsnInitCtxFactory.getInitialContextInternal 367
5      1     04.11.18 17:05:45:812 MSK java.lang.NullPointerException com.ibm.ws.utils.VUTrace.initialisation 584
6      3     04.11.18 17:05:45:203 MSK org.omg.CosNaming.NamingContextPackage.AlreadyBound com.ibm.ws.naming.jndicos.CNContextImpl.doCreateSubcontext 2155
7      1     04.11.18 17:05:44:781 MSK org.omg.CosNaming.NamingContextPackage.NotFound com.ibm.ws.naming.jndicos.CNContextImpl.doCreateSubcontext 2161
8      1     04.11.18 17:07:21:688 MSK java.rmi.RemoteException com.ibm.ejs.container.RemoteExceptionMappingStrategy.setUncheckedException 180
9      3     04.11.18 17:05:45:203 MSK javax.naming.NameAlreadyBoundException com.ibm.ws.naming.ipcos.WsnOptimizedNamingImpl.do_bind_new_corba_context 1042
10     1     04.11.18 17:05:41:078 MSK java.lang.ClassNotFoundException com.ibm.ws.activity.ActivityServiceInterceptor.loadMigrationImpls 424
11     1     04.11.18 17:07:21:578 MSK java.sql.SQLException com.ibm.ws.rsadapter.jdbc.WSJdbcConnection.prepareStatementCommon 1584
12     4     04.11.18 17:05:46:281 MSK javax.naming.NameNotFoundException com.ibm.ws.naming.urlbase.UrlContext.lookup 1226
13     3     04.11.18 17:05:45:203 MSK javax.naming.NameAlreadyBoundException com.ibm.ws.naming.jndicos.CNContextImpl.createSubcontext 756
14     2     04.11.18 17:05:46:281 MSK javax.naming.NameNotFoundException com.ibm.ws.naming.urlbase.UrlContext.lookup 1252
15     1     04.11.18 17:05:44:719 MSK org.omg.CosNaming.NamingContextPackage.NotFound com.ibm.ws.naming.cosbase.WsnOptimizedNamingImplBase.bind_new_corba_context 944
16     290   04.11.18 17:07:21:234 MSK java.lang.ClassNotFoundException com.ibm.ws.classloader.CompoundClassLoader.loadClass 248
17     1     04.11.18 17:08:38:219 MSK java.sql.SQLException com.ibm.ws.rsadapter.jdbc.WSJdbcResultSet.getObject 1617
18     1     04.11.18 17:07:21:297 MSK java.sql.SQLException com.ibm.ws.rsadapter.spi.WSStatementCache.reallyPrepareStatement 235
19     1     04.11.18 17:05:38:531 MSK java.io.FileNotFoundException com.ibm.ejs.jms.listener.AsyncMessageLog.readRequestLogFile 128
-----------------------------------------------------------------------

Index  Occur Time of last Occurence   Exception SourceId ProbeId
       ences
-----------------------------------------------------------------------
1      1     04.11.18 17:05:44:844 MSK javax.naming.NameNotFoundException com.ibm.ws.naming.jndicos.CNContextImpl.createSubcontext 756
2      1     04.11.18 17:05:38:094 MSK java.lang.ClassNotFoundException com.ibm.ws.runtime.component.MessageListenerImpl.initialize 83
3      1     04.11.18 17:05:46:812 MSK java.io.FileNotFoundException com.ibm.ejs.jms.DurableSubscriptionManagerImpl.readDurableSubscriptionFile 236
4      3     04.11.18 17:06:03:125 MSK com.ibm.ws.naming.jcache.CacheEntryNotFoundException com.ibm.ws.naming.util.WsnInitCtxFactory.getInitialContextInternal 367
5      1     04.11.18 17:05:45:812 MSK java.lang.NullPointerException com.ibm.ws.utils.VUTrace.initialisation 584
6      3     04.11.18 17:05:45:203 MSK org.omg.CosNaming.NamingContextPackage.AlreadyBound com.ibm.ws.naming.jndicos.CNContextImpl.doCreateSubcontext 2155
7      1     04.11.18 17:05:44:781 MSK org.omg.CosNaming.NamingContextPackage.NotFound com.ibm.ws.naming.jndicos.CNContextImpl.doCreateSubcontext 2161
8      1     04.11.18 17:07:21:688 MSK java.rmi.RemoteException com.ibm.ejs.container.RemoteExceptionMappingStrategy.setUncheckedException 180
9      3     04.11.18 17:05:45:203 MSK javax.naming.NameAlreadyBoundException com.ibm.ws.naming.ipcos.WsnOptimizedNamingImpl.do_bind_new_corba_context 1042
10     1     04.11.18 17:05:41:078 MSK java.lang.ClassNotFoundException com.ibm.ws.activity.ActivityServiceInterceptor.loadMigrationImpls 424
11     1     04.11.18 17:07:21:578 MSK java.sql.SQLException com.ibm.ws.rsadapter.jdbc.WSJdbcConnection.prepareStatementCommon 1584
12     4     04.11.18 17:05:46:281 MSK javax.naming.NameNotFoundException com.ibm.ws.naming.urlbase.UrlContext.lookup 1226
13     3     04.11.18 17:05:45:203 MSK javax.naming.NameAlreadyBoundException com.ibm.ws.naming.jndicos.CNContextImpl.createSubcontext 756
14     2     04.11.18 17:05:46:281 MSK javax.naming.NameNotFoundException com.ibm.ws.naming.urlbase.UrlContext.lookup 1252
15     1     04.11.18 17:05:44:719 MSK org.omg.CosNaming.NamingContextPackage.NotFound com.ibm.ws.naming.cosbase.WsnOptimizedNamingImplBase.bind_new_corba_context 944
16     294   04.11.18 17:11:00:078 MSK java.lang.ClassNotFoundException com.ibm.ws.classloader.CompoundClassLoader.loadClass 248
17     5     04.11.18 17:14:18:844 MSK java.sql.SQLException com.ibm.ws.rsadapter.jdbc.WSJdbcResultSet.getObject 1617
18     1     04.11.18 17:07:21:297 MSK java.sql.SQLException com.ibm.ws.rsadapter.spi.WSStatementCache.reallyPrepareStatement 235
19     1     04.11.18 17:05:38:531 MSK java.io.FileNotFoundException com.ibm.ejs.jms.listener.AsyncMessageLog.readRequestLogFile 128
-----------------------------------------------------------------------

Index  Occur Time of last Occurence   Exception SourceId ProbeId
       ences
-----------------------------------------------------------------------
1      1     04.11.18 17:05:44:844 MSK javax.naming.NameNotFoundException com.ibm.ws.naming.jndicos.CNContextImpl.createSubcontext 756
2      1     04.11.18 17:05:38:094 MSK java.lang.ClassNotFoundException com.ibm.ws.runtime.component.MessageListenerImpl.initialize 83
3      1     04.11.18 17:05:46:812 MSK java.io.FileNotFoundException com.ibm.ejs.jms.DurableSubscriptionManagerImpl.readDurableSubscriptionFile 236
4      3     04.11.18 17:06:03:125 MSK com.ibm.ws.naming.jcache.CacheEntryNotFoundException com.ibm.ws.naming.util.WsnInitCtxFactory.getInitialContextInternal 367
5      1     04.11.18 17:05:45:812 MSK java.lang.NullPointerException com.ibm.ws.utils.VUTrace.initialisation 584
6      3     04.11.18 17:05:45:203 MSK org.omg.CosNaming.NamingContextPackage.AlreadyBound com.ibm.ws.naming.jndicos.CNContextImpl.doCreateSubcontext 2155
7      1     04.11.18 17:05:44:781 MSK org.omg.CosNaming.NamingContextPackage.NotFound com.ibm.ws.naming.jndicos.CNContextImpl.doCreateSubcontext 2161
8      1     04.11.18 17:07:21:688 MSK java.rmi.RemoteException com.ibm.ejs.container.RemoteExceptionMappingStrategy.setUncheckedException 180
9      3     04.11.18 17:05:45:203 MSK javax.naming.NameAlreadyBoundException com.ibm.ws.naming.ipcos.WsnOptimizedNamingImpl.do_bind_new_corba_context 1042
10     1     04.11.18 17:05:41:078 MSK java.lang.ClassNotFoundException com.ibm.ws.activity.ActivityServiceInterceptor.loadMigrationImpls 424
11     1     04.11.18 17:07:21:578 MSK java.sql.SQLException com.ibm.ws.rsadapter.jdbc.WSJdbcConnection.prepareStatementCommon 1584
12     4     04.11.18 17:05:46:281 MSK javax.naming.NameNotFoundException com.ibm.ws.naming.urlbase.UrlContext.lookup 1226
13     3     04.11.18 17:05:45:203 MSK javax.naming.NameAlreadyBoundException com.ibm.ws.naming.jndicos.CNContextImpl.createSubcontext 756
14     2     04.11.18 17:05:46:281 MSK javax.naming.NameNotFoundException com.ibm.ws.naming.urlbase.UrlContext.lookup 1252
15     1     04.11.18 17:05:44:719 MSK org.omg.CosNaming.NamingContextPackage.NotFound com.ibm.ws.naming.cosbase.WsnOptimizedNamingImplBase.bind_new_corba_context 944
16     299   04.11.18 17:14:34:438 MSK java.lang.ClassNotFoundException com.ibm.ws.classloader.CompoundClassLoader.loadClass 248
17     7     04.11.18 17:21:09:312 MSK java.sql.SQLException com.ibm.ws.rsadapter.jdbc.WSJdbcResultSet.getObject 1617
18     1     04.11.18 17:07:21:297 MSK java.sql.SQLException com.ibm.ws.rsadapter.spi.WSStatementCache.reallyPrepareStatement 235
19     1     04.11.18 17:05:38:531 MSK java.io.FileNotFoundException com.ibm.ejs.jms.listener.AsyncMessageLog.readRequestLogFile 128
-----------------------------------------------------------------------

Index  Occur Time of last Occurence   Exception SourceId ProbeId
       ences
-----------------------------------------------------------------------
1      1     04.11.18 17:05:44:844 MSK javax.naming.NameNotFoundException com.ibm.ws.naming.jndicos.CNContextImpl.createSubcontext 756
2      1     04.11.18 17:05:38:094 MSK java.lang.ClassNotFoundException com.ibm.ws.runtime.component.MessageListenerImpl.initialize 83
3      1     04.11.18 17:05:46:812 MSK java.io.FileNotFoundException com.ibm.ejs.jms.DurableSubscriptionManagerImpl.readDurableSubscriptionFile 236
4      3     04.11.18 17:06:03:125 MSK com.ibm.ws.naming.jcache.CacheEntryNotFoundException com.ibm.ws.naming.util.WsnInitCtxFactory.getInitialContextInternal 367
5      1     04.11.18 17:05:45:812 MSK java.lang.NullPointerException com.ibm.ws.utils.VUTrace.initialisation 584
6      3     04.11.18 17:05:45:203 MSK org.omg.CosNaming.NamingContextPackage.AlreadyBound com.ibm.ws.naming.jndicos.CNContextImpl.doCreateSubcontext 2155
7      1     04.11.18 17:05:44:781 MSK org.omg.CosNaming.NamingContextPackage.NotFound com.ibm.ws.naming.jndicos.CNContextImpl.doCreateSubcontext 2161
8      1     04.11.18 17:07:21:688 MSK java.rmi.RemoteException com.ibm.ejs.container.RemoteExceptionMappingStrategy.setUncheckedException 180
9      3     04.11.18 17:05:45:203 MSK javax.naming.NameAlreadyBoundException com.ibm.ws.naming.ipcos.WsnOptimizedNamingImpl.do_bind_new_corba_context 1042
10     1     04.11.18 17:05:41:078 MSK java.lang.ClassNotFoundException com.ibm.ws.activity.ActivityServiceInterceptor.loadMigrationImpls 424
11     1     04.11.18 17:07:21:578 MSK java.sql.SQLException com.ibm.ws.rsadapter.jdbc.WSJdbcConnection.prepareStatementCommon 1584
12     4     04.11.18 17:05:46:281 MSK javax.naming.NameNotFoundException com.ibm.ws.naming.urlbase.UrlContext.lookup 1226
13     3     04.11.18 17:05:45:203 MSK javax.naming.NameAlreadyBoundException com.ibm.ws.naming.jndicos.CNContextImpl.createSubcontext 756
14     2     04.11.18 17:05:46:281 MSK javax.naming.NameNotFoundException com.ibm.ws.naming.urlbase.UrlContext.lookup 1252
15     1     04.11.18 17:05:44:719 MSK org.omg.CosNaming.NamingContextPackage.NotFound com.ibm.ws.naming.cosbase.WsnOptimizedNamingImplBase.bind_new_corba_context 944
16     299   04.11.18 17:14:34:438 MSK java.lang.ClassNotFoundException com.ibm.ws.classloader.CompoundClassLoader.loadClass 248
17     10    04.11.18 17:26:11:172 MSK java.sql.SQLException com.ibm.ws.rsadapter.jdbc.WSJdbcResultSet.getObject 1617
18     1     04.11.18 17:07:21:297 MSK java.sql.SQLException com.ibm.ws.rsadapter.spi.WSStatementCache.reallyPrepareStatement 235
19     1     04.11.18 17:05:38:531 MSK java.io.FileNotFoundException com.ibm.ejs.jms.listener.AsyncMessageLog.readRequestLogFile 128
-----------------------------------------------------------------------
+20     1     04.11.18 17:30:45:703 MSK java.util.MissingResourceException com.ibm.ejs.sm.client.ui.NLS.NLS 166

Index  Occur Time of last Occurence   Exception SourceId ProbeId
       ences
-----------------------------------------------------------------------
1      1     04.11.18 17:05:44:844 MSK javax.naming.NameNotFoundException com.ibm.ws.naming.jndicos.CNContextImpl.createSubcontext 756
2      1     04.11.18 17:05:38:094 MSK java.lang.ClassNotFoundException com.ibm.ws.runtime.component.MessageListenerImpl.initialize 83
3      1     04.11.18 17:05:46:812 MSK java.io.FileNotFoundException com.ibm.ejs.jms.DurableSubscriptionManagerImpl.readDurableSubscriptionFile 236
4      3     04.11.18 17:06:03:125 MSK com.ibm.ws.naming.jcache.CacheEntryNotFoundException com.ibm.ws.naming.util.WsnInitCtxFactory.getInitialContextInternal 367
5      1     04.11.18 17:05:45:812 MSK java.lang.NullPointerException com.ibm.ws.utils.VUTrace.initialisation 584
6      3     04.11.18 17:05:45:203 MSK org.omg.CosNaming.NamingContextPackage.AlreadyBound com.ibm.ws.naming.jndicos.CNContextImpl.doCreateSubcontext 2155
7      1     04.11.18 17:05:44:781 MSK org.omg.CosNaming.NamingContextPackage.NotFound com.ibm.ws.naming.jndicos.CNContextImpl.doCreateSubcontext 2161
8      2     04.11.18 17:26:18:781 MSK java.rmi.RemoteException com.ibm.ejs.container.RemoteExceptionMappingStrategy.setUncheckedException 180
9      3     04.11.18 17:05:45:203 MSK javax.naming.NameAlreadyBoundException com.ibm.ws.naming.ipcos.WsnOptimizedNamingImpl.do_bind_new_corba_context 1042
10     1     04.11.18 17:05:41:078 MSK java.lang.ClassNotFoundException com.ibm.ws.activity.ActivityServiceInterceptor.loadMigrationImpls 424
11     2     04.11.18 17:26:18:766 MSK java.sql.SQLException com.ibm.ws.rsadapter.jdbc.WSJdbcConnection.prepareStatementCommon 1584
12     4     04.11.18 17:05:46:281 MSK javax.naming.NameNotFoundException com.ibm.ws.naming.urlbase.UrlContext.lookup 1226
13     3     04.11.18 17:05:45:203 MSK javax.naming.NameAlreadyBoundException com.ibm.ws.naming.jndicos.CNContextImpl.createSubcontext 756
14     2     04.11.18 17:05:46:281 MSK javax.naming.NameNotFoundException com.ibm.ws.naming.urlbase.UrlContext.lookup 1252
15     1     04.11.18 17:05:44:719 MSK org.omg.CosNaming.NamingContextPackage.NotFound com.ibm.ws.naming.cosbase.WsnOptimizedNamingImplBase.bind_new_corba_context 944
16     305   04.11.18 17:30:46:438 MSK java.lang.ClassNotFoundException com.ibm.ws.classloader.CompoundClassLoader.loadClass 248
17     11    04.11.18 17:26:45:422 MSK java.sql.SQLException com.ibm.ws.rsadapter.jdbc.WSJdbcResultSet.getObject 1617
18     1     04.11.18 17:30:45:703 MSK java.util.MissingResourceException com.ibm.ejs.sm.client.ui.NLS.NLS 166
19     2     04.11.18 17:26:18:766 MSK java.sql.SQLException com.ibm.ws.rsadapter.spi.WSStatementCache.reallyPrepareStatement 235
20     1     04.11.18 17:05:38:531 MSK java.io.FileNotFoundException com.ibm.ejs.jms.listener.AsyncMessageLog.readRequestLogFile 128
-----------------------------------------------------------------------
+21     1     04.11.18 17:31:34:688 MSK org.omg.CosNaming.NamingContextPackage.NotFound com.ibm.ws.naming.cosbase.WsnOptimizedNamingImplBase.resolve_complete_info 1045
+22     1     04.11.18 17:31:34:812 MSK org.omg.CosNaming.NamingContextPackage.NotFound com.ibm.ws.naming.jndicos.CNContextImpl.doLookup 1471
+23     1     04.11.18 17:31:35:016 MSK javax.naming.NameNotFoundException com.ibm.ws.naming.jndicos.CNContextImpl.lookup 1148

Index  Occur Time of last Occurence   Exception SourceId ProbeId
       ences
-----------------------------------------------------------------------
1      1     04.11.18 17:05:44:844 MSK javax.naming.NameNotFoundException com.ibm.ws.naming.jndicos.CNContextImpl.createSubcontext 756
2      1     04.11.18 17:05:38:094 MSK java.lang.ClassNotFoundException com.ibm.ws.runtime.component.MessageListenerImpl.initialize 83
3      1     04.11.18 17:05:46:812 MSK java.io.FileNotFoundException com.ibm.ejs.jms.DurableSubscriptionManagerImpl.readDurableSubscriptionFile 236
4      1     04.11.18 17:31:35:016 MSK javax.naming.NameNotFoundException com.ibm.ws.naming.jndicos.CNContextImpl.lookup 1148
5      3     04.11.18 17:06:03:125 MSK com.ibm.ws.naming.jcache.CacheEntryNotFoundException com.ibm.ws.naming.util.WsnInitCtxFactory.getInitialContextInternal 367
6      1     04.11.18 17:05:45:812 MSK java.lang.NullPointerException com.ibm.ws.utils.VUTrace.initialisation 584
7      3     04.11.18 17:05:45:203 MSK org.omg.CosNaming.NamingContextPackage.AlreadyBound com.ibm.ws.naming.jndicos.CNContextImpl.doCreateSubcontext 2155
8      1     04.11.18 17:05:44:781 MSK org.omg.CosNaming.NamingContextPackage.NotFound com.ibm.ws.naming.jndicos.CNContextImpl.doCreateSubcontext 2161
9      2     04.11.18 17:26:18:781 MSK java.rmi.RemoteException com.ibm.ejs.container.RemoteExceptionMappingStrategy.setUncheckedException 180
10     3     04.11.18 17:05:45:203 MSK javax.naming.NameAlreadyBoundException com.ibm.ws.naming.ipcos.WsnOptimizedNamingImpl.do_bind_new_corba_context 1042
11     1     04.11.18 17:31:34:812 MSK org.omg.CosNaming.NamingContextPackage.NotFound com.ibm.ws.naming.jndicos.CNContextImpl.doLookup 1471
12     1     04.11.18 17:05:41:078 MSK java.lang.ClassNotFoundException com.ibm.ws.activity.ActivityServiceInterceptor.loadMigrationImpls 424
13     2     04.11.18 17:26:18:766 MSK java.sql.SQLException com.ibm.ws.rsadapter.jdbc.WSJdbcConnection.prepareStatementCommon 1584
14     4     04.11.18 17:05:46:281 MSK javax.naming.NameNotFoundException com.ibm.ws.naming.urlbase.UrlContext.lookup 1226
15     1     04.11.18 17:31:34:688 MSK org.omg.CosNaming.NamingContextPackage.NotFound com.ibm.ws.naming.cosbase.WsnOptimizedNamingImplBase.resolve_complete_info 1045
16     3     04.11.18 17:05:45:203 MSK javax.naming.NameAlreadyBoundException com.ibm.ws.naming.jndicos.CNContextImpl.createSubcontext 756
17     2     04.11.18 17:05:46:281 MSK javax.naming.NameNotFoundException com.ibm.ws.naming.urlbase.UrlContext.lookup 1252
18     1     04.11.18 17:05:44:719 MSK org.omg.CosNaming.NamingContextPackage.NotFound com.ibm.ws.naming.cosbase.WsnOptimizedNamingImplBase.bind_new_corba_context 944
19     427   04.11.18 17:32:52:641 MSK java.lang.ClassNotFoundException com.ibm.ws.classloader.CompoundClassLoader.loadClass 248
20     11    04.11.18 17:26:45:422 MSK java.sql.SQLException com.ibm.ws.rsadapter.jdbc.WSJdbcResultSet.getObject 1617
21     1     04.11.18 17:30:45:703 MSK java.util.MissingResourceException com.ibm.ejs.sm.client.ui.NLS.NLS 166
22     2     04.11.18 17:26:18:766 MSK java.sql.SQLException com.ibm.ws.rsadapter.spi.WSStatementCache.reallyPrepareStatement 235
23     1     04.11.18 17:05:38:531 MSK java.io.FileNotFoundException com.ibm.ejs.jms.listener.AsyncMessageLog.readRequestLogFile 128
-----------------------------------------------------------------------

Index  Occur Time of last Occurence   Exception SourceId ProbeId
       ences
-----------------------------------------------------------------------
1      1     04.11.18 17:05:44:844 MSK javax.naming.NameNotFoundException com.ibm.ws.naming.jndicos.CNContextImpl.createSubcontext 756
2      1     04.11.18 17:05:38:094 MSK java.lang.ClassNotFoundException com.ibm.ws.runtime.component.MessageListenerImpl.initialize 83
3      1     04.11.18 17:05:46:812 MSK java.io.FileNotFoundException com.ibm.ejs.jms.DurableSubscriptionManagerImpl.readDurableSubscriptionFile 236
4      1     04.11.18 17:31:35:016 MSK javax.naming.NameNotFoundException com.ibm.ws.naming.jndicos.CNContextImpl.lookup 1148
5      3     04.11.18 17:06:03:125 MSK com.ibm.ws.naming.jcache.CacheEntryNotFoundException com.ibm.ws.naming.util.WsnInitCtxFactory.getInitialContextInternal 367
6      1     04.11.18 17:05:45:812 MSK java.lang.NullPointerException com.ibm.ws.utils.VUTrace.initialisation 584
7      3     04.11.18 17:05:45:203 MSK org.omg.CosNaming.NamingContextPackage.AlreadyBound com.ibm.ws.naming.jndicos.CNContextImpl.doCreateSubcontext 2155
8      1     04.11.18 17:05:44:781 MSK org.omg.CosNaming.NamingContextPackage.NotFound com.ibm.ws.naming.jndicos.CNContextImpl.doCreateSubcontext 2161
9      3     04.11.18 17:33:17:312 MSK java.rmi.RemoteException com.ibm.ejs.container.RemoteExceptionMappingStrategy.setUncheckedException 180
10     3     04.11.18 17:05:45:203 MSK javax.naming.NameAlreadyBoundException com.ibm.ws.naming.ipcos.WsnOptimizedNamingImpl.do_bind_new_corba_context 1042
11     1     04.11.18 17:31:34:812 MSK org.omg.CosNaming.NamingContextPackage.NotFound com.ibm.ws.naming.jndicos.CNContextImpl.doLookup 1471
12     1     04.11.18 17:05:41:078 MSK java.lang.ClassNotFoundException com.ibm.ws.activity.ActivityServiceInterceptor.loadMigrationImpls 424
13     2     04.11.18 17:26:18:766 MSK java.sql.SQLException com.ibm.ws.rsadapter.jdbc.WSJdbcConnection.prepareStatementCommon 1584
14     4     04.11.18 17:05:46:281 MSK javax.naming.NameNotFoundException com.ibm.ws.naming.urlbase.UrlContext.lookup 1226
15     1     04.11.18 17:31:34:688 MSK org.omg.CosNaming.NamingContextPackage.NotFound com.ibm.ws.naming.cosbase.WsnOptimizedNamingImplBase.resolve_complete_info 1045
16     3     04.11.18 17:05:45:203 MSK javax.naming.NameAlreadyBoundException com.ibm.ws.naming.jndicos.CNContextImpl.createSubcontext 756
17     2     04.11.18 17:05:46:281 MSK javax.naming.NameNotFoundException com.ibm.ws.naming.urlbase.UrlContext.lookup 1252
18     1     04.11.18 17:05:44:719 MSK org.omg.CosNaming.NamingContextPackage.NotFound com.ibm.ws.naming.cosbase.WsnOptimizedNamingImplBase.bind_new_corba_context 944
19     431   04.11.18 17:32:52:781 MSK java.lang.ClassNotFoundException com.ibm.ws.classloader.CompoundClassLoader.loadClass 248
20     11    04.11.18 17:26:45:422 MSK java.sql.SQLException com.ibm.ws.rsadapter.jdbc.WSJdbcResultSet.getObject 1617
21     1     04.11.18 17:30:45:703 MSK java.util.MissingResourceException com.ibm.ejs.sm.client.ui.NLS.NLS 166
22     2     04.11.18 17:26:18:766 MSK java.sql.SQLException com.ibm.ws.rsadapter.spi.WSStatementCache.reallyPrepareStatement 235
23     1     04.11.18 17:05:38:531 MSK java.io.FileNotFoundException com.ibm.ejs.jms.listener.AsyncMessageLog.readRequestLogFile 128
-----------------------------------------------------------------------
+24     1     04.11.18 17:33:38:766 MSK javax.naming.NameNotFoundException com.ibm.ws.naming.ipcos.WsnOptimizedNamingImpl.do_unbind 264
+25     1     04.11.18 17:33:38:828 MSK org.omg.CosNaming.NamingContextPackage.NotFound com.ibm.ws.naming.cosbase.WsnOptimizedNamingImplBase.unbind 409

Index  Occur Time of last Occurence   Exception SourceId ProbeId
       ences
-----------------------------------------------------------------------
1      1     04.11.18 17:35:57:516 MSK java.lang.ClassNotFoundException com.ibm.ws.runtime.component.MessageListenerImpl.initialize 83
-----------------------------------------------------------------------
+2      1     04.11.18 17:35:57:688 MSK java.io.FileNotFoundException com.ibm.ejs.jms.listener.AsyncMessageLog.readRequestLogFile 128
+3      1     04.11.18 17:35:58:672 MSK java.lang.ClassNotFoundException com.ibm.ws.activity.ActivityServiceInterceptor.loadMigrationImpls 424
+4      1     04.11.18 17:35:59:766 MSK com.ibm.ws.naming.jcache.CacheEntryNotFoundException com.ibm.ws.naming.util.WsnInitCtxFactory.getInitialContextInternal 367
+5      1     04.11.18 17:36:00:734 MSK org.omg.CosNaming.NamingContextPackage.NotFound com.ibm.ws.naming.cosbase.WsnOptimizedNamingImplBase.bind_new_corba_context 944
+6      1     04.11.18 17:36:00:797 MSK org.omg.CosNaming.NamingContextPackage.NotFound com.ibm.ws.naming.jndicos.CNContextImpl.doCreateSubcontext 2161
+7      1     04.11.18 17:36:00:859 MSK javax.naming.NameNotFoundException com.ibm.ws.naming.jndicos.CNContextImpl.createSubcontext 756
+8      1     04.11.18 17:36:00:938 MSK javax.naming.NameAlreadyBoundException com.ibm.ws.naming.ipcos.WsnOptimizedNamingImpl.do_bind_new_corba_context 1042
+9      1     04.11.18 17:36:01:000 MSK org.omg.CosNaming.NamingContextPackage.AlreadyBound com.ibm.ws.naming.jndicos.CNContextImpl.doCreateSubcontext 2155
+10     1     04.11.18 17:36:01:062 MSK javax.naming.NameAlreadyBoundException com.ibm.ws.naming.jndicos.CNContextImpl.createSubcontext 756
+11     1     04.11.18 17:36:01:750 MSK java.lang.NullPointerException com.ibm.ws.utils.VUTrace.initialisation 584
+12     1     04.11.18 17:36:02:000 MSK javax.naming.NameNotFoundException com.ibm.ws.naming.urlbase.UrlContext.lookup 1226
+13     1     04.11.18 17:36:02:078 MSK javax.naming.NameNotFoundException com.ibm.ws.naming.urlbase.UrlContext.lookup 1252
+14     1     04.11.18 17:36:02:641 MSK java.io.FileNotFoundException com.ibm.ejs.jms.DurableSubscriptionManagerImpl.readDurableSubscriptionFile 236
+15     1     04.11.18 17:36:05:938 MSK java.lang.ClassNotFoundException com.ibm.ws.classloader.CompoundClassLoader.loadClass 248

Index  Occur Time of last Occurence   Exception SourceId ProbeId
       ences
-----------------------------------------------------------------------
1      1     04.11.18 17:36:00:859 MSK javax.naming.NameNotFoundException com.ibm.ws.naming.jndicos.CNContextImpl.createSubcontext 756
2      1     04.11.18 17:35:57:516 MSK java.lang.ClassNotFoundException com.ibm.ws.runtime.component.MessageListenerImpl.initialize 83
3      1     04.11.18 17:36:02:641 MSK java.io.FileNotFoundException com.ibm.ejs.jms.DurableSubscriptionManagerImpl.readDurableSubscriptionFile 236
4      3     04.11.18 17:36:29:219 MSK com.ibm.ws.naming.jcache.CacheEntryNotFoundException com.ibm.ws.naming.util.WsnInitCtxFactory.getInitialContextInternal 367
5      1     04.11.18 17:36:01:750 MSK java.lang.NullPointerException com.ibm.ws.utils.VUTrace.initialisation 584
6      3     04.11.18 17:36:01:188 MSK org.omg.CosNaming.NamingContextPackage.AlreadyBound com.ibm.ws.naming.jndicos.CNContextImpl.doCreateSubcontext 2155
7      1     04.11.18 17:36:00:797 MSK org.omg.CosNaming.NamingContextPackage.NotFound com.ibm.ws.naming.jndicos.CNContextImpl.doCreateSubcontext 2161
8      3     04.11.18 17:36:01:188 MSK javax.naming.NameAlreadyBoundException com.ibm.ws.naming.ipcos.WsnOptimizedNamingImpl.do_bind_new_corba_context 1042
9      1     04.11.18 17:35:58:672 MSK java.lang.ClassNotFoundException com.ibm.ws.activity.ActivityServiceInterceptor.loadMigrationImpls 424
10     4     04.11.18 17:36:02:141 MSK javax.naming.NameNotFoundException com.ibm.ws.naming.urlbase.UrlContext.lookup 1226
11     3     04.11.18 17:36:01:188 MSK javax.naming.NameAlreadyBoundException com.ibm.ws.naming.jndicos.CNContextImpl.createSubcontext 756
12     2     04.11.18 17:36:02:141 MSK javax.naming.NameNotFoundException com.ibm.ws.naming.urlbase.UrlContext.lookup 1252
13     1     04.11.18 17:36:00:734 MSK org.omg.CosNaming.NamingContextPackage.NotFound com.ibm.ws.naming.cosbase.WsnOptimizedNamingImplBase.bind_new_corba_context 944
14     297   04.11.18 17:36:58:859 MSK java.lang.ClassNotFoundException com.ibm.ws.classloader.CompoundClassLoader.loadClass 248
15     1     04.11.18 17:35:57:688 MSK java.io.FileNotFoundException com.ibm.ejs.jms.listener.AsyncMessageLog.readRequestLogFile 128
-----------------------------------------------------------------------

Index  Occur Time of last Occurence   Exception SourceId ProbeId
       ences
-----------------------------------------------------------------------
1      1     04.11.18 17:36:00:859 MSK javax.naming.NameNotFoundException com.ibm.ws.naming.jndicos.CNContextImpl.createSubcontext 756
2      1     04.11.18 17:35:57:516 MSK java.lang.ClassNotFoundException com.ibm.ws.runtime.component.MessageListenerImpl.initialize 83
3      1     04.11.18 17:36:02:641 MSK java.io.FileNotFoundException com.ibm.ejs.jms.DurableSubscriptionManagerImpl.readDurableSubscriptionFile 236
4      3     04.11.18 17:36:29:219 MSK com.ibm.ws.naming.jcache.CacheEntryNotFoundException com.ibm.ws.naming.util.WsnInitCtxFactory.getInitialContextInternal 367
5      1     04.11.18 17:36:01:750 MSK java.lang.NullPointerException com.ibm.ws.utils.VUTrace.initialisation 584
6      3     04.11.18 17:36:01:188 MSK org.omg.CosNaming.NamingContextPackage.AlreadyBound com.ibm.ws.naming.jndicos.CNContextImpl.doCreateSubcontext 2155
7      1     04.11.18 17:36:00:797 MSK org.omg.CosNaming.NamingContextPackage.NotFound com.ibm.ws.naming.jndicos.CNContextImpl.doCreateSubcontext 2161
8      3     04.11.18 17:36:01:188 MSK javax.naming.NameAlreadyBoundException com.ibm.ws.naming.ipcos.WsnOptimizedNamingImpl.do_bind_new_corba_context 1042
9      1     04.11.18 17:35:58:672 MSK java.lang.ClassNotFoundException com.ibm.ws.activity.ActivityServiceInterceptor.loadMigrationImpls 424
10     4     04.11.18 17:36:02:141 MSK javax.naming.NameNotFoundException com.ibm.ws.naming.urlbase.UrlContext.lookup 1226
11     3     04.11.18 17:36:01:188 MSK javax.naming.NameAlreadyBoundException com.ibm.ws.naming.jndicos.CNContextImpl.createSubcontext 756
12     2     04.11.18 17:36:02:141 MSK javax.naming.NameNotFoundException com.ibm.ws.naming.urlbase.UrlContext.lookup 1252
13     1     04.11.18 17:36:00:734 MSK org.omg.CosNaming.NamingContextPackage.NotFound com.ibm.ws.naming.cosbase.WsnOptimizedNamingImplBase.bind_new_corba_context 944
14     302   04.11.18 17:37:13:562 MSK java.lang.ClassNotFoundException com.ibm.ws.classloader.CompoundClassLoader.loadClass 248
15     1     04.11.18 17:35:57:688 MSK java.io.FileNotFoundException com.ibm.ejs.jms.listener.AsyncMessageLog.readRequestLogFile 128
-----------------------------------------------------------------------
+16     1     04.11.18 17:37:46:094 MSK javax.naming.NameNotFoundException com.ibm.ws.naming.ipcos.WsnOptimizedNamingImpl.do_unbind 264
+17     1     04.11.18 17:37:46:156 MSK org.omg.CosNaming.NamingContextPackage.NotFound com.ibm.ws.naming.cosbase.WsnOptimizedNamingImplBase.unbind 409
+18     1     04.11.18 17:37:51:250 MSK java.util.MissingResourceException com.ibm.ejs.sm.client.ui.NLS.NLS 166

Index  Occur Time of last Occurence   Exception SourceId ProbeId
       ences
-----------------------------------------------------------------------
1      1     04.11.18 17:38:33:312 MSK java.lang.ClassNotFoundException com.ibm.ws.runtime.component.MessageListenerImpl.initialize 83
-----------------------------------------------------------------------
+2      1     04.11.18 17:38:33:500 MSK java.io.FileNotFoundException com.ibm.ejs.jms.listener.AsyncMessageLog.readRequestLogFile 128
+3      1     04.11.18 17:38:34:500 MSK java.lang.ClassNotFoundException com.ibm.ws.activity.ActivityServiceInterceptor.loadMigrationImpls 424
+4      1     04.11.18 17:38:35:609 MSK com.ibm.ws.naming.jcache.CacheEntryNotFoundException com.ibm.ws.naming.util.WsnInitCtxFactory.getInitialContextInternal 367
+5      1     04.11.18 17:38:36:562 MSK org.omg.CosNaming.NamingContextPackage.NotFound com.ibm.ws.naming.cosbase.WsnOptimizedNamingImplBase.bind_new_corba_context 944
+6      1     04.11.18 17:38:36:625 MSK org.omg.CosNaming.NamingContextPackage.NotFound com.ibm.ws.naming.jndicos.CNContextImpl.doCreateSubcontext 2161
+7      1     04.11.18 17:38:36:688 MSK javax.naming.NameNotFoundException com.ibm.ws.naming.jndicos.CNContextImpl.createSubcontext 756
+8      1     04.11.18 17:38:36:781 MSK javax.naming.NameAlreadyBoundException com.ibm.ws.naming.ipcos.WsnOptimizedNamingImpl.do_bind_new_corba_context 1042
+9      1     04.11.18 17:38:36:844 MSK org.omg.CosNaming.NamingContextPackage.AlreadyBound com.ibm.ws.naming.jndicos.CNContextImpl.doCreateSubcontext 2155
+10     1     04.11.18 17:38:36:891 MSK javax.naming.NameAlreadyBoundException com.ibm.ws.naming.jndicos.CNContextImpl.createSubcontext 756
+11     1     04.11.18 17:38:37:594 MSK java.lang.NullPointerException com.ibm.ws.utils.VUTrace.initialisation 584
+12     1     04.11.18 17:38:37:859 MSK javax.naming.NameNotFoundException com.ibm.ws.naming.urlbase.UrlContext.lookup 1226
+13     1     04.11.18 17:38:37:906 MSK javax.naming.NameNotFoundException com.ibm.ws.naming.urlbase.UrlContext.lookup 1252
+14     1     04.11.18 17:38:38:500 MSK java.io.FileNotFoundException com.ibm.ejs.jms.DurableSubscriptionManagerImpl.readDurableSubscriptionFile 236
+15     1     04.11.18 17:38:41:766 MSK java.lang.ClassNotFoundException com.ibm.ws.classloader.CompoundClassLoader.loadClass 248

Index  Occur Time of last Occurence   Exception SourceId ProbeId
       ences
-----------------------------------------------------------------------
1      1     04.11.18 17:38:36:688 MSK javax.naming.NameNotFoundException com.ibm.ws.naming.jndicos.CNContextImpl.createSubcontext 756
2      1     04.11.18 17:38:33:312 MSK java.lang.ClassNotFoundException com.ibm.ws.runtime.component.MessageListenerImpl.initialize 83
3      1     04.11.18 17:38:38:500 MSK java.io.FileNotFoundException com.ibm.ejs.jms.DurableSubscriptionManagerImpl.readDurableSubscriptionFile 236
4      3     04.11.18 17:38:52:469 MSK com.ibm.ws.naming.jcache.CacheEntryNotFoundException com.ibm.ws.naming.util.WsnInitCtxFactory.getInitialContextInternal 367
5      1     04.11.18 17:38:37:594 MSK java.lang.NullPointerException com.ibm.ws.utils.VUTrace.initialisation 584
6      3     04.11.18 17:38:37:031 MSK org.omg.CosNaming.NamingContextPackage.AlreadyBound com.ibm.ws.naming.jndicos.CNContextImpl.doCreateSubcontext 2155
7      1     04.11.18 17:38:36:625 MSK org.omg.CosNaming.NamingContextPackage.NotFound com.ibm.ws.naming.jndicos.CNContextImpl.doCreateSubcontext 2161
8      3     04.11.18 17:38:37:031 MSK javax.naming.NameAlreadyBoundException com.ibm.ws.naming.ipcos.WsnOptimizedNamingImpl.do_bind_new_corba_context 1042
9      1     04.11.18 17:38:34:500 MSK java.lang.ClassNotFoundException com.ibm.ws.activity.ActivityServiceInterceptor.loadMigrationImpls 424
10     4     04.11.18 17:38:37:984 MSK javax.naming.NameNotFoundException com.ibm.ws.naming.urlbase.UrlContext.lookup 1226
11     3     04.11.18 17:38:37:031 MSK javax.naming.NameAlreadyBoundException com.ibm.ws.naming.jndicos.CNContextImpl.createSubcontext 756
12     2     04.11.18 17:38:37:984 MSK javax.naming.NameNotFoundException com.ibm.ws.naming.urlbase.UrlContext.lookup 1252
13     1     04.11.18 17:38:36:562 MSK org.omg.CosNaming.NamingContextPackage.NotFound com.ibm.ws.naming.cosbase.WsnOptimizedNamingImplBase.bind_new_corba_context 944
14     305   04.11.18 17:39:45:984 MSK java.lang.ClassNotFoundException com.ibm.ws.classloader.CompoundClassLoader.loadClass 248
15     1     04.11.18 17:38:33:500 MSK java.io.FileNotFoundException com.ibm.ejs.jms.listener.AsyncMessageLog.readRequestLogFile 128
-----------------------------------------------------------------------

Index  Occur Time of last Occurence   Exception SourceId ProbeId
       ences
-----------------------------------------------------------------------
1      1     04.11.18 17:38:36:688 MSK javax.naming.NameNotFoundException com.ibm.ws.naming.jndicos.CNContextImpl.createSubcontext 756
2      1     04.11.18 17:38:33:312 MSK java.lang.ClassNotFoundException com.ibm.ws.runtime.component.MessageListenerImpl.initialize 83
3      1     04.11.18 17:38:38:500 MSK java.io.FileNotFoundException com.ibm.ejs.jms.DurableSubscriptionManagerImpl.readDurableSubscriptionFile 236
4      3     04.11.18 17:38:52:469 MSK com.ibm.ws.naming.jcache.CacheEntryNotFoundException com.ibm.ws.naming.util.WsnInitCtxFactory.getInitialContextInternal 367
5      1     04.11.18 17:38:37:594 MSK java.lang.NullPointerException com.ibm.ws.utils.VUTrace.initialisation 584
6      3     04.11.18 17:38:37:031 MSK org.omg.CosNaming.NamingContextPackage.AlreadyBound com.ibm.ws.naming.jndicos.CNContextImpl.doCreateSubcontext 2155
7      1     04.11.18 17:38:36:625 MSK org.omg.CosNaming.NamingContextPackage.NotFound com.ibm.ws.naming.jndicos.CNContextImpl.doCreateSubcontext 2161
8      3     04.11.18 17:38:37:031 MSK javax.naming.NameAlreadyBoundException com.ibm.ws.naming.ipcos.WsnOptimizedNamingImpl.do_bind_new_corba_context 1042
9      1     04.11.18 17:38:34:500 MSK java.lang.ClassNotFoundException com.ibm.ws.activity.ActivityServiceInterceptor.loadMigrationImpls 424
10     4     04.11.18 17:38:37:984 MSK javax.naming.NameNotFoundException com.ibm.ws.naming.urlbase.UrlContext.lookup 1226
11     3     04.11.18 17:38:37:031 MSK javax.naming.NameAlreadyBoundException com.ibm.ws.naming.jndicos.CNContextImpl.createSubcontext 756
12     2     04.11.18 17:38:37:984 MSK javax.naming.NameNotFoundException com.ibm.ws.naming.urlbase.UrlContext.lookup 1252
13     1     04.11.18 17:38:36:562 MSK org.omg.CosNaming.NamingContextPackage.NotFound com.ibm.ws.naming.cosbase.WsnOptimizedNamingImplBase.bind_new_corba_context 944
14     314   04.11.18 17:40:54:797 MSK java.lang.ClassNotFoundException com.ibm.ws.classloader.CompoundClassLoader.loadClass 248
15     1     04.11.18 17:38:33:500 MSK java.io.FileNotFoundException com.ibm.ejs.jms.listener.AsyncMessageLog.readRequestLogFile 128
-----------------------------------------------------------------------
+16     1     04.11.18 17:42:16:578 MSK javax.naming.NameNotFoundException com.ibm.ws.naming.ipcos.WsnOptimizedNamingImpl.do_unbind 264

Index  Occur Time of last Occurence   Exception SourceId ProbeId
       ences
-----------------------------------------------------------------------
1      1     04.11.18 17:38:36:688 MSK javax.naming.NameNotFoundException com.ibm.ws.naming.jndicos.CNContextImpl.createSubcontext 756
2      1     04.11.18 17:42:16:641 MSK org.omg.CosNaming.NamingContextPackage.NotFound com.ibm.ws.naming.cosbase.WsnOptimizedNamingImplBase.unbind 409
3      1     04.11.18 17:38:33:312 MSK java.lang.ClassNotFoundException com.ibm.ws.runtime.component.MessageListenerImpl.initialize 83
4      1     04.11.18 17:38:38:500 MSK java.io.FileNotFoundException com.ibm.ejs.jms.DurableSubscriptionManagerImpl.readDurableSubscriptionFile 236
5      3     04.11.18 17:38:52:469 MSK com.ibm.ws.naming.jcache.CacheEntryNotFoundException com.ibm.ws.naming.util.WsnInitCtxFactory.getInitialContextInternal 367
6      1     04.11.18 17:38:37:594 MSK java.lang.NullPointerException com.ibm.ws.utils.VUTrace.initialisation 584
7      3     04.11.18 17:38:37:031 MSK org.omg.CosNaming.NamingContextPackage.AlreadyBound com.ibm.ws.naming.jndicos.CNContextImpl.doCreateSubcontext 2155
8      1     04.11.18 17:38:36:625 MSK org.omg.CosNaming.NamingContextPackage.NotFound com.ibm.ws.naming.jndicos.CNContextImpl.doCreateSubcontext 2161
9      3     04.11.18 17:38:37:031 MSK javax.naming.NameAlreadyBoundException com.ibm.ws.naming.ipcos.WsnOptimizedNamingImpl.do_bind_new_corba_context 1042
10     1     04.11.18 17:38:34:500 MSK java.lang.ClassNotFoundException com.ibm.ws.activity.ActivityServiceInterceptor.loadMigrationImpls 424
11     1     04.11.18 17:42:16:578 MSK javax.naming.NameNotFoundException com.ibm.ws.naming.ipcos.WsnOptimizedNamingImpl.do_unbind 264
12     4     04.11.18 17:38:37:984 MSK javax.naming.NameNotFoundException com.ibm.ws.naming.urlbase.UrlContext.lookup 1226
13     3     04.11.18 17:38:37:031 MSK javax.naming.NameAlreadyBoundException com.ibm.ws.naming.jndicos.CNContextImpl.createSubcontext 756
14     2     04.11.18 17:38:37:984 MSK javax.naming.NameNotFoundException com.ibm.ws.naming.urlbase.UrlContext.lookup 1252
15     1     04.11.18 17:38:36:562 MSK org.omg.CosNaming.NamingContextPackage.NotFound com.ibm.ws.naming.cosbase.WsnOptimizedNamingImplBase.bind_new_corba_context 944
16     314   04.11.18 17:40:54:797 MSK java.lang.ClassNotFoundException com.ibm.ws.classloader.CompoundClassLoader.loadClass 248
17     1     04.11.18 17:38:33:500 MSK java.io.FileNotFoundException com.ibm.ejs.jms.listener.AsyncMessageLog.readRequestLogFile 128
-----------------------------------------------------------------------
+18     1     04.11.18 17:42:21:734 MSK java.util.MissingResourceException com.ibm.ejs.sm.client.ui.NLS.NLS 166
