WebappLoader[]: Deploying class repositories to work directory C:\WSAD_Collaboration\.metadata\.plugins\org.eclipse.tomcat\org.eclipse.tomcat\ROOT
StandardManager[]: Seeding random number generator class java.security.SecureRandom
StandardManager[]: Seeding of random number generator has been completed
StandardWrapper[:default]: Loading container servlet default
default: init
StandardWrapper[:invoker]: Loading container servlet invoker
invoker: init
jsp: init
HttpConnector Opening server socket on all host IP addresses
HttpConnector[0] Starting background thread
HttpProcessor[0][0] Starting background thread
HttpProcessor[0][1] Starting background thread
HttpProcessor[0][2] Starting background thread
HttpProcessor[0][3] Starting background thread
HttpProcessor[0][4] Starting background thread
WebappLoader[/help]: Deploying class repositories to work directory C:\WSAD_Collaboration\.metadata\.plugins\org.eclipse.tomcat\org.eclipse.help.webapp\help
WebappLoader[/help]: Deploy JAR /WEB-INF/lib/jsp.jar to C:\Program Files\IBM\WebSphere Studio\eclipse\plugins\org.eclipse.help.webapp_2.0.2\WEB-INF\lib\jsp.jar
WebappLoader[/help]: Deploy JAR /WEB-INF/lib/webapp.jar to C:\Program Files\IBM\WebSphere Studio\eclipse\plugins\org.eclipse.help.webapp_2.0.2\WEB-INF\lib\webapp.jar
StandardManager[/help]: Seeding random number generator class java.security.SecureRandom
StandardManager[/help]: Seeding of random number generator has been completed
StandardWrapper[/help:default]: Loading container servlet default
default: init
StandardWrapper[/help:invoker]: Loading container servlet invoker
invoker: init
jsp: init
HttpProcessor[0][4] Stopping background thread
HttpProcessor[0][3] Stopping background thread
HttpProcessor[0][2] Stopping background thread
HttpProcessor[0][1] Stopping background thread
HttpProcessor[0][0] Stopping background thread
HttpConnector[0] Stopping background thread
