com.ibm.etools.server.core CONFIG  03/09/07 11:13.11.109 ----->----- Server Core plugin startup ----->-----
com.ibm.etools.server.core CONFIG  03/09/07 11:13.11.109 com.ibm.etools.server.core - 5.1.1
com.ibm.etools.server.core CONFIG  03/09/07 11:13.11.119 ->- Loading .factories extension point ->-
com.ibm.etools.server.core CONFIG  03/09/07 11:13.11.139   Loaded server category: com.ibm.etools.tomcat.category.v32
com.ibm.etools.server.core CONFIG  03/09/07 11:13.11.139   Loaded server category: com.ibm.etools.tomcat.category.v40
com.ibm.etools.server.core CONFIG  03/09/07 11:13.11.139   Loaded server category: com.ibm.etools.tomcat.category.v41
com.ibm.etools.server.core CONFIG  03/09/07 11:13.11.139   Loaded server category: com.ibm.etools.websphere.category.v51
com.ibm.etools.server.core CONFIG  03/09/07 11:13.11.139   Loaded server category: com.ibm.etools.websphere.category.v5
com.ibm.etools.server.core CONFIG  03/09/07 11:13.11.139   Loaded server category: com.ibm.etools.websphere.category.v4
com.ibm.etools.server.core CONFIG  03/09/07 11:13.11.139   Loaded server resource factory: com.ibm.websphere.v5.configuration.express
com.ibm.etools.server.core CONFIG  03/09/07 11:13.11.139   Loaded server resource factory: com.ibm.websphere.v5.server.remote.express
com.ibm.etools.server.core CONFIG  03/09/07 11:13.11.139   Loaded server resource factory: com.ibm.websphere.v51.configuration.base
com.ibm.etools.server.core CONFIG  03/09/07 11:13.11.139   Loaded server resource factory: com.ibm.websphere.v51.server.remote.base
com.ibm.etools.server.core CONFIG  03/09/07 11:13.11.139   Loaded server resource factory: com.ibm.etools.tcpip.monitor.server
com.ibm.etools.server.core CONFIG  03/09/07 11:13.11.139   Loaded server resource factory: com.ibm.etools.tcpip.monitor.configuration
com.ibm.etools.server.core CONFIG  03/09/07 11:13.11.139   Loaded server resource factory: com.ibm.etools.publishing.server.factory.WebServerConfigurationFactory
com.ibm.etools.server.core CONFIG  03/09/07 11:13.11.139   Loaded server resource factory: com.ibm.etools.publishing.server.factory.WebServerInstanceFactory
com.ibm.etools.server.core CONFIG  03/09/07 11:13.11.149   Loaded server resource factory: com.ibm.etools.publishing.server.factory.StaticWebServerConfigurationFactory
com.ibm.etools.server.core CONFIG  03/09/07 11:13.11.149   Loaded server resource factory: com.ibm.etools.publishing.server.factory.StaticWebServerInstanceFactory
com.ibm.etools.server.core CONFIG  03/09/07 11:13.11.149   Loaded server resource factory: com.ibm.etools.serverattach.instance.express
com.ibm.etools.server.core CONFIG  03/09/07 11:13.11.149   Loaded server resource factory: com.ibm.etools.serverattach.configuration.express
com.ibm.etools.server.core CONFIG  03/09/07 11:13.11.149   Loaded server resource factory: com.ibm.etools.serverattach.instance.express51
com.ibm.etools.server.core CONFIG  03/09/07 11:13.11.149   Loaded server resource factory: com.ibm.etools.serverattach.configuration.express51
com.ibm.etools.server.core CONFIG  03/09/07 11:13.11.149   Loaded server resource factory: com.ibm.etools.serverattach.instance.generic
com.ibm.etools.server.core CONFIG  03/09/07 11:13.11.149   Loaded server resource factory: com.ibm.etools.serverattach.configuration.generic
com.ibm.etools.server.core CONFIG  03/09/07 11:13.11.149   Loaded server resource factory: com.ibm.websphere.v51.server.base
com.ibm.etools.server.core CONFIG  03/09/07 11:13.11.149   Loaded server resource factory: com.ibm.etools.tomcat.category.v32
com.ibm.etools.server.core CONFIG  03/09/07 11:13.11.149   Loaded server resource factory: com.ibm.etools.tomcat.category.v40
com.ibm.etools.server.core CONFIG  03/09/07 11:13.11.149   Loaded server resource factory: com.ibm.etools.tomcat.category.v41
com.ibm.etools.server.core CONFIG  03/09/07 11:13.11.149   Loaded server resource factory: com.ibm.etools.tomcat.server.unittest.32
com.ibm.etools.server.core CONFIG  03/09/07 11:13.11.149   Loaded server resource factory: com.ibm.etools.tomcat.server.local.32
com.ibm.etools.server.core CONFIG  03/09/07 11:13.11.149   Loaded server resource factory: com.ibm.etools.tomcat.serverConfiguration.32
com.ibm.etools.server.core CONFIG  03/09/07 11:13.11.149   Loaded server resource factory: com.ibm.etools.tomcat.server.unittest.40
com.ibm.etools.server.core CONFIG  03/09/07 11:13.11.149   Loaded server resource factory: com.ibm.etools.tomcat.server.local.40
com.ibm.etools.server.core CONFIG  03/09/07 11:13.11.159   Loaded server resource factory: com.ibm.etools.tomcat.serverConfiguration.40
com.ibm.etools.server.core CONFIG  03/09/07 11:13.11.159   Loaded server resource factory: com.ibm.etools.tomcat.server.unittest.41
com.ibm.etools.server.core CONFIG  03/09/07 11:13.11.159   Loaded server resource factory: com.ibm.etools.tomcat.server.local.41
com.ibm.etools.server.core CONFIG  03/09/07 11:13.11.159   Loaded server resource factory: com.ibm.etools.tomcat.serverConfiguration.41
com.ibm.etools.server.core CONFIG  03/09/07 11:13.11.159   Loaded server resource factory: com.ibm.etools.websphere.category.v51
com.ibm.etools.server.core CONFIG  03/09/07 11:13.11.159   Loaded server resource factory: com.ibm.etools.serverattach.instance.v5
com.ibm.etools.server.core CONFIG  03/09/07 11:13.11.159   Loaded server resource factory: com.ibm.etools.serverattach.configuration.v5
com.ibm.etools.server.core CONFIG  03/09/07 11:13.11.159   Loaded server resource factory: com.ibm.etools.serverattach.instance.v51
com.ibm.etools.server.core CONFIG  03/09/07 11:13.11.159   Loaded server resource factory: com.ibm.etools.serverattach.configuration.v51
com.ibm.etools.server.core CONFIG  03/09/07 11:13.11.159   Loaded server resource factory: com.ibm.etools.serverattach.instance.v4
com.ibm.etools.server.core CONFIG  03/09/07 11:13.11.159   Loaded server resource factory: com.ibm.etools.serverattach.configuration.v4
com.ibm.etools.server.core CONFIG  03/09/07 11:13.11.159   Loaded server resource factory: com.ibm.websphere.v51.configuration.express
com.ibm.etools.server.core CONFIG  03/09/07 11:13.11.159   Loaded server resource factory: com.ibm.websphere.v51.server.remote.express
com.ibm.etools.server.core CONFIG  03/09/07 11:13.11.159   Loaded server resource factory: com.ibm.etools.websphere.category.v5
com.ibm.etools.server.core CONFIG  03/09/07 11:13.11.159   Loaded server resource factory: com.ibm.etools.websphere.category.v4
com.ibm.etools.server.core CONFIG  03/09/07 11:13.11.159   Loaded server resource factory: com.ibm.etools.websphere.tools.v4.internal.factory.WASConfigurationFactory
com.ibm.etools.server.core CONFIG  03/09/07 11:13.11.159   Loaded server resource factory: com.ibm.etools.websphere.tools.v4.internal.factory.WASRemoteServerFactory
com.ibm.etools.server.core CONFIG  03/09/07 11:13.11.159   Loaded server resource factory: com.ibm.websphere.v5.configuration.base
com.ibm.etools.server.core CONFIG  03/09/07 11:13.11.159   Loaded server resource factory: com.ibm.websphere.v5.server.remote.base
com.ibm.etools.server.core CONFIG  03/09/07 11:13.11.159 -<- Done loading .factories extension point -<-
com.ibm.etools.server.core CONFIG  03/09/07 11:13.11.159 ->- Loading .serverTargets extension point ->-
com.ibm.etools.server.core CONFIG  03/09/07 11:13.11.169   Loaded serverTarget: com.ibm.etools.websphere.serverTarget.express.v5
com.ibm.etools.server.core CONFIG  03/09/07 11:13.11.169   Loaded serverTarget: com.ibm.etools.websphere.serverTarget.base.v51
com.ibm.etools.server.core CONFIG  03/09/07 11:13.11.169   Loaded serverTarget: com.ibm.etools.tomcat.serverTarget.v32
com.ibm.etools.server.core CONFIG  03/09/07 11:13.11.169   Loaded serverTarget: com.ibm.etools.tomcat.serverTarget.v40
com.ibm.etools.server.core CONFIG  03/09/07 11:13.11.169   Loaded serverTarget: com.ibm.etools.tomcat.serverTarget.v41
com.ibm.etools.server.core CONFIG  03/09/07 11:13.11.169   Loaded serverTarget: com.ibm.etools.websphere.serverTarget.express.v51
com.ibm.etools.server.core CONFIG  03/09/07 11:13.11.169   Loaded serverTarget: com.ibm.etools.websphere.aes.v4
com.ibm.etools.server.core CONFIG  03/09/07 11:13.11.169   Loaded serverTarget: com.ibm.etools.websphere.serverTarget.base.v5
com.ibm.etools.server.core CONFIG  03/09/07 11:13.11.169 -<- Done loading .serverTargets extension point -<-
com.ibm.etools.server.core CONFIG  03/09/07 11:14.48.290 -----<----- Server Core plugin shutdown -----<-----
