
Index  Occur Time of last Occurence   Exception SourceId ProbeId
       ences
-----------------------------------------------------------------------
1      1     04.10.06 11:23:08:703 MSD java.lang.ClassNotFoundException com.ibm.ws.runtime.component.MessageListenerImpl.initialize 83
-----------------------------------------------------------------------
+2      1     04.10.06 11:23:08:719 MSD java.io.FileNotFoundException com.ibm.ejs.jms.listener.AsyncMessageLog.readRequestLogFile 128
+3      1     04.10.06 11:23:10:031 MSD java.lang.ClassNotFoundException com.ibm.ws.activity.ActivityServiceInterceptor.loadMigrationImpls 424
+4      1     04.10.06 11:23:10:953 MSD com.ibm.ws.naming.jcache.CacheEntryNotFoundException com.ibm.ws.naming.util.WsnInitCtxFactory.getInitialContextInternal 367
+5      1     04.10.06 11:23:11:625 MSD java.lang.NullPointerException com.ibm.ws.utils.VUTrace.initialisation 584
+6      1     04.10.06 11:23:11:797 MSD javax.naming.NameNotFoundException com.ibm.ws.naming.urlbase.UrlContext.lookup 1226
+7      1     04.10.06 11:23:11:812 MSD javax.naming.NameNotFoundException com.ibm.ws.naming.urlbase.UrlContext.lookup 1252
+8      1     04.10.06 11:23:12:250 MSD java.io.FileNotFoundException com.ibm.ejs.jms.DurableSubscriptionManagerImpl.readDurableSubscriptionFile 236
+9      1     04.10.06 11:23:15:844 MSD java.lang.ClassNotFoundException com.ibm.ws.classloader.CompoundClassLoader.loadClass 248
+10     1     04.10.06 11:23:29:250 MSD java.lang.NullPointerException com.ibm.ws.webcontainer.jsp.servlet.JspServlet.service 655
+11     1     04.10.06 11:23:29:438 MSD java.lang.NullPointerException com.ibm.ws.webcontainer.servlet.ServletManager.doService 3891
+12     1     04.10.06 11:23:29:469 MSD java.lang.NullPointerException com.ibm.ws.webcontainer.servlet.StrictLifecycleServlet._service 1901
+13     1     04.10.06 11:23:29:516 MSD java.lang.NullPointerException com.ibm.ws.webcontainer.servlet.ServletInstance.service 2821
+14     1     04.10.06 11:23:29:547 MSD java.lang.NullPointerException com.ibm.ws.webcontainer.webapp.WebAppRequestDispatcher.handleWebAppDispatch 746
+15     1     04.10.06 11:23:29:594 MSD com.ibm.ws.webcontainer.servlet.exception.UncaughtServletException com.ibm.ws.webcontainer.webapp.WebAppRequestDispatcher.dispatch 428

Index  Occur Time of last Occurence   Exception SourceId ProbeId
       ences
-----------------------------------------------------------------------
1      1     04.10.06 11:23:08:703 MSD java.lang.ClassNotFoundException com.ibm.ws.runtime.component.MessageListenerImpl.initialize 83
2      1     04.10.06 11:23:12:250 MSD java.io.FileNotFoundException com.ibm.ejs.jms.DurableSubscriptionManagerImpl.readDurableSubscriptionFile 236
3      1     04.10.06 11:23:29:547 MSD java.lang.NullPointerException com.ibm.ws.webcontainer.webapp.WebAppRequestDispatcher.handleWebAppDispatch 746
4      1     04.10.06 11:23:10:953 MSD com.ibm.ws.naming.jcache.CacheEntryNotFoundException com.ibm.ws.naming.util.WsnInitCtxFactory.getInitialContextInternal 367
5      1     04.10.06 11:23:29:516 MSD java.lang.NullPointerException com.ibm.ws.webcontainer.servlet.ServletInstance.service 2821
6      1     04.10.06 11:23:11:625 MSD java.lang.NullPointerException com.ibm.ws.utils.VUTrace.initialisation 584
7      1     04.10.06 11:23:10:031 MSD java.lang.ClassNotFoundException com.ibm.ws.activity.ActivityServiceInterceptor.loadMigrationImpls 424
8      4     04.10.06 11:23:11:812 MSD javax.naming.NameNotFoundException com.ibm.ws.naming.urlbase.UrlContext.lookup 1226
9      1     04.10.06 11:23:29:469 MSD java.lang.NullPointerException com.ibm.ws.webcontainer.servlet.StrictLifecycleServlet._service 1901
10     2     04.10.06 11:23:11:812 MSD javax.naming.NameNotFoundException com.ibm.ws.naming.urlbase.UrlContext.lookup 1252
11     366   04.10.06 11:24:12:750 MSD java.lang.ClassNotFoundException com.ibm.ws.classloader.CompoundClassLoader.loadClass 248
12     1     04.10.06 11:23:29:250 MSD java.lang.NullPointerException com.ibm.ws.webcontainer.jsp.servlet.JspServlet.service 655
13     1     04.10.06 11:23:08:719 MSD java.io.FileNotFoundException com.ibm.ejs.jms.listener.AsyncMessageLog.readRequestLogFile 128
14     1     04.10.06 11:23:29:438 MSD java.lang.NullPointerException com.ibm.ws.webcontainer.servlet.ServletManager.doService 3891
15     1     04.10.06 11:23:29:594 MSD com.ibm.ws.webcontainer.servlet.exception.UncaughtServletException com.ibm.ws.webcontainer.webapp.WebAppRequestDispatcher.dispatch 428
-----------------------------------------------------------------------

Index  Occur Time of last Occurence   Exception SourceId ProbeId
       ences
-----------------------------------------------------------------------
1      1     04.10.06 11:23:08:703 MSD java.lang.ClassNotFoundException com.ibm.ws.runtime.component.MessageListenerImpl.initialize 83
2      1     04.10.06 11:23:12:250 MSD java.io.FileNotFoundException com.ibm.ejs.jms.DurableSubscriptionManagerImpl.readDurableSubscriptionFile 236
3      1     04.10.06 11:23:29:547 MSD java.lang.NullPointerException com.ibm.ws.webcontainer.webapp.WebAppRequestDispatcher.handleWebAppDispatch 746
4      1     04.10.06 11:23:10:953 MSD com.ibm.ws.naming.jcache.CacheEntryNotFoundException com.ibm.ws.naming.util.WsnInitCtxFactory.getInitialContextInternal 367
5      1     04.10.06 11:23:29:516 MSD java.lang.NullPointerException com.ibm.ws.webcontainer.servlet.ServletInstance.service 2821
6      1     04.10.06 11:23:11:625 MSD java.lang.NullPointerException com.ibm.ws.utils.VUTrace.initialisation 584
7      1     04.10.06 11:23:10:031 MSD java.lang.ClassNotFoundException com.ibm.ws.activity.ActivityServiceInterceptor.loadMigrationImpls 424
8      4     04.10.06 11:23:11:812 MSD javax.naming.NameNotFoundException com.ibm.ws.naming.urlbase.UrlContext.lookup 1226
9      1     04.10.06 11:23:29:469 MSD java.lang.NullPointerException com.ibm.ws.webcontainer.servlet.StrictLifecycleServlet._service 1901
10     2     04.10.06 11:23:11:812 MSD javax.naming.NameNotFoundException com.ibm.ws.naming.urlbase.UrlContext.lookup 1252
11     423   04.10.06 11:24:27:750 MSD java.lang.ClassNotFoundException com.ibm.ws.classloader.CompoundClassLoader.loadClass 248
12     1     04.10.06 11:23:29:250 MSD java.lang.NullPointerException com.ibm.ws.webcontainer.jsp.servlet.JspServlet.service 655
13     1     04.10.06 11:23:08:719 MSD java.io.FileNotFoundException com.ibm.ejs.jms.listener.AsyncMessageLog.readRequestLogFile 128
14     1     04.10.06 11:23:29:438 MSD java.lang.NullPointerException com.ibm.ws.webcontainer.servlet.ServletManager.doService 3891
15     1     04.10.06 11:23:29:594 MSD com.ibm.ws.webcontainer.servlet.exception.UncaughtServletException com.ibm.ws.webcontainer.webapp.WebAppRequestDispatcher.dispatch 428
-----------------------------------------------------------------------

Index  Occur Time of last Occurence   Exception SourceId ProbeId
       ences
-----------------------------------------------------------------------
1      1     04.10.06 11:23:08:703 MSD java.lang.ClassNotFoundException com.ibm.ws.runtime.component.MessageListenerImpl.initialize 83
2      1     04.10.06 11:23:12:250 MSD java.io.FileNotFoundException com.ibm.ejs.jms.DurableSubscriptionManagerImpl.readDurableSubscriptionFile 236
3      1     04.10.06 11:23:29:547 MSD java.lang.NullPointerException com.ibm.ws.webcontainer.webapp.WebAppRequestDispatcher.handleWebAppDispatch 746
4      1     04.10.06 11:23:10:953 MSD com.ibm.ws.naming.jcache.CacheEntryNotFoundException com.ibm.ws.naming.util.WsnInitCtxFactory.getInitialContextInternal 367
5      1     04.10.06 11:23:29:516 MSD java.lang.NullPointerException com.ibm.ws.webcontainer.servlet.ServletInstance.service 2821
6      1     04.10.06 11:23:11:625 MSD java.lang.NullPointerException com.ibm.ws.utils.VUTrace.initialisation 584
7      1     04.10.06 11:23:10:031 MSD java.lang.ClassNotFoundException com.ibm.ws.activity.ActivityServiceInterceptor.loadMigrationImpls 424
8      1     04.10.06 11:44:07:562 MSD javax.naming.NameNotFoundException com.ibm.ws.naming.ipcos.WsnOptimizedNamingImpl.do_unbind 264
9      4     04.10.06 11:23:11:812 MSD javax.naming.NameNotFoundException com.ibm.ws.naming.urlbase.UrlContext.lookup 1226
10     1     04.10.06 11:23:29:469 MSD java.lang.NullPointerException com.ibm.ws.webcontainer.servlet.StrictLifecycleServlet._service 1901
11     2     04.10.06 11:23:11:812 MSD javax.naming.NameNotFoundException com.ibm.ws.naming.urlbase.UrlContext.lookup 1252
12     423   04.10.06 11:24:27:750 MSD java.lang.ClassNotFoundException com.ibm.ws.classloader.CompoundClassLoader.loadClass 248
13     1     04.10.06 11:23:29:250 MSD java.lang.NullPointerException com.ibm.ws.webcontainer.jsp.servlet.JspServlet.service 655
14     1     04.10.06 11:23:08:719 MSD java.io.FileNotFoundException com.ibm.ejs.jms.listener.AsyncMessageLog.readRequestLogFile 128
15     1     04.10.06 11:23:29:438 MSD java.lang.NullPointerException com.ibm.ws.webcontainer.servlet.ServletManager.doService 3891
16     1     04.10.06 11:23:29:594 MSD com.ibm.ws.webcontainer.servlet.exception.UncaughtServletException com.ibm.ws.webcontainer.webapp.WebAppRequestDispatcher.dispatch 428
-----------------------------------------------------------------------
+17     1     04.10.06 11:44:07:578 MSD org.omg.CosNaming.NamingContextPackage.NotFound com.ibm.ws.naming.cosbase.WsnOptimizedNamingImplBase.unbind 409
+18     1     04.10.06 11:44:12:625 MSD java.util.MissingResourceException com.ibm.ejs.sm.client.ui.NLS.NLS 166

Index  Occur Time of last Occurence   Exception SourceId ProbeId
       ences
-----------------------------------------------------------------------
1      1     04.10.06 12:00:10:375 MSD java.lang.ClassNotFoundException com.ibm.ws.runtime.component.MessageListenerImpl.initialize 83
-----------------------------------------------------------------------
+2      1     04.10.06 12:00:10:406 MSD java.io.FileNotFoundException com.ibm.ejs.jms.listener.AsyncMessageLog.readRequestLogFile 128
+3      1     04.10.06 12:00:11:453 MSD java.lang.ClassNotFoundException com.ibm.ws.activity.ActivityServiceInterceptor.loadMigrationImpls 424
+4      1     04.10.06 12:00:12:312 MSD com.ibm.ws.naming.jcache.CacheEntryNotFoundException com.ibm.ws.naming.util.WsnInitCtxFactory.getInitialContextInternal 367
+5      1     04.10.06 12:00:13:047 MSD java.lang.NullPointerException com.ibm.ws.utils.VUTrace.initialisation 584
+6      1     04.10.06 12:00:13:219 MSD javax.naming.NameNotFoundException com.ibm.ws.naming.urlbase.UrlContext.lookup 1226
+7      1     04.10.06 12:00:13:219 MSD javax.naming.NameNotFoundException com.ibm.ws.naming.urlbase.UrlContext.lookup 1252
+8      1     04.10.06 12:00:13:641 MSD java.io.FileNotFoundException com.ibm.ejs.jms.DurableSubscriptionManagerImpl.readDurableSubscriptionFile 236

Index  Occur Time of last Occurence   Exception SourceId ProbeId
       ences
-----------------------------------------------------------------------
1      1     04.10.06 12:00:10:375 MSD java.lang.ClassNotFoundException com.ibm.ws.runtime.component.MessageListenerImpl.initialize 83
2      1     04.10.06 12:00:13:641 MSD java.io.FileNotFoundException com.ibm.ejs.jms.DurableSubscriptionManagerImpl.readDurableSubscriptionFile 236
3      1     04.10.06 12:00:12:312 MSD com.ibm.ws.naming.jcache.CacheEntryNotFoundException com.ibm.ws.naming.util.WsnInitCtxFactory.getInitialContextInternal 367
4      1     04.10.06 12:00:13:047 MSD java.lang.NullPointerException com.ibm.ws.utils.VUTrace.initialisation 584
5      1     04.10.06 12:00:11:453 MSD java.lang.ClassNotFoundException com.ibm.ws.activity.ActivityServiceInterceptor.loadMigrationImpls 424
6      4     04.10.06 12:00:13:234 MSD javax.naming.NameNotFoundException com.ibm.ws.naming.urlbase.UrlContext.lookup 1226
7      2     04.10.06 12:00:13:234 MSD javax.naming.NameNotFoundException com.ibm.ws.naming.urlbase.UrlContext.lookup 1252
8      1     04.10.06 12:00:10:406 MSD java.io.FileNotFoundException com.ibm.ejs.jms.listener.AsyncMessageLog.readRequestLogFile 128
-----------------------------------------------------------------------

Index  Occur Time of last Occurence   Exception SourceId ProbeId
       ences
-----------------------------------------------------------------------
1      1     04.10.06 12:00:52:969 MSD java.lang.ClassNotFoundException com.ibm.ws.runtime.component.MessageListenerImpl.initialize 83
-----------------------------------------------------------------------
+2      1     04.10.06 12:00:53:000 MSD java.io.FileNotFoundException com.ibm.ejs.jms.listener.AsyncMessageLog.readRequestLogFile 128
+3      1     04.10.06 12:00:53:922 MSD java.lang.ClassNotFoundException com.ibm.ws.activity.ActivityServiceInterceptor.loadMigrationImpls 424
+4      1     04.10.06 12:00:54:844 MSD com.ibm.ws.naming.jcache.CacheEntryNotFoundException com.ibm.ws.naming.util.WsnInitCtxFactory.getInitialContextInternal 367
+5      1     04.10.06 12:00:55:516 MSD java.lang.NullPointerException com.ibm.ws.utils.VUTrace.initialisation 584
+6      1     04.10.06 12:00:55:688 MSD javax.naming.NameNotFoundException com.ibm.ws.naming.urlbase.UrlContext.lookup 1226
+7      1     04.10.06 12:00:55:703 MSD javax.naming.NameNotFoundException com.ibm.ws.naming.urlbase.UrlContext.lookup 1252
+8      1     04.10.06 12:00:56:094 MSD java.io.FileNotFoundException com.ibm.ejs.jms.DurableSubscriptionManagerImpl.readDurableSubscriptionFile 236
+9      1     04.10.06 12:00:59:594 MSD java.lang.ClassNotFoundException com.ibm.ws.classloader.CompoundClassLoader.loadClass 248

Index  Occur Time of last Occurence   Exception SourceId ProbeId
       ences
-----------------------------------------------------------------------
1      1     04.10.06 12:00:52:969 MSD java.lang.ClassNotFoundException com.ibm.ws.runtime.component.MessageListenerImpl.initialize 83
2      1     04.10.06 12:00:56:094 MSD java.io.FileNotFoundException com.ibm.ejs.jms.DurableSubscriptionManagerImpl.readDurableSubscriptionFile 236
3      1     04.10.06 12:00:54:844 MSD com.ibm.ws.naming.jcache.CacheEntryNotFoundException com.ibm.ws.naming.util.WsnInitCtxFactory.getInitialContextInternal 367
4      1     04.10.06 12:00:55:516 MSD java.lang.NullPointerException com.ibm.ws.utils.VUTrace.initialisation 584
5      1     04.10.06 12:00:53:922 MSD java.lang.ClassNotFoundException com.ibm.ws.activity.ActivityServiceInterceptor.loadMigrationImpls 424
6      4     04.10.06 12:00:55:703 MSD javax.naming.NameNotFoundException com.ibm.ws.naming.urlbase.UrlContext.lookup 1226
7      2     04.10.06 12:00:55:703 MSD javax.naming.NameNotFoundException com.ibm.ws.naming.urlbase.UrlContext.lookup 1252
8      173   04.10.06 12:01:00:484 MSD java.lang.ClassNotFoundException com.ibm.ws.classloader.CompoundClassLoader.loadClass 248
9      1     04.10.06 12:00:53:000 MSD java.io.FileNotFoundException com.ibm.ejs.jms.listener.AsyncMessageLog.readRequestLogFile 128
-----------------------------------------------------------------------
+10     1     04.10.06 12:01:21:375 MSD javax.naming.NameNotFoundException com.ibm.ws.naming.ipcos.WsnOptimizedNamingImpl.do_unbind 264
+11     1     04.10.06 12:01:21:375 MSD org.omg.CosNaming.NamingContextPackage.NotFound com.ibm.ws.naming.cosbase.WsnOptimizedNamingImplBase.unbind 409
+12     1     04.10.06 12:01:26:406 MSD java.util.MissingResourceException com.ibm.ejs.sm.client.ui.NLS.NLS 166
