<!-- com.ibm.etools.logging.util log file -->
<NODE logging.util.node_id="NODE.xw8000-1a410.bee.vimpelcom.ru" logging.util.hostname="xw8000-1a410.bee.vimpelcom.ru" logging.util.ipaddress="192.168.144.87" logging.util.timezone="180" logging.util.time="1188803590,298"/>
<PROCESS_CREATE logging.util.process_id="PROCESS_CREATE.eclipse.1188803590,298" logging.util.pid="24183153" logging.util.node_idref="NODE.xw8000-1a410.bee.vimpelcom.ru" logging.util.time="1188803590,298" logging.util.process_environment="unknown" logging.util.process_application_execution=""/>
<AGENT_CREATE logging.util.agent_id="AGENT_CREATE.com.ibm.etools.logging.util.1188803590,117" logging.util.agent_version="1.000" logging.util.process_idref="PROCESS_CREATE.eclipse.1188803590,298" logging.util.agent_name="com.ibm.etools.logging.util" logging.util.agent_type="Logging" logging.util.agent_parameters="" logging.util.time="1188803590,117"/>
<BuildInfo logging.util.id="com.ibm.etools.logging.util.BuildInfo_11888035901670000" logging.util.agent_idref="com.ibm.etools.logging.util" logging.util.MsgLoggerLevel="CONFIG" WSABuildLevel="20040506_1735-WB213-AD-V512D-W5">
 <Class Instance_Name="Class" logging.util.id="java.lang.Class_11888035901670001" Name="com.ibm.etools.logging.util.BuildInfo" Type="class" Package="com.ibm.etools.logging.util" Modifers="public" Superclass="java.lang.Object"/>
</BuildInfo>
<AGENT_CREATE logging.util.agent_id="AGENT_CREATE.com.ibm.etools.validation.1188803590,528" logging.util.agent_version="1.000" logging.util.process_idref="PROCESS_CREATE.eclipse.1188803590,298" logging.util.agent_name="com.ibm.etools.validation" logging.util.agent_type="Logging" logging.util.agent_parameters="" logging.util.time="1188803590,528"/>
<BuildInfo logging.util.id="com.ibm.etools.validate.plugin.BuildInfo_11888035905280000" logging.util.agent_idref="com.ibm.etools.validation" logging.util.MsgLoggerLevel="CONFIG" WSABuildLevel="20040506_1735-WB213-AD-V512D-W5">
 <Class Instance_Name="Class" logging.util.id="java.lang.Class_11888035905280001" Name="com.ibm.etools.validate.plugin.BuildInfo" Type="class" Package="com.ibm.etools.validate.plugin" Modifers="public" Superclass="java.lang.Object"/>
</BuildInfo>
<BuildInfo logging.util.id="com.ibm.etools.validate.mof.plugin.BuildInfo_11888035905480000" logging.util.agent_idref="com.ibm.etools.validation" logging.util.MsgLoggerLevel="CONFIG" WSABuildLevel="20040506_1735-WB213-AD-V512D-W5">
 <Class Instance_Name="Class" logging.util.id="java.lang.Class_11888035905480001" Name="com.ibm.etools.validate.mof.plugin.BuildInfo" Type="class" Package="com.ibm.etools.validate.mof.plugin" Modifers="public" Superclass="java.lang.Object"/>
</BuildInfo>
<AGENT_CREATE logging.util.agent_id="AGENT_CREATE.com.ibm.sed.model.1188803590,558" logging.util.agent_version="1.000" logging.util.process_idref="PROCESS_CREATE.eclipse.1188803590,298" logging.util.agent_name="com.ibm.sed.model" logging.util.agent_type="Logging" logging.util.agent_parameters="" logging.util.time="1188803590,558"/>
<BuildInfo logging.util.id="com.ibm.sed.model.BuildInfo_11888035905580000" logging.util.agent_idref="com.ibm.sed.model" logging.util.MsgLoggerLevel="CONFIG" WSABuildLevel="20040506_1735-WB213-AD-V512D-W5">
 <Class Instance_Name="Class" logging.util.id="java.lang.Class_11888035905580001" Name="com.ibm.sed.model.BuildInfo" Type="class" Package="com.ibm.sed.model" Modifers="public" Superclass="java.lang.Object"/>
</BuildInfo>
<AGENT_CREATE logging.util.agent_id="AGENT_CREATE.com.ibm.etools.websphere.tools.v5.common.1188803592,842" logging.util.agent_version="1.000" logging.util.process_idref="PROCESS_CREATE.eclipse.1188803590,298" logging.util.agent_name="com.ibm.etools.websphere.tools.v5.common" logging.util.agent_type="Logging" logging.util.agent_parameters="" logging.util.time="1188803592,842"/>
<String logging.util.agent_idref="com.ibm.etools.websphere.tools.v5.common" logging.util.MsgLoggerLevel="CONFIG" Value="5.1.1"/>
<AGENT_CREATE logging.util.agent_id="AGENT_CREATE.com.ibm.etools.websphere.tools.common.1188803592,892" logging.util.agent_version="1.000" logging.util.process_idref="PROCESS_CREATE.eclipse.1188803590,298" logging.util.agent_name="com.ibm.etools.websphere.tools.common" logging.util.agent_type="Logging" logging.util.agent_parameters="" logging.util.time="1188803592,892"/>
<String logging.util.agent_idref="com.ibm.etools.websphere.tools.common" logging.util.MsgLoggerLevel="CONFIG" Value="5.1.1.1"/>
<AGENT_CREATE logging.util.agent_id="AGENT_CREATE.com.ibm.etools.rdblib.1188803592,942" logging.util.agent_version="1.000" logging.util.process_idref="PROCESS_CREATE.eclipse.1188803590,298" logging.util.agent_name="com.ibm.etools.rdblib" logging.util.agent_type="Logging" logging.util.agent_parameters="" logging.util.time="1188803592,942"/>
<BuildInfo logging.util.id="com.ibm.etools.rdblib.BuildInfo_11888035929420000" logging.util.agent_idref="com.ibm.etools.rdblib" logging.util.MsgLoggerLevel="CONFIG" WSABuildLevel="20040506_1735-WB213-AD-V512D-W5">
 <Class Instance_Name="Class" logging.util.id="java.lang.Class_11888035929420001" Name="com.ibm.etools.rdblib.BuildInfo" Type="class" Package="com.ibm.etools.rdblib" Modifers="public" Superclass="java.lang.Object"/>
</BuildInfo>
<String logging.util.agent_idref="com.ibm.etools.websphere.tools.v5.common" logging.util.MsgLoggerLevel="WARNING" Value="2 Mon Sep 03 11:13:13 MSD 2007 com.ibm.etools.websphere.tools.v5.common.internal.WebSpherePluginV5Common.startup(): Cannot set the impl factory property jar file java variable."/>
<AGENT_CREATE logging.util.agent_id="AGENT_CREATE.com.ibm.etools.websphere.tools.v51.1188803593,402" logging.util.agent_version="1.000" logging.util.process_idref="PROCESS_CREATE.eclipse.1188803590,298" logging.util.agent_name="com.ibm.etools.websphere.tools.v51" logging.util.agent_type="Logging" logging.util.agent_parameters="" logging.util.time="1188803593,402"/>
<String logging.util.agent_idref="com.ibm.etools.websphere.tools.v51" logging.util.MsgLoggerLevel="CONFIG" Value="5.1.1.1"/>
<String logging.util.agent_idref="com.ibm.etools.websphere.tools.v5.common" logging.util.MsgLoggerLevel="WARNING" Value="2 Mon Sep 03 11:13:13 MSD 2007 com.ibm.etools.websphere.tools.v51.WebSpherePluginV51.startup(): Cannot set the impl factory property jar file java variable."/>
<AGENT_CREATE logging.util.agent_id="AGENT_CREATE.com.ibm.etools.webtools.1188803606,393" logging.util.agent_version="1.000" logging.util.process_idref="PROCESS_CREATE.eclipse.1188803590,298" logging.util.agent_name="com.ibm.etools.webtools" logging.util.agent_type="Logging" logging.util.agent_parameters="" logging.util.time="1188803606,393"/>
<BuildInfo logging.util.id="com.ibm.etools.logging.util.BuildInfo_11888036063930000" logging.util.agent_idref="com.ibm.etools.webtools" logging.util.MsgLoggerLevel="CONFIG" WSABuildLevel="20040506_1735-WB213-AD-V512D-W5">
 <Class Instance_Name="Class" logging.util.id="java.lang.Class_11888036063930001" Name="com.ibm.etools.logging.util.BuildInfo" Type="class" Package="com.ibm.etools.logging.util" Modifers="public" Superclass="java.lang.Object"/>
</BuildInfo>
<String logging.util.agent_idref="com.ibm.etools.webtools" logging.util.MsgLoggerLevel="CONFIG" Value="20040506_1735-WB213-AD-V512D-W5"/>
<AGENT_CREATE logging.util.agent_id="AGENT_CREATE.Default Logging Agent.1188803606,433" logging.util.agent_version="1.000" logging.util.process_idref="PROCESS_CREATE.eclipse.1188803590,298" logging.util.agent_name="Default Logging Agent" logging.util.agent_type="Logging" logging.util.agent_parameters="" logging.util.time="1188803606,433"/>
<BuildInfo logging.util.id="com.ibm.sed.preferences.BuildInfo_11888036064330000" logging.util.agent_idref="Default Logging Agent" logging.util.MsgLoggerLevel="CONFIG" WSABuildLevel="20040506_1735-WB213-AD-V512D-W5">
 <Class Instance_Name="Class" logging.util.id="java.lang.Class_11888036064330001" Name="com.ibm.sed.preferences.BuildInfo" Type="class" Package="com.ibm.sed.preferences" Modifers="public" Superclass="java.lang.Object"/>
</BuildInfo>
<AGENT_CREATE logging.util.agent_id="AGENT_CREATE.com.ibm.etools.struts.1188803606,593" logging.util.agent_version="1.000" logging.util.process_idref="PROCESS_CREATE.eclipse.1188803590,298" logging.util.agent_name="com.ibm.etools.struts" logging.util.agent_type="Logging" logging.util.agent_parameters="" logging.util.time="1188803606,593"/>
<BuildInfo logging.util.id="com.ibm.etools.struts.BuildInfo_11888036065930000" logging.util.agent_idref="com.ibm.etools.struts" logging.util.MsgLoggerLevel="CONFIG" WSABuildLevel="20041126_1413-WB213-AD-V512D-ifix006">
 <Class Instance_Name="Class" logging.util.id="java.lang.Class_11888036065930001" Name="com.ibm.etools.struts.BuildInfo" Type="class" Package="com.ibm.etools.struts" Modifers="public" Superclass="java.lang.Object"/>
</BuildInfo>
<BuildInfo logging.util.id="com.ibm.etools.index.BuildInfo_11888036855860000" logging.util.agent_idref="Default Logging Agent" logging.util.MsgLoggerLevel="CONFIG" WSABuildLevel="20040506_1735-WB213-AD-V512D-W5">
 <Class Instance_Name="Class" logging.util.id="java.lang.Class_11888036855860001" Name="com.ibm.etools.index.BuildInfo" Type="class" Package="com.ibm.etools.index" Modifers="public" Superclass="java.lang.Object"/>
</BuildInfo>
<BuildInfo logging.util.id="com.ibm.etools.validate.mof.plugin.BuildInfo_11888036882200000" logging.util.agent_idref="com.ibm.etools.validation" logging.util.MsgLoggerLevel="CONFIG" WSABuildLevel="20040506_1735-WB213-AD-V512D-W5">
 <Class Instance_Name="Class" logging.util.id="java.lang.Class_11888036882200001" Name="com.ibm.etools.validate.mof.plugin.BuildInfo" Type="class" Package="com.ibm.etools.validate.mof.plugin" Modifers="public" Superclass="java.lang.Object"/>
</BuildInfo>
