<!-- com.ibm.etools.logging.util log file -->
<NODE logging.util.node_id="NODE.192.168.9.87" logging.util.hostname="192.168.9.87" logging.util.ipaddress="192.168.9.87" logging.util.timezone="180" logging.util.time="1184840596,547"/>
<PROCESS_CREATE logging.util.process_id="PROCESS_CREATE.eclipse.1184840596,547" logging.util.pid="24183153" logging.util.node_idref="NODE.192.168.9.87" logging.util.time="1184840596,547" logging.util.process_environment="unknown" logging.util.process_application_execution=""/>
<AGENT_CREATE logging.util.agent_id="AGENT_CREATE.com.ibm.etools.logging.util.1184840595,125" logging.util.agent_version="1.000" logging.util.process_idref="PROCESS_CREATE.eclipse.1184840596,547" logging.util.agent_name="com.ibm.etools.logging.util" logging.util.agent_type="Logging" logging.util.agent_parameters="" logging.util.time="1184840595,125"/>
<BuildInfo logging.util.id="com.ibm.etools.logging.util.BuildInfo_11848405952150000" logging.util.agent_idref="com.ibm.etools.logging.util" logging.util.MsgLoggerLevel="CONFIG" WSABuildLevel="20040506_1735-WB213-AD-V512D-W5">
 <Class Instance_Name="Class" logging.util.id="java.lang.Class_11848405952250000" Name="com.ibm.etools.logging.util.BuildInfo" Type="class" Package="com.ibm.etools.logging.util" Modifers="public" Superclass="java.lang.Object"/>
</BuildInfo>
<AGENT_CREATE logging.util.agent_id="AGENT_CREATE.com.ibm.etools.validation.1184840599,281" logging.util.agent_version="1.000" logging.util.process_idref="PROCESS_CREATE.eclipse.1184840596,547" logging.util.agent_name="com.ibm.etools.validation" logging.util.agent_type="Logging" logging.util.agent_parameters="" logging.util.time="1184840599,281"/>
<BuildInfo logging.util.id="com.ibm.etools.validate.plugin.BuildInfo_11848405992810000" logging.util.agent_idref="com.ibm.etools.validation" logging.util.MsgLoggerLevel="CONFIG" WSABuildLevel="20040506_1735-WB213-AD-V512D-W5">
 <Class Instance_Name="Class" logging.util.id="java.lang.Class_11848405992810001" Name="com.ibm.etools.validate.plugin.BuildInfo" Type="class" Package="com.ibm.etools.validate.plugin" Modifers="public" Superclass="java.lang.Object"/>
</BuildInfo>
<BuildInfo logging.util.id="com.ibm.etools.validate.mof.plugin.BuildInfo_11848405993110000" logging.util.agent_idref="com.ibm.etools.validation" logging.util.MsgLoggerLevel="CONFIG" WSABuildLevel="20040506_1735-WB213-AD-V512D-W5">
 <Class Instance_Name="Class" logging.util.id="java.lang.Class_11848405993110001" Name="com.ibm.etools.validate.mof.plugin.BuildInfo" Type="class" Package="com.ibm.etools.validate.mof.plugin" Modifers="public" Superclass="java.lang.Object"/>
</BuildInfo>
<AGENT_CREATE logging.util.agent_id="AGENT_CREATE.com.ibm.sed.model.1184840599,351" logging.util.agent_version="1.000" logging.util.process_idref="PROCESS_CREATE.eclipse.1184840596,547" logging.util.agent_name="com.ibm.sed.model" logging.util.agent_type="Logging" logging.util.agent_parameters="" logging.util.time="1184840599,351"/>
<BuildInfo logging.util.id="com.ibm.sed.model.BuildInfo_11848405993610000" logging.util.agent_idref="com.ibm.sed.model" logging.util.MsgLoggerLevel="CONFIG" WSABuildLevel="20040506_1735-WB213-AD-V512D-W5">
 <Class Instance_Name="Class" logging.util.id="java.lang.Class_11848405993610001" Name="com.ibm.sed.model.BuildInfo" Type="class" Package="com.ibm.sed.model" Modifers="public" Superclass="java.lang.Object"/>
</BuildInfo>
<AGENT_CREATE logging.util.agent_id="AGENT_CREATE.com.ibm.etools.websphere.tools.v5.common.1184840606,963" logging.util.agent_version="1.000" logging.util.process_idref="PROCESS_CREATE.eclipse.1184840596,547" logging.util.agent_name="com.ibm.etools.websphere.tools.v5.common" logging.util.agent_type="Logging" logging.util.agent_parameters="" logging.util.time="1184840606,963"/>
<String logging.util.agent_idref="com.ibm.etools.websphere.tools.v5.common" logging.util.MsgLoggerLevel="CONFIG" Value="5.1.1"/>
<AGENT_CREATE logging.util.agent_id="AGENT_CREATE.com.ibm.etools.websphere.tools.common.1184840607,063" logging.util.agent_version="1.000" logging.util.process_idref="PROCESS_CREATE.eclipse.1184840596,547" logging.util.agent_name="com.ibm.etools.websphere.tools.common" logging.util.agent_type="Logging" logging.util.agent_parameters="" logging.util.time="1184840607,063"/>
<String logging.util.agent_idref="com.ibm.etools.websphere.tools.common" logging.util.MsgLoggerLevel="CONFIG" Value="5.1.1.1"/>
<AGENT_CREATE logging.util.agent_id="AGENT_CREATE.com.ibm.etools.rdblib.1184840607,153" logging.util.agent_version="1.000" logging.util.process_idref="PROCESS_CREATE.eclipse.1184840596,547" logging.util.agent_name="com.ibm.etools.rdblib" logging.util.agent_type="Logging" logging.util.agent_parameters="" logging.util.time="1184840607,153"/>
<BuildInfo logging.util.id="com.ibm.etools.rdblib.BuildInfo_11848406071630000" logging.util.agent_idref="com.ibm.etools.rdblib" logging.util.MsgLoggerLevel="CONFIG" WSABuildLevel="20040506_1735-WB213-AD-V512D-W5">
 <Class Instance_Name="Class" logging.util.id="java.lang.Class_11848406071630001" Name="com.ibm.etools.rdblib.BuildInfo" Type="class" Package="com.ibm.etools.rdblib" Modifers="public" Superclass="java.lang.Object"/>
</BuildInfo>
<String logging.util.agent_idref="com.ibm.etools.websphere.tools.v5.common" logging.util.MsgLoggerLevel="WARNING" Value="2 Thu Jul 19 14:23:27 MSD 2007 com.ibm.etools.websphere.tools.v5.common.internal.WebSpherePluginV5Common.startup(): Cannot set the impl factory property jar file java variable."/>
<AGENT_CREATE logging.util.agent_id="AGENT_CREATE.com.ibm.etools.websphere.tools.v51.1184840610,969" logging.util.agent_version="1.000" logging.util.process_idref="PROCESS_CREATE.eclipse.1184840596,547" logging.util.agent_name="com.ibm.etools.websphere.tools.v51" logging.util.agent_type="Logging" logging.util.agent_parameters="" logging.util.time="1184840610,969"/>
<String logging.util.agent_idref="com.ibm.etools.websphere.tools.v51" logging.util.MsgLoggerLevel="CONFIG" Value="5.1.1.1"/>
<String logging.util.agent_idref="com.ibm.etools.websphere.tools.v5.common" logging.util.MsgLoggerLevel="WARNING" Value="2 Thu Jul 19 14:23:30 MSD 2007 com.ibm.etools.websphere.tools.v51.WebSpherePluginV51.startup(): Cannot set the impl factory property jar file java variable."/>
<AGENT_CREATE logging.util.agent_id="AGENT_CREATE.com.ibm.etools.webtools.1184840646,845" logging.util.agent_version="1.000" logging.util.process_idref="PROCESS_CREATE.eclipse.1184840596,547" logging.util.agent_name="com.ibm.etools.webtools" logging.util.agent_type="Logging" logging.util.agent_parameters="" logging.util.time="1184840646,845"/>
<BuildInfo logging.util.id="com.ibm.etools.logging.util.BuildInfo_11848406468450000" logging.util.agent_idref="com.ibm.etools.webtools" logging.util.MsgLoggerLevel="CONFIG" WSABuildLevel="20040506_1735-WB213-AD-V512D-W5">
 <Class Instance_Name="Class" logging.util.id="java.lang.Class_11848406468450001" Name="com.ibm.etools.logging.util.BuildInfo" Type="class" Package="com.ibm.etools.logging.util" Modifers="public" Superclass="java.lang.Object"/>
</BuildInfo>
<String logging.util.agent_idref="com.ibm.etools.webtools" logging.util.MsgLoggerLevel="CONFIG" Value="20040506_1735-WB213-AD-V512D-W5"/>
<AGENT_CREATE logging.util.agent_id="AGENT_CREATE.Default Logging Agent.1184840646,955" logging.util.agent_version="1.000" logging.util.process_idref="PROCESS_CREATE.eclipse.1184840596,547" logging.util.agent_name="Default Logging Agent" logging.util.agent_type="Logging" logging.util.agent_parameters="" logging.util.time="1184840646,955"/>
<BuildInfo logging.util.id="com.ibm.sed.preferences.BuildInfo_11848406469550000" logging.util.agent_idref="Default Logging Agent" logging.util.MsgLoggerLevel="CONFIG" WSABuildLevel="20040506_1735-WB213-AD-V512D-W5">
 <Class Instance_Name="Class" logging.util.id="java.lang.Class_11848406469550001" Name="com.ibm.sed.preferences.BuildInfo" Type="class" Package="com.ibm.sed.preferences" Modifers="public" Superclass="java.lang.Object"/>
</BuildInfo>
<AGENT_CREATE logging.util.agent_id="AGENT_CREATE.com.ibm.etools.struts.1184840647,276" logging.util.agent_version="1.000" logging.util.process_idref="PROCESS_CREATE.eclipse.1184840596,547" logging.util.agent_name="com.ibm.etools.struts" logging.util.agent_type="Logging" logging.util.agent_parameters="" logging.util.time="1184840647,276"/>
<BuildInfo logging.util.id="com.ibm.etools.struts.BuildInfo_11848406472760000" logging.util.agent_idref="com.ibm.etools.struts" logging.util.MsgLoggerLevel="CONFIG" WSABuildLevel="20041126_1413-WB213-AD-V512D-ifix006">
 <Class Instance_Name="Class" logging.util.id="java.lang.Class_11848406472760001" Name="com.ibm.etools.struts.BuildInfo" Type="class" Package="com.ibm.etools.struts" Modifers="public" Superclass="java.lang.Object"/>
</BuildInfo>
<BuildInfo logging.util.id="com.ibm.etools.index.BuildInfo_11848407090420000" logging.util.agent_idref="Default Logging Agent" logging.util.MsgLoggerLevel="CONFIG" WSABuildLevel="20040506_1735-WB213-AD-V512D-W5">
 <Class Instance_Name="Class" logging.util.id="java.lang.Class_11848407090420001" Name="com.ibm.etools.index.BuildInfo" Type="class" Package="com.ibm.etools.index" Modifers="public" Superclass="java.lang.Object"/>
</BuildInfo>
<BuildInfo logging.util.id="com.ibm.etools.validate.mof.plugin.BuildInfo_11848407116160000" logging.util.agent_idref="com.ibm.etools.validation" logging.util.MsgLoggerLevel="CONFIG" WSABuildLevel="20040506_1735-WB213-AD-V512D-W5">
 <Class Instance_Name="Class" logging.util.id="java.lang.Class_11848407116160001" Name="com.ibm.etools.validate.mof.plugin.BuildInfo" Type="class" Package="com.ibm.etools.validate.mof.plugin" Modifers="public" Superclass="java.lang.Object"/>
</BuildInfo>
