<!-- com.ibm.etools.logging.util log file -->
<NODE logging.util.node_id="NODE.ms" logging.util.hostname="ms" logging.util.ipaddress="192.168.4.246" logging.util.timezone="180" logging.util.time="1103283431,546"/>
<PROCESS_CREATE logging.util.process_id="PROCESS_CREATE.eclipse.1103283431,546" logging.util.pid="24183153" logging.util.node_idref="NODE.ms" logging.util.time="1103283431,546" logging.util.process_environment="unknown" logging.util.process_application_execution=""/>
<AGENT_CREATE logging.util.agent_id="AGENT_CREATE.Default Logging Agent.1103269446,64" logging.util.agent_version="1.000" logging.util.process_idref="PROCESS_CREATE.eclipse.1103283431,546" logging.util.agent_name="Default Logging Agent" logging.util.agent_type="Logging" logging.util.agent_parameters="" logging.util.time="1103269446,64"/>
<Status logging.util.id="org.eclipse.core.runtime.Status_11032834313900000" logging.util.agent_idref="Default Logging Agent" logging.util.MsgLoggerLevel="SEVERE" Code="0" Message="" Plugin="com.ibm.etools.webedit.viewer" Severity="4">
 <Array Instance_Name="Children" logging.util.id="Array[org.eclipse.core.runtime.IStatus]_11032834313900001">
 </Array>
 <ResourceException Instance_Name="Exception" logging.util.id="org.eclipse.core.internal.resources.ResourceException_11032834313900002" Message="Resource /CollaborationWEB/Web Content/ejb/<%=request.getContextPath() + "/ejb/" %>banner.jsp does not exist.">
  <String Instance_Name="Exception" Value="at java.lang.Throwable.&lt;init&gt;(Throwable.java)"/>
  <String Instance_Name="Exception" Value="at java.lang.Throwable.&lt;init&gt;(Throwable.java)"/>
  <String Instance_Name="Exception" Value="at org.eclipse.core.runtime.CoreException.&lt;init&gt;(CoreException.java)"/>
  <String Instance_Name="Exception" Value="at org.eclipse.core.internal.resources.ResourceException.&lt;init&gt;(ResourceException.java)"/>
  <String Instance_Name="Exception" Value="at org.eclipse.core.internal.resources.Resource.checkExists(Resource.java)"/>
  <String Instance_Name="Exception" Value="at org.eclipse.core.internal.resources.Resource.checkAccessible(Resource.java)"/>
  <String Instance_Name="Exception" Value="at org.eclipse.core.internal.resources.File.getContents(File.java)"/>
  <String Instance_Name="Exception" Value="at com.ibm.sed.model.ModelManagerImpl._commonGetModel(ModelManagerImpl.java:719)"/>
  <String Instance_Name="Exception" Value="at com.ibm.sed.model.ModelManagerImpl.getModelForRead(ModelManagerImpl.java:627)"/>
  <String Instance_Name="Exception" Value="at com.ibm.etools.webedit.viewer.utils.ModelManagerUtil.getModel(ModelManagerUtil.java:159)"/>
  <String Instance_Name="Exception" Value="at com.ibm.etools.webedit.viewer.utils.ModelManagerUtil.getModel(ModelManagerUtil.java:141)"/>
  <String Instance_Name="Exception" Value="at com.ibm.etools.webedit.viewer.utils.ModelManagerUtil.getModelForRead(ModelManagerUtil.java:308)"/>
  <String Instance_Name="Exception" Value="at com.ibm.etools.webedit.viewer.utils.LinkUtil.getModel(LinkUtil.java:331)"/>
  <String Instance_Name="Exception" Value="at com.ibm.etools.webedit.viewer.utils.LinkUtil.getModel(LinkUtil.java:369)"/>
  <String Instance_Name="Exception" Value="at com.ibm.etools.webedit.viewer.internal.frame.FramePageNodeImpl.updateSrc(FramePageNodeImpl.java:289)"/>
  <String Instance_Name="Exception" Value="at com.ibm.etools.webedit.viewer.internal.frame.FramePageNodeImpl.updateAttrs(FramePageNodeImpl.java:223)"/>
  <String Instance_Name="Exception" Value="at com.ibm.etools.webedit.viewer.internal.frame.FramePageNodeImpl.setElement(FramePageNodeImpl.java:184)"/>
  <String Instance_Name="Exception" Value="at com.ibm.etools.webedit.viewer.internal.frame.FrameSetNodeImpl.updateFrames(FrameSetNodeImpl.java:292)"/>
  <String Instance_Name="Exception" Value="at com.ibm.etools.webedit.viewer.internal.frame.FrameSetNodeImpl.setElement(FrameSetNodeImpl.java:214)"/>
  <String Instance_Name="Exception" Value="at com.ibm.etools.webedit.viewer.internal.frame.FrameManagerImpl.updateFrameTree(FrameManagerImpl.java:521)"/>
  <String Instance_Name="Exception" Value="at com.ibm.etools.webedit.viewer.internal.frame.FrameManagerImpl.setModel(FrameManagerImpl.java:468)"/>
  <String Instance_Name="Exception" Value="at com.ibm.etools.webedit.frame.FrameLayouterImpl.setModel(FrameLayouterImpl.java:155)"/>
  <String Instance_Name="Exception" Value="at com.ibm.etools.webedit.editor.HTMLDesignPage.setModel(HTMLDesignPage.java:1285)"/>
  <String Instance_Name="Exception" Value="at com.ibm.etools.webedit.editor.HTMLEditor.createDesignPage(HTMLEditor.java:854)"/>
  <String Instance_Name="Exception" Value="at com.ibm.etools.webedit.editor.HTMLEditor.createPages(HTMLEditor.java:897)"/>
  <String Instance_Name="Exception" Value="at org.eclipse.ui.part.MultiPageEditorPart.createPartControl(MultiPageEditorPart.java:167)"/>
  <String Instance_Name="Exception" Value="at org.eclipse.ui.internal.PartPane$4.run(PartPane.java:141)"/>
  <String Instance_Name="Exception" Value="at org.eclipse.core.internal.runtime.InternalPlatform.run(InternalPlatform.java)"/>
  <String Instance_Name="Exception" Value="at org.eclipse.core.runtime.Platform.run(Platform.java)"/>
  <String Instance_Name="Exception" Value="at org.eclipse.ui.internal.PartPane.createChildControl(PartPane.java:137)"/>
  <String Instance_Name="Exception" Value="at org.eclipse.ui.internal.PartPane.createControl(PartPane.java:186)"/>
  <String Instance_Name="Exception" Value="at org.eclipse.ui.internal.EditorWorkbook.createPage(EditorWorkbook.java:387)"/>
  <String Instance_Name="Exception" Value="at org.eclipse.ui.internal.EditorWorkbook.add(EditorWorkbook.java:123)"/>
  <String Instance_Name="Exception" Value="at org.eclipse.ui.internal.EditorArea.addEditor(EditorArea.java:55)"/>
  <String Instance_Name="Exception" Value="at org.eclipse.ui.internal.EditorPresentation.openEditor(EditorPresentation.java:351)"/>
  <String Instance_Name="Exception" Value="at org.eclipse.ui.internal.EditorManager$2.run(EditorManager.java:585)"/>
  <String Instance_Name="Exception" Value="at org.eclipse.swt.custom.BusyIndicator.showWhile(BusyIndicator.java)"/>
  <String Instance_Name="Exception" Value="at org.eclipse.ui.internal.EditorManager.createEditorTab(EditorManager.java)"/>
  <String Instance_Name="Exception" Value="at org.eclipse.ui.internal.EditorManager.openInternalEditor(EditorManager.java:668)"/>
  <String Instance_Name="Exception" Value="at org.eclipse.ui.internal.EditorManager.openEditorFromDescriptor(EditorManager.java:459)"/>
  <String Instance_Name="Exception" Value="at org.eclipse.ui.internal.EditorManager.openEditorFromInput(EditorManager.java:333)"/>
  <String Instance_Name="Exception" Value="at org.eclipse.ui.internal.EditorManager.openEditor(EditorManager.java:424)"/>
  <String Instance_Name="Exception" Value="at org.eclipse.ui.internal.WorkbenchPage.busyOpenEditor(WorkbenchPage.java:2056)"/>
  <String Instance_Name="Exception" Value="at org.eclipse.ui.internal.WorkbenchPage.access$6(WorkbenchPage.java:2004)"/>
  <String Instance_Name="Exception" Value="at org.eclipse.ui.internal.WorkbenchPage$9.run(WorkbenchPage.java:1991)"/>
  <String Instance_Name="Exception" Value="at org.eclipse.swt.custom.BusyIndicator.showWhile(BusyIndicator.java)"/>
  <String Instance_Name="Exception" Value="at org.eclipse.ui.internal.WorkbenchPage.openEditor(WorkbenchPage.java:1986)"/>
  <String Instance_Name="Exception" Value="at org.eclipse.ui.internal.WorkbenchPage.openEditor(WorkbenchPage.java:1887)"/>
  <String Instance_Name="Exception" Value="at com.ibm.etools.webtools.webview.eclipse.OpenAction.run(OpenAction.java:177)"/>
  <String Instance_Name="Exception" Value="at com.ibm.etools.webtools.webview.eclipse.OpenAction.run(OpenAction.java:165)"/>
  <String Instance_Name="Exception" Value="at com.ibm.etools.webtools.webview.actions.WebViewOpenAction.run(WebViewOpenAction.java:133)"/>
  <String Instance_Name="Exception" Value="at org.eclipse.jdt.ui.actions.SelectionDispatchAction.dispatchRun(SelectionDispatchAction.java:191)"/>
  <String Instance_Name="Exception" Value="at org.eclipse.jdt.ui.actions.SelectionDispatchAction.run(SelectionDispatchAction.java:169)"/>
  <String Instance_Name="Exception" Value="at com.ibm.etools.webtools.webview.eclipse.OpenEditorActionGroup.runDefaultAction(OpenEditorActionGroup.java:174)"/>
  <String Instance_Name="Exception" Value="at com.ibm.etools.webtools.webview.actions.WebViewActionGroup.runDefaultAction(WebViewActionGroup.java:237)"/>
  <String Instance_Name="Exception" Value="at com.ibm.etools.webtools.webview.WebViewPart.handleOpen(WebViewPart.java:653)"/>
  <String Instance_Name="Exception" Value="at com.ibm.etools.webtools.webview.WebViewPart$6.open(WebViewPart.java:399)"/>
  <String Instance_Name="Exception" Value="at org.eclipse.jface.viewers.StructuredViewer$2.run(StructuredViewer.java:397)"/>
  <String Instance_Name="Exception" Value="at org.eclipse.core.internal.runtime.InternalPlatform.run(InternalPlatform.java)"/>
  <String Instance_Name="Exception" Value="at org.eclipse.core.runtime.Platform.run(Platform.java)"/>
  <String Instance_Name="Exception" Value="at org.eclipse.jface.viewers.StructuredViewer.fireOpen(StructuredViewer.java:395)"/>
  <String Instance_Name="Exception" Value="at org.eclipse.jface.viewers.StructuredViewer.handleOpen(StructuredViewer.java:605)"/>
  <String Instance_Name="Exception" Value="at org.eclipse.jface.viewers.StructuredViewer$6.handleOpen(StructuredViewer.java:694)"/>
  <String Instance_Name="Exception" Value="at org.eclipse.jface.util.OpenStrategy.fireOpenEvent(OpenStrategy.java:209)"/>
  <String Instance_Name="Exception" Value="at org.eclipse.jface.util.OpenStrategy.access$2(OpenStrategy.java)"/>
  <String Instance_Name="Exception" Value="at org.eclipse.jface.util.OpenStrategy$1.handleEvent(OpenStrategy.java)"/>
  <String Instance_Name="Exception" Value="at org.eclipse.swt.widgets.EventTable.sendEvent(EventTable.java)"/>
  <String Instance_Name="Exception" Value="at org.eclipse.swt.widgets.Widget.sendEvent(Widget.java)"/>
  <String Instance_Name="Exception" Value="at org.eclipse.swt.widgets.Display.runDeferredEvents(Display.java)"/>
  <String Instance_Name="Exception" Value="at org.eclipse.swt.widgets.Display.readAndDispatch(Display.java)"/>
  <String Instance_Name="Exception" Value="at org.eclipse.ui.internal.Workbench.runEventLoop(Workbench.java:1402)"/>
  <String Instance_Name="Exception" Value="at org.eclipse.ui.internal.Workbench.run(Workbench.java:1385)"/>
  <String Instance_Name="Exception" Value="at org.eclipse.core.internal.boot.InternalBootLoader.run(InternalBootLoader.java:858)"/>
  <String Instance_Name="Exception" Value="at org.eclipse.core.boot.BootLoader.run(BootLoader.java:461)"/>
  <String Instance_Name="Exception" Value="at java.lang.reflect.AccessibleObject.invokeL(AccessibleObject.java:207)"/>
  <String Instance_Name="Exception" Value="at java.lang.reflect.Method.invoke(Method.java:271)"/>
  <String Instance_Name="Exception" Value="at org.eclipse.core.launcher.Main.basicRun(Main.java:291)"/>
  <String Instance_Name="Exception" Value="at org.eclipse.core.launcher.Main.run(Main.java:747)"/>
  <String Instance_Name="Exception" Value="at org.eclipse.core.launcher.Main.main(Main.java:583)"/>
 </ResourceException>
 <Class Instance_Name="Class" logging.util.id="java.lang.Class_11032834315310000" Name="org.eclipse.core.runtime.Status" Type="class" Package="org.eclipse.core.runtime" Modifers="public" Superclass="java.lang.Object"/>
</Status>
<Status logging.util.id="org.eclipse.core.runtime.Status_11032834315620000" logging.util.agent_idref="Default Logging Agent" logging.util.MsgLoggerLevel="SEVERE" Code="0" Message="" Plugin="com.ibm.etools.webedit.viewer" Severity="4">
 <Array Instance_Name="Children" logging.util.id="Array[org.eclipse.core.runtime.IStatus]_11032834315620001">
 </Array>
 <ResourceException Instance_Name="Exception" logging.util.id="org.eclipse.core.internal.resources.ResourceException_11032834315620002" Message="Resource /CollaborationWEB/Web Content/ejb/<%=request.getContextPath() + "/ejb/" %>banner.jsp does not exist.">
  <String Instance_Name="Exception" Value="at java.lang.Throwable.&lt;init&gt;(Throwable.java)"/>
  <String Instance_Name="Exception" Value="at java.lang.Throwable.&lt;init&gt;(Throwable.java)"/>
  <String Instance_Name="Exception" Value="at org.eclipse.core.runtime.CoreException.&lt;init&gt;(CoreException.java)"/>
  <String Instance_Name="Exception" Value="at org.eclipse.core.internal.resources.ResourceException.&lt;init&gt;(ResourceException.java)"/>
  <String Instance_Name="Exception" Value="at org.eclipse.core.internal.resources.Resource.checkExists(Resource.java)"/>
  <String Instance_Name="Exception" Value="at org.eclipse.core.internal.resources.Resource.checkAccessible(Resource.java)"/>
  <String Instance_Name="Exception" Value="at org.eclipse.core.internal.resources.File.getContents(File.java)"/>
  <String Instance_Name="Exception" Value="at com.ibm.sed.model.ModelManagerImpl._commonGetModel(ModelManagerImpl.java:719)"/>
  <String Instance_Name="Exception" Value="at com.ibm.sed.model.ModelManagerImpl.getModelForRead(ModelManagerImpl.java:627)"/>
  <String Instance_Name="Exception" Value="at com.ibm.etools.webedit.viewer.utils.ModelManagerUtil.getModel(ModelManagerUtil.java:159)"/>
  <String Instance_Name="Exception" Value="at com.ibm.etools.webedit.viewer.utils.ModelManagerUtil.getModel(ModelManagerUtil.java:141)"/>
  <String Instance_Name="Exception" Value="at com.ibm.etools.webedit.viewer.utils.ModelManagerUtil.getModelForRead(ModelManagerUtil.java:324)"/>
  <String Instance_Name="Exception" Value="at com.ibm.etools.webedit.viewer.internal.frame.FramePageNodeImpl.updateSrc(FramePageNodeImpl.java:296)"/>
  <String Instance_Name="Exception" Value="at com.ibm.etools.webedit.viewer.internal.frame.FramePageNodeImpl.updateAttrs(FramePageNodeImpl.java:223)"/>
  <String Instance_Name="Exception" Value="at com.ibm.etools.webedit.viewer.internal.frame.FramePageNodeImpl.setElement(FramePageNodeImpl.java:184)"/>
  <String Instance_Name="Exception" Value="at com.ibm.etools.webedit.viewer.internal.frame.FrameSetNodeImpl.updateFrames(FrameSetNodeImpl.java:292)"/>
  <String Instance_Name="Exception" Value="at com.ibm.etools.webedit.viewer.internal.frame.FrameSetNodeImpl.setElement(FrameSetNodeImpl.java:214)"/>
  <String Instance_Name="Exception" Value="at com.ibm.etools.webedit.viewer.internal.frame.FrameManagerImpl.updateFrameTree(FrameManagerImpl.java:521)"/>
  <String Instance_Name="Exception" Value="at com.ibm.etools.webedit.viewer.internal.frame.FrameManagerImpl.setModel(FrameManagerImpl.java:468)"/>
  <String Instance_Name="Exception" Value="at com.ibm.etools.webedit.frame.FrameLayouterImpl.setModel(FrameLayouterImpl.java:155)"/>
  <String Instance_Name="Exception" Value="at com.ibm.etools.webedit.editor.HTMLDesignPage.setModel(HTMLDesignPage.java:1285)"/>
  <String Instance_Name="Exception" Value="at com.ibm.etools.webedit.editor.HTMLEditor.createDesignPage(HTMLEditor.java:854)"/>
  <String Instance_Name="Exception" Value="at com.ibm.etools.webedit.editor.HTMLEditor.createPages(HTMLEditor.java:897)"/>
  <String Instance_Name="Exception" Value="at org.eclipse.ui.part.MultiPageEditorPart.createPartControl(MultiPageEditorPart.java:167)"/>
  <String Instance_Name="Exception" Value="at org.eclipse.ui.internal.PartPane$4.run(PartPane.java:141)"/>
  <String Instance_Name="Exception" Value="at org.eclipse.core.internal.runtime.InternalPlatform.run(InternalPlatform.java)"/>
  <String Instance_Name="Exception" Value="at org.eclipse.core.runtime.Platform.run(Platform.java)"/>
  <String Instance_Name="Exception" Value="at org.eclipse.ui.internal.PartPane.createChildControl(PartPane.java:137)"/>
  <String Instance_Name="Exception" Value="at org.eclipse.ui.internal.PartPane.createControl(PartPane.java:186)"/>
  <String Instance_Name="Exception" Value="at org.eclipse.ui.internal.EditorWorkbook.createPage(EditorWorkbook.java:387)"/>
  <String Instance_Name="Exception" Value="at org.eclipse.ui.internal.EditorWorkbook.add(EditorWorkbook.java:123)"/>
  <String Instance_Name="Exception" Value="at org.eclipse.ui.internal.EditorArea.addEditor(EditorArea.java:55)"/>
  <String Instance_Name="Exception" Value="at org.eclipse.ui.internal.EditorPresentation.openEditor(EditorPresentation.java:351)"/>
  <String Instance_Name="Exception" Value="at org.eclipse.ui.internal.EditorManager$2.run(EditorManager.java:585)"/>
  <String Instance_Name="Exception" Value="at org.eclipse.swt.custom.BusyIndicator.showWhile(BusyIndicator.java)"/>
  <String Instance_Name="Exception" Value="at org.eclipse.ui.internal.EditorManager.createEditorTab(EditorManager.java)"/>
  <String Instance_Name="Exception" Value="at org.eclipse.ui.internal.EditorManager.openInternalEditor(EditorManager.java:668)"/>
  <String Instance_Name="Exception" Value="at org.eclipse.ui.internal.EditorManager.openEditorFromDescriptor(EditorManager.java:459)"/>
  <String Instance_Name="Exception" Value="at org.eclipse.ui.internal.EditorManager.openEditorFromInput(EditorManager.java:333)"/>
  <String Instance_Name="Exception" Value="at org.eclipse.ui.internal.EditorManager.openEditor(EditorManager.java:424)"/>
  <String Instance_Name="Exception" Value="at org.eclipse.ui.internal.WorkbenchPage.busyOpenEditor(WorkbenchPage.java:2056)"/>
  <String Instance_Name="Exception" Value="at org.eclipse.ui.internal.WorkbenchPage.access$6(WorkbenchPage.java:2004)"/>
  <String Instance_Name="Exception" Value="at org.eclipse.ui.internal.WorkbenchPage$9.run(WorkbenchPage.java:1991)"/>
  <String Instance_Name="Exception" Value="at org.eclipse.swt.custom.BusyIndicator.showWhile(BusyIndicator.java)"/>
  <String Instance_Name="Exception" Value="at org.eclipse.ui.internal.WorkbenchPage.openEditor(WorkbenchPage.java:1986)"/>
  <String Instance_Name="Exception" Value="at org.eclipse.ui.internal.WorkbenchPage.openEditor(WorkbenchPage.java:1887)"/>
  <String Instance_Name="Exception" Value="at com.ibm.etools.webtools.webview.eclipse.OpenAction.run(OpenAction.java:177)"/>
  <String Instance_Name="Exception" Value="at com.ibm.etools.webtools.webview.eclipse.OpenAction.run(OpenAction.java:165)"/>
  <String Instance_Name="Exception" Value="at com.ibm.etools.webtools.webview.actions.WebViewOpenAction.run(WebViewOpenAction.java:133)"/>
  <String Instance_Name="Exception" Value="at org.eclipse.jdt.ui.actions.SelectionDispatchAction.dispatchRun(SelectionDispatchAction.java:191)"/>
  <String Instance_Name="Exception" Value="at org.eclipse.jdt.ui.actions.SelectionDispatchAction.run(SelectionDispatchAction.java:169)"/>
  <String Instance_Name="Exception" Value="at com.ibm.etools.webtools.webview.eclipse.OpenEditorActionGroup.runDefaultAction(OpenEditorActionGroup.java:174)"/>
  <String Instance_Name="Exception" Value="at com.ibm.etools.webtools.webview.actions.WebViewActionGroup.runDefaultAction(WebViewActionGroup.java:237)"/>
  <String Instance_Name="Exception" Value="at com.ibm.etools.webtools.webview.WebViewPart.handleOpen(WebViewPart.java:653)"/>
  <String Instance_Name="Exception" Value="at com.ibm.etools.webtools.webview.WebViewPart$6.open(WebViewPart.java:399)"/>
  <String Instance_Name="Exception" Value="at org.eclipse.jface.viewers.StructuredViewer$2.run(StructuredViewer.java:397)"/>
  <String Instance_Name="Exception" Value="at org.eclipse.core.internal.runtime.InternalPlatform.run(InternalPlatform.java)"/>
  <String Instance_Name="Exception" Value="at org.eclipse.core.runtime.Platform.run(Platform.java)"/>
  <String Instance_Name="Exception" Value="at org.eclipse.jface.viewers.StructuredViewer.fireOpen(StructuredViewer.java:395)"/>
  <String Instance_Name="Exception" Value="at org.eclipse.jface.viewers.StructuredViewer.handleOpen(StructuredViewer.java:605)"/>
  <String Instance_Name="Exception" Value="at org.eclipse.jface.viewers.StructuredViewer$6.handleOpen(StructuredViewer.java:694)"/>
  <String Instance_Name="Exception" Value="at org.eclipse.jface.util.OpenStrategy.fireOpenEvent(OpenStrategy.java:209)"/>
  <String Instance_Name="Exception" Value="at org.eclipse.jface.util.OpenStrategy.access$2(OpenStrategy.java)"/>
  <String Instance_Name="Exception" Value="at org.eclipse.jface.util.OpenStrategy$1.handleEvent(OpenStrategy.java)"/>
  <String Instance_Name="Exception" Value="at org.eclipse.swt.widgets.EventTable.sendEvent(EventTable.java)"/>
  <String Instance_Name="Exception" Value="at org.eclipse.swt.widgets.Widget.sendEvent(Widget.java)"/>
  <String Instance_Name="Exception" Value="at org.eclipse.swt.widgets.Display.runDeferredEvents(Display.java)"/>
  <String Instance_Name="Exception" Value="at org.eclipse.swt.widgets.Display.readAndDispatch(Display.java)"/>
  <String Instance_Name="Exception" Value="at org.eclipse.ui.internal.Workbench.runEventLoop(Workbench.java:1402)"/>
  <String Instance_Name="Exception" Value="at org.eclipse.ui.internal.Workbench.run(Workbench.java:1385)"/>
  <String Instance_Name="Exception" Value="at org.eclipse.core.internal.boot.InternalBootLoader.run(InternalBootLoader.java:858)"/>
  <String Instance_Name="Exception" Value="at org.eclipse.core.boot.BootLoader.run(BootLoader.java:461)"/>
  <String Instance_Name="Exception" Value="at java.lang.reflect.AccessibleObject.invokeL(AccessibleObject.java:207)"/>
  <String Instance_Name="Exception" Value="at java.lang.reflect.Method.invoke(Method.java:271)"/>
  <String Instance_Name="Exception" Value="at org.eclipse.core.launcher.Main.basicRun(Main.java:291)"/>
  <String Instance_Name="Exception" Value="at org.eclipse.core.launcher.Main.run(Main.java:747)"/>
  <String Instance_Name="Exception" Value="at org.eclipse.core.launcher.Main.main(Main.java:583)"/>
 </ResourceException>
 <Class Instance_Name="Class" logging.util.id="java.lang.Class_11032834317030000" Name="org.eclipse.core.runtime.Status" Type="class" Package="org.eclipse.core.runtime" Modifers="public" Superclass="java.lang.Object"/>
</Status>
<Status logging.util.id="org.eclipse.core.runtime.Status_11032834317030001" logging.util.agent_idref="Default Logging Agent" logging.util.MsgLoggerLevel="SEVERE" Code="0" Message="" Plugin="com.ibm.etools.webedit.viewer" Severity="4">
 <Array Instance_Name="Children" logging.util.id="Array[org.eclipse.core.runtime.IStatus]_11032834317030002">
 </Array>
 <ResourceException Instance_Name="Exception" logging.util.id="org.eclipse.core.internal.resources.ResourceException_11032834317030003" Message="Resource /CollaborationWEB/Web Content/ejb/<%=request.getContextPath() + "/ejb/" %>navigator.jsp does not exist.">
  <String Instance_Name="Exception" Value="at java.lang.Throwable.&lt;init&gt;(Throwable.java)"/>
  <String Instance_Name="Exception" Value="at java.lang.Throwable.&lt;init&gt;(Throwable.java)"/>
  <String Instance_Name="Exception" Value="at org.eclipse.core.runtime.CoreException.&lt;init&gt;(CoreException.java)"/>
  <String Instance_Name="Exception" Value="at org.eclipse.core.internal.resources.ResourceException.&lt;init&gt;(ResourceException.java)"/>
  <String Instance_Name="Exception" Value="at org.eclipse.core.internal.resources.Resource.checkExists(Resource.java)"/>
  <String Instance_Name="Exception" Value="at org.eclipse.core.internal.resources.Resource.checkAccessible(Resource.java)"/>
  <String Instance_Name="Exception" Value="at org.eclipse.core.internal.resources.File.getContents(File.java)"/>
  <String Instance_Name="Exception" Value="at com.ibm.sed.model.ModelManagerImpl._commonGetModel(ModelManagerImpl.java:719)"/>
  <String Instance_Name="Exception" Value="at com.ibm.sed.model.ModelManagerImpl.getModelForRead(ModelManagerImpl.java:627)"/>
  <String Instance_Name="Exception" Value="at com.ibm.etools.webedit.viewer.utils.ModelManagerUtil.getModel(ModelManagerUtil.java:159)"/>
  <String Instance_Name="Exception" Value="at com.ibm.etools.webedit.viewer.utils.ModelManagerUtil.getModel(ModelManagerUtil.java:141)"/>
  <String Instance_Name="Exception" Value="at com.ibm.etools.webedit.viewer.utils.ModelManagerUtil.getModelForRead(ModelManagerUtil.java:308)"/>
  <String Instance_Name="Exception" Value="at com.ibm.etools.webedit.viewer.utils.LinkUtil.getModel(LinkUtil.java:331)"/>
  <String Instance_Name="Exception" Value="at com.ibm.etools.webedit.viewer.utils.LinkUtil.getModel(LinkUtil.java:369)"/>
  <String Instance_Name="Exception" Value="at com.ibm.etools.webedit.viewer.internal.frame.FramePageNodeImpl.updateSrc(FramePageNodeImpl.java:289)"/>
  <String Instance_Name="Exception" Value="at com.ibm.etools.webedit.viewer.internal.frame.FramePageNodeImpl.updateAttrs(FramePageNodeImpl.java:223)"/>
  <String Instance_Name="Exception" Value="at com.ibm.etools.webedit.viewer.internal.frame.FramePageNodeImpl.setElement(FramePageNodeImpl.java:184)"/>
  <String Instance_Name="Exception" Value="at com.ibm.etools.webedit.viewer.internal.frame.FrameSetNodeImpl.updateFrames(FrameSetNodeImpl.java:292)"/>
  <String Instance_Name="Exception" Value="at com.ibm.etools.webedit.viewer.internal.frame.FrameSetNodeImpl.setElement(FrameSetNodeImpl.java:214)"/>
  <String Instance_Name="Exception" Value="at com.ibm.etools.webedit.viewer.internal.frame.FrameSetNodeImpl.updateFrames(FrameSetNodeImpl.java:292)"/>
  <String Instance_Name="Exception" Value="at com.ibm.etools.webedit.viewer.internal.frame.FrameSetNodeImpl.setElement(FrameSetNodeImpl.java:214)"/>
  <String Instance_Name="Exception" Value="at com.ibm.etools.webedit.viewer.internal.frame.FrameManagerImpl.updateFrameTree(FrameManagerImpl.java:521)"/>
  <String Instance_Name="Exception" Value="at com.ibm.etools.webedit.viewer.internal.frame.FrameManagerImpl.setModel(FrameManagerImpl.java:468)"/>
  <String Instance_Name="Exception" Value="at com.ibm.etools.webedit.frame.FrameLayouterImpl.setModel(FrameLayouterImpl.java:155)"/>
  <String Instance_Name="Exception" Value="at com.ibm.etools.webedit.editor.HTMLDesignPage.setModel(HTMLDesignPage.java:1285)"/>
  <String Instance_Name="Exception" Value="at com.ibm.etools.webedit.editor.HTMLEditor.createDesignPage(HTMLEditor.java:854)"/>
  <String Instance_Name="Exception" Value="at com.ibm.etools.webedit.editor.HTMLEditor.createPages(HTMLEditor.java:897)"/>
  <String Instance_Name="Exception" Value="at org.eclipse.ui.part.MultiPageEditorPart.createPartControl(MultiPageEditorPart.java:167)"/>
  <String Instance_Name="Exception" Value="at org.eclipse.ui.internal.PartPane$4.run(PartPane.java:141)"/>
  <String Instance_Name="Exception" Value="at org.eclipse.core.internal.runtime.InternalPlatform.run(InternalPlatform.java)"/>
  <String Instance_Name="Exception" Value="at org.eclipse.core.runtime.Platform.run(Platform.java)"/>
  <String Instance_Name="Exception" Value="at org.eclipse.ui.internal.PartPane.createChildControl(PartPane.java:137)"/>
  <String Instance_Name="Exception" Value="at org.eclipse.ui.internal.PartPane.createControl(PartPane.java:186)"/>
  <String Instance_Name="Exception" Value="at org.eclipse.ui.internal.EditorWorkbook.createPage(EditorWorkbook.java:387)"/>
  <String Instance_Name="Exception" Value="at org.eclipse.ui.internal.EditorWorkbook.add(EditorWorkbook.java:123)"/>
  <String Instance_Name="Exception" Value="at org.eclipse.ui.internal.EditorArea.addEditor(EditorArea.java:55)"/>
  <String Instance_Name="Exception" Value="at org.eclipse.ui.internal.EditorPresentation.openEditor(EditorPresentation.java:351)"/>
  <String Instance_Name="Exception" Value="at org.eclipse.ui.internal.EditorManager$2.run(EditorManager.java:585)"/>
  <String Instance_Name="Exception" Value="at org.eclipse.swt.custom.BusyIndicator.showWhile(BusyIndicator.java)"/>
  <String Instance_Name="Exception" Value="at org.eclipse.ui.internal.EditorManager.createEditorTab(EditorManager.java)"/>
  <String Instance_Name="Exception" Value="at org.eclipse.ui.internal.EditorManager.openInternalEditor(EditorManager.java:668)"/>
  <String Instance_Name="Exception" Value="at org.eclipse.ui.internal.EditorManager.openEditorFromDescriptor(EditorManager.java:459)"/>
  <String Instance_Name="Exception" Value="at org.eclipse.ui.internal.EditorManager.openEditorFromInput(EditorManager.java:333)"/>
  <String Instance_Name="Exception" Value="at org.eclipse.ui.internal.EditorManager.openEditor(EditorManager.java:424)"/>
  <String Instance_Name="Exception" Value="at org.eclipse.ui.internal.WorkbenchPage.busyOpenEditor(WorkbenchPage.java:2056)"/>
  <String Instance_Name="Exception" Value="at org.eclipse.ui.internal.WorkbenchPage.access$6(WorkbenchPage.java:2004)"/>
  <String Instance_Name="Exception" Value="at org.eclipse.ui.internal.WorkbenchPage$9.run(WorkbenchPage.java:1991)"/>
  <String Instance_Name="Exception" Value="at org.eclipse.swt.custom.BusyIndicator.showWhile(BusyIndicator.java)"/>
  <String Instance_Name="Exception" Value="at org.eclipse.ui.internal.WorkbenchPage.openEditor(WorkbenchPage.java:1986)"/>
  <String Instance_Name="Exception" Value="at org.eclipse.ui.internal.WorkbenchPage.openEditor(WorkbenchPage.java:1887)"/>
  <String Instance_Name="Exception" Value="at com.ibm.etools.webtools.webview.eclipse.OpenAction.run(OpenAction.java:177)"/>
  <String Instance_Name="Exception" Value="at com.ibm.etools.webtools.webview.eclipse.OpenAction.run(OpenAction.java:165)"/>
  <String Instance_Name="Exception" Value="at com.ibm.etools.webtools.webview.actions.WebViewOpenAction.run(WebViewOpenAction.java:133)"/>
  <String Instance_Name="Exception" Value="at org.eclipse.jdt.ui.actions.SelectionDispatchAction.dispatchRun(SelectionDispatchAction.java:191)"/>
  <String Instance_Name="Exception" Value="at org.eclipse.jdt.ui.actions.SelectionDispatchAction.run(SelectionDispatchAction.java:169)"/>
  <String Instance_Name="Exception" Value="at com.ibm.etools.webtools.webview.eclipse.OpenEditorActionGroup.runDefaultAction(OpenEditorActionGroup.java:174)"/>
  <String Instance_Name="Exception" Value="at com.ibm.etools.webtools.webview.actions.WebViewActionGroup.runDefaultAction(WebViewActionGroup.java:237)"/>
  <String Instance_Name="Exception" Value="at com.ibm.etools.webtools.webview.WebViewPart.handleOpen(WebViewPart.java:653)"/>
  <String Instance_Name="Exception" Value="at com.ibm.etools.webtools.webview.WebViewPart$6.open(WebViewPart.java:399)"/>
  <String Instance_Name="Exception" Value="at org.eclipse.jface.viewers.StructuredViewer$2.run(StructuredViewer.java:397)"/>
  <String Instance_Name="Exception" Value="at org.eclipse.core.internal.runtime.InternalPlatform.run(InternalPlatform.java)"/>
  <String Instance_Name="Exception" Value="at org.eclipse.core.runtime.Platform.run(Platform.java)"/>
  <String Instance_Name="Exception" Value="at org.eclipse.jface.viewers.StructuredViewer.fireOpen(StructuredViewer.java:395)"/>
  <String Instance_Name="Exception" Value="at org.eclipse.jface.viewers.StructuredViewer.handleOpen(StructuredViewer.java:605)"/>
  <String Instance_Name="Exception" Value="at org.eclipse.jface.viewers.StructuredViewer$6.handleOpen(StructuredViewer.java:694)"/>
  <String Instance_Name="Exception" Value="at org.eclipse.jface.util.OpenStrategy.fireOpenEvent(OpenStrategy.java:209)"/>
  <String Instance_Name="Exception" Value="at org.eclipse.jface.util.OpenStrategy.access$2(OpenStrategy.java)"/>
  <String Instance_Name="Exception" Value="at org.eclipse.jface.util.OpenStrategy$1.handleEvent(OpenStrategy.java)"/>
  <String Instance_Name="Exception" Value="at org.eclipse.swt.widgets.EventTable.sendEvent(EventTable.java)"/>
  <String Instance_Name="Exception" Value="at org.eclipse.swt.widgets.Widget.sendEvent(Widget.java)"/>
  <String Instance_Name="Exception" Value="at org.eclipse.swt.widgets.Display.runDeferredEvents(Display.java)"/>
  <String Instance_Name="Exception" Value="at org.eclipse.swt.widgets.Display.readAndDispatch(Display.java)"/>
  <String Instance_Name="Exception" Value="at org.eclipse.ui.internal.Workbench.runEventLoop(Workbench.java:1402)"/>
  <String Instance_Name="Exception" Value="at org.eclipse.ui.internal.Workbench.run(Workbench.java:1385)"/>
  <String Instance_Name="Exception" Value="at org.eclipse.core.internal.boot.InternalBootLoader.run(InternalBootLoader.java:858)"/>
  <String Instance_Name="Exception" Value="at org.eclipse.core.boot.BootLoader.run(BootLoader.java:461)"/>
  <String Instance_Name="Exception" Value="at java.lang.reflect.AccessibleObject.invokeL(AccessibleObject.java:207)"/>
  <String Instance_Name="Exception" Value="at java.lang.reflect.Method.invoke(Method.java:271)"/>
  <String Instance_Name="Exception" Value="at org.eclipse.core.launcher.Main.basicRun(Main.java:291)"/>
  <String Instance_Name="Exception" Value="at org.eclipse.core.launcher.Main.run(Main.java:747)"/>
  <String Instance_Name="Exception" Value="at org.eclipse.core.launcher.Main.main(Main.java:583)"/>
 </ResourceException>
 <Class Instance_Name="Class" logging.util.id="java.lang.Class_11032834318430000" Name="org.eclipse.core.runtime.Status" Type="class" Package="org.eclipse.core.runtime" Modifers="public" Superclass="java.lang.Object"/>
</Status>
<Status logging.util.id="org.eclipse.core.runtime.Status_11032834318590000" logging.util.agent_idref="Default Logging Agent" logging.util.MsgLoggerLevel="SEVERE" Code="0" Message="" Plugin="com.ibm.etools.webedit.viewer" Severity="4">
 <Array Instance_Name="Children" logging.util.id="Array[org.eclipse.core.runtime.IStatus]_11032834318590001">
 </Array>
 <ResourceException Instance_Name="Exception" logging.util.id="org.eclipse.core.internal.resources.ResourceException_11032834318590002" Message="Resource /CollaborationWEB/Web Content/ejb/<%=request.getContextPath() + "/ejb/" %>navigator.jsp does not exist.">
  <String Instance_Name="Exception" Value="at java.lang.Throwable.&lt;init&gt;(Throwable.java)"/>
  <String Instance_Name="Exception" Value="at java.lang.Throwable.&lt;init&gt;(Throwable.java)"/>
  <String Instance_Name="Exception" Value="at org.eclipse.core.runtime.CoreException.&lt;init&gt;(CoreException.java)"/>
  <String Instance_Name="Exception" Value="at org.eclipse.core.internal.resources.ResourceException.&lt;init&gt;(ResourceException.java)"/>
  <String Instance_Name="Exception" Value="at org.eclipse.core.internal.resources.Resource.checkExists(Resource.java)"/>
  <String Instance_Name="Exception" Value="at org.eclipse.core.internal.resources.Resource.checkAccessible(Resource.java)"/>
  <String Instance_Name="Exception" Value="at org.eclipse.core.internal.resources.File.getContents(File.java)"/>
  <String Instance_Name="Exception" Value="at com.ibm.sed.model.ModelManagerImpl._commonGetModel(ModelManagerImpl.java:719)"/>
  <String Instance_Name="Exception" Value="at com.ibm.sed.model.ModelManagerImpl.getModelForRead(ModelManagerImpl.java:627)"/>
  <String Instance_Name="Exception" Value="at com.ibm.etools.webedit.viewer.utils.ModelManagerUtil.getModel(ModelManagerUtil.java:159)"/>
  <String Instance_Name="Exception" Value="at com.ibm.etools.webedit.viewer.utils.ModelManagerUtil.getModel(ModelManagerUtil.java:141)"/>
  <String Instance_Name="Exception" Value="at com.ibm.etools.webedit.viewer.utils.ModelManagerUtil.getModelForRead(ModelManagerUtil.java:324)"/>
  <String Instance_Name="Exception" Value="at com.ibm.etools.webedit.viewer.internal.frame.FramePageNodeImpl.updateSrc(FramePageNodeImpl.java:296)"/>
  <String Instance_Name="Exception" Value="at com.ibm.etools.webedit.viewer.internal.frame.FramePageNodeImpl.updateAttrs(FramePageNodeImpl.java:223)"/>
  <String Instance_Name="Exception" Value="at com.ibm.etools.webedit.viewer.internal.frame.FramePageNodeImpl.setElement(FramePageNodeImpl.java:184)"/>
  <String Instance_Name="Exception" Value="at com.ibm.etools.webedit.viewer.internal.frame.FrameSetNodeImpl.updateFrames(FrameSetNodeImpl.java:292)"/>
  <String Instance_Name="Exception" Value="at com.ibm.etools.webedit.viewer.internal.frame.FrameSetNodeImpl.setElement(FrameSetNodeImpl.java:214)"/>
  <String Instance_Name="Exception" Value="at com.ibm.etools.webedit.viewer.internal.frame.FrameSetNodeImpl.updateFrames(FrameSetNodeImpl.java:292)"/>
  <String Instance_Name="Exception" Value="at com.ibm.etools.webedit.viewer.internal.frame.FrameSetNodeImpl.setElement(FrameSetNodeImpl.java:214)"/>
  <String Instance_Name="Exception" Value="at com.ibm.etools.webedit.viewer.internal.frame.FrameManagerImpl.updateFrameTree(FrameManagerImpl.java:521)"/>
  <String Instance_Name="Exception" Value="at com.ibm.etools.webedit.viewer.internal.frame.FrameManagerImpl.setModel(FrameManagerImpl.java:468)"/>
  <String Instance_Name="Exception" Value="at com.ibm.etools.webedit.frame.FrameLayouterImpl.setModel(FrameLayouterImpl.java:155)"/>
  <String Instance_Name="Exception" Value="at com.ibm.etools.webedit.editor.HTMLDesignPage.setModel(HTMLDesignPage.java:1285)"/>
  <String Instance_Name="Exception" Value="at com.ibm.etools.webedit.editor.HTMLEditor.createDesignPage(HTMLEditor.java:854)"/>
  <String Instance_Name="Exception" Value="at com.ibm.etools.webedit.editor.HTMLEditor.createPages(HTMLEditor.java:897)"/>
  <String Instance_Name="Exception" Value="at org.eclipse.ui.part.MultiPageEditorPart.createPartControl(MultiPageEditorPart.java:167)"/>
  <String Instance_Name="Exception" Value="at org.eclipse.ui.internal.PartPane$4.run(PartPane.java:141)"/>
  <String Instance_Name="Exception" Value="at org.eclipse.core.internal.runtime.InternalPlatform.run(InternalPlatform.java)"/>
  <String Instance_Name="Exception" Value="at org.eclipse.core.runtime.Platform.run(Platform.java)"/>
  <String Instance_Name="Exception" Value="at org.eclipse.ui.internal.PartPane.createChildControl(PartPane.java:137)"/>
  <String Instance_Name="Exception" Value="at org.eclipse.ui.internal.PartPane.createControl(PartPane.java:186)"/>
  <String Instance_Name="Exception" Value="at org.eclipse.ui.internal.EditorWorkbook.createPage(EditorWorkbook.java:387)"/>
  <String Instance_Name="Exception" Value="at org.eclipse.ui.internal.EditorWorkbook.add(EditorWorkbook.java:123)"/>
  <String Instance_Name="Exception" Value="at org.eclipse.ui.internal.EditorArea.addEditor(EditorArea.java:55)"/>
  <String Instance_Name="Exception" Value="at org.eclipse.ui.internal.EditorPresentation.openEditor(EditorPresentation.java:351)"/>
  <String Instance_Name="Exception" Value="at org.eclipse.ui.internal.EditorManager$2.run(EditorManager.java:585)"/>
  <String Instance_Name="Exception" Value="at org.eclipse.swt.custom.BusyIndicator.showWhile(BusyIndicator.java)"/>
  <String Instance_Name="Exception" Value="at org.eclipse.ui.internal.EditorManager.createEditorTab(EditorManager.java)"/>
  <String Instance_Name="Exception" Value="at org.eclipse.ui.internal.EditorManager.openInternalEditor(EditorManager.java:668)"/>
  <String Instance_Name="Exception" Value="at org.eclipse.ui.internal.EditorManager.openEditorFromDescriptor(EditorManager.java:459)"/>
  <String Instance_Name="Exception" Value="at org.eclipse.ui.internal.EditorManager.openEditorFromInput(EditorManager.java:333)"/>
  <String Instance_Name="Exception" Value="at org.eclipse.ui.internal.EditorManager.openEditor(EditorManager.java:424)"/>
  <String Instance_Name="Exception" Value="at org.eclipse.ui.internal.WorkbenchPage.busyOpenEditor(WorkbenchPage.java:2056)"/>
  <String Instance_Name="Exception" Value="at org.eclipse.ui.internal.WorkbenchPage.access$6(WorkbenchPage.java:2004)"/>
  <String Instance_Name="Exception" Value="at org.eclipse.ui.internal.WorkbenchPage$9.run(WorkbenchPage.java:1991)"/>
  <String Instance_Name="Exception" Value="at org.eclipse.swt.custom.BusyIndicator.showWhile(BusyIndicator.java)"/>
  <String Instance_Name="Exception" Value="at org.eclipse.ui.internal.WorkbenchPage.openEditor(WorkbenchPage.java:1986)"/>
  <String Instance_Name="Exception" Value="at org.eclipse.ui.internal.WorkbenchPage.openEditor(WorkbenchPage.java:1887)"/>
  <String Instance_Name="Exception" Value="at com.ibm.etools.webtools.webview.eclipse.OpenAction.run(OpenAction.java:177)"/>
  <String Instance_Name="Exception" Value="at com.ibm.etools.webtools.webview.eclipse.OpenAction.run(OpenAction.java:165)"/>
  <String Instance_Name="Exception" Value="at com.ibm.etools.webtools.webview.actions.WebViewOpenAction.run(WebViewOpenAction.java:133)"/>
  <String Instance_Name="Exception" Value="at org.eclipse.jdt.ui.actions.SelectionDispatchAction.dispatchRun(SelectionDispatchAction.java:191)"/>
  <String Instance_Name="Exception" Value="at org.eclipse.jdt.ui.actions.SelectionDispatchAction.run(SelectionDispatchAction.java:169)"/>
  <String Instance_Name="Exception" Value="at com.ibm.etools.webtools.webview.eclipse.OpenEditorActionGroup.runDefaultAction(OpenEditorActionGroup.java:174)"/>
  <String Instance_Name="Exception" Value="at com.ibm.etools.webtools.webview.actions.WebViewActionGroup.runDefaultAction(WebViewActionGroup.java:237)"/>
  <String Instance_Name="Exception" Value="at com.ibm.etools.webtools.webview.WebViewPart.handleOpen(WebViewPart.java:653)"/>
  <String Instance_Name="Exception" Value="at com.ibm.etools.webtools.webview.WebViewPart$6.open(WebViewPart.java:399)"/>
  <String Instance_Name="Exception" Value="at org.eclipse.jface.viewers.StructuredViewer$2.run(StructuredViewer.java:397)"/>
  <String Instance_Name="Exception" Value="at org.eclipse.core.internal.runtime.InternalPlatform.run(InternalPlatform.java)"/>
  <String Instance_Name="Exception" Value="at org.eclipse.core.runtime.Platform.run(Platform.java)"/>
  <String Instance_Name="Exception" Value="at org.eclipse.jface.viewers.StructuredViewer.fireOpen(StructuredViewer.java:395)"/>
  <String Instance_Name="Exception" Value="at org.eclipse.jface.viewers.StructuredViewer.handleOpen(StructuredViewer.java:605)"/>
  <String Instance_Name="Exception" Value="at org.eclipse.jface.viewers.StructuredViewer$6.handleOpen(StructuredViewer.java:694)"/>
  <String Instance_Name="Exception" Value="at org.eclipse.jface.util.OpenStrategy.fireOpenEvent(OpenStrategy.java:209)"/>
  <String Instance_Name="Exception" Value="at org.eclipse.jface.util.OpenStrategy.access$2(OpenStrategy.java)"/>
  <String Instance_Name="Exception" Value="at org.eclipse.jface.util.OpenStrategy$1.handleEvent(OpenStrategy.java)"/>
  <String Instance_Name="Exception" Value="at org.eclipse.swt.widgets.EventTable.sendEvent(EventTable.java)"/>
  <String Instance_Name="Exception" Value="at org.eclipse.swt.widgets.Widget.sendEvent(Widget.java)"/>
  <String Instance_Name="Exception" Value="at org.eclipse.swt.widgets.Display.runDeferredEvents(Display.java)"/>
  <String Instance_Name="Exception" Value="at org.eclipse.swt.widgets.Display.readAndDispatch(Display.java)"/>
  <String Instance_Name="Exception" Value="at org.eclipse.ui.internal.Workbench.runEventLoop(Workbench.java:1402)"/>
  <String Instance_Name="Exception" Value="at org.eclipse.ui.internal.Workbench.run(Workbench.java:1385)"/>
  <String Instance_Name="Exception" Value="at org.eclipse.core.internal.boot.InternalBootLoader.run(InternalBootLoader.java:858)"/>
  <String Instance_Name="Exception" Value="at org.eclipse.core.boot.BootLoader.run(BootLoader.java:461)"/>
  <String Instance_Name="Exception" Value="at java.lang.reflect.AccessibleObject.invokeL(AccessibleObject.java:207)"/>
  <String Instance_Name="Exception" Value="at java.lang.reflect.Method.invoke(Method.java:271)"/>
  <String Instance_Name="Exception" Value="at org.eclipse.core.launcher.Main.basicRun(Main.java:291)"/>
  <String Instance_Name="Exception" Value="at org.eclipse.core.launcher.Main.run(Main.java:747)"/>
  <String Instance_Name="Exception" Value="at org.eclipse.core.launcher.Main.main(Main.java:583)"/>
 </ResourceException>
 <Class Instance_Name="Class" logging.util.id="java.lang.Class_11032834320000000" Name="org.eclipse.core.runtime.Status" Type="class" Package="org.eclipse.core.runtime" Modifers="public" Superclass="java.lang.Object"/>
</Status>
<Status logging.util.id="org.eclipse.core.runtime.Status_11032834320000001" logging.util.agent_idref="Default Logging Agent" logging.util.MsgLoggerLevel="SEVERE" Code="0" Message="" Plugin="com.ibm.etools.webedit.viewer" Severity="4">
 <Array Instance_Name="Children" logging.util.id="Array[org.eclipse.core.runtime.IStatus]_11032834320000002">
 </Array>
 <ResourceException Instance_Name="Exception" logging.util.id="org.eclipse.core.internal.resources.ResourceException_11032834320000003" Message="Resource /CollaborationWEB/Web Content/ejb/<%=request.getContextPath() + "/ejb/" %>content.jsp does not exist.">
  <String Instance_Name="Exception" Value="at java.lang.Throwable.&lt;init&gt;(Throwable.java)"/>
  <String Instance_Name="Exception" Value="at java.lang.Throwable.&lt;init&gt;(Throwable.java)"/>
  <String Instance_Name="Exception" Value="at org.eclipse.core.runtime.CoreException.&lt;init&gt;(CoreException.java)"/>
  <String Instance_Name="Exception" Value="at org.eclipse.core.internal.resources.ResourceException.&lt;init&gt;(ResourceException.java)"/>
  <String Instance_Name="Exception" Value="at org.eclipse.core.internal.resources.Resource.checkExists(Resource.java)"/>
  <String Instance_Name="Exception" Value="at org.eclipse.core.internal.resources.Resource.checkAccessible(Resource.java)"/>
  <String Instance_Name="Exception" Value="at org.eclipse.core.internal.resources.File.getContents(File.java)"/>
  <String Instance_Name="Exception" Value="at com.ibm.sed.model.ModelManagerImpl._commonGetModel(ModelManagerImpl.java:719)"/>
  <String Instance_Name="Exception" Value="at com.ibm.sed.model.ModelManagerImpl.getModelForRead(ModelManagerImpl.java:627)"/>
  <String Instance_Name="Exception" Value="at com.ibm.etools.webedit.viewer.utils.ModelManagerUtil.getModel(ModelManagerUtil.java:159)"/>
  <String Instance_Name="Exception" Value="at com.ibm.etools.webedit.viewer.utils.ModelManagerUtil.getModel(ModelManagerUtil.java:141)"/>
  <String Instance_Name="Exception" Value="at com.ibm.etools.webedit.viewer.utils.ModelManagerUtil.getModelForRead(ModelManagerUtil.java:308)"/>
  <String Instance_Name="Exception" Value="at com.ibm.etools.webedit.viewer.utils.LinkUtil.getModel(LinkUtil.java:331)"/>
  <String Instance_Name="Exception" Value="at com.ibm.etools.webedit.viewer.utils.LinkUtil.getModel(LinkUtil.java:369)"/>
  <String Instance_Name="Exception" Value="at com.ibm.etools.webedit.viewer.internal.frame.FramePageNodeImpl.updateSrc(FramePageNodeImpl.java:289)"/>
  <String Instance_Name="Exception" Value="at com.ibm.etools.webedit.viewer.internal.frame.FramePageNodeImpl.updateAttrs(FramePageNodeImpl.java:223)"/>
  <String Instance_Name="Exception" Value="at com.ibm.etools.webedit.viewer.internal.frame.FramePageNodeImpl.setElement(FramePageNodeImpl.java:184)"/>
  <String Instance_Name="Exception" Value="at com.ibm.etools.webedit.viewer.internal.frame.FrameSetNodeImpl.updateFrames(FrameSetNodeImpl.java:292)"/>
  <String Instance_Name="Exception" Value="at com.ibm.etools.webedit.viewer.internal.frame.FrameSetNodeImpl.setElement(FrameSetNodeImpl.java:214)"/>
  <String Instance_Name="Exception" Value="at com.ibm.etools.webedit.viewer.internal.frame.FrameSetNodeImpl.updateFrames(FrameSetNodeImpl.java:292)"/>
  <String Instance_Name="Exception" Value="at com.ibm.etools.webedit.viewer.internal.frame.FrameSetNodeImpl.setElement(FrameSetNodeImpl.java:214)"/>
  <String Instance_Name="Exception" Value="at com.ibm.etools.webedit.viewer.internal.frame.FrameSetNodeImpl.updateFrames(FrameSetNodeImpl.java:292)"/>
  <String Instance_Name="Exception" Value="at com.ibm.etools.webedit.viewer.internal.frame.FrameSetNodeImpl.setElement(FrameSetNodeImpl.java:214)"/>
  <String Instance_Name="Exception" Value="at com.ibm.etools.webedit.viewer.internal.frame.FrameManagerImpl.updateFrameTree(FrameManagerImpl.java:521)"/>
  <String Instance_Name="Exception" Value="at com.ibm.etools.webedit.viewer.internal.frame.FrameManagerImpl.setModel(FrameManagerImpl.java:468)"/>
  <String Instance_Name="Exception" Value="at com.ibm.etools.webedit.frame.FrameLayouterImpl.setModel(FrameLayouterImpl.java:155)"/>
  <String Instance_Name="Exception" Value="at com.ibm.etools.webedit.editor.HTMLDesignPage.setModel(HTMLDesignPage.java:1285)"/>
  <String Instance_Name="Exception" Value="at com.ibm.etools.webedit.editor.HTMLEditor.createDesignPage(HTMLEditor.java:854)"/>
  <String Instance_Name="Exception" Value="at com.ibm.etools.webedit.editor.HTMLEditor.createPages(HTMLEditor.java:897)"/>
  <String Instance_Name="Exception" Value="at org.eclipse.ui.part.MultiPageEditorPart.createPartControl(MultiPageEditorPart.java:167)"/>
  <String Instance_Name="Exception" Value="at org.eclipse.ui.internal.PartPane$4.run(PartPane.java:141)"/>
  <String Instance_Name="Exception" Value="at org.eclipse.core.internal.runtime.InternalPlatform.run(InternalPlatform.java)"/>
  <String Instance_Name="Exception" Value="at org.eclipse.core.runtime.Platform.run(Platform.java)"/>
  <String Instance_Name="Exception" Value="at org.eclipse.ui.internal.PartPane.createChildControl(PartPane.java:137)"/>
  <String Instance_Name="Exception" Value="at org.eclipse.ui.internal.PartPane.createControl(PartPane.java:186)"/>
  <String Instance_Name="Exception" Value="at org.eclipse.ui.internal.EditorWorkbook.createPage(EditorWorkbook.java:387)"/>
  <String Instance_Name="Exception" Value="at org.eclipse.ui.internal.EditorWorkbook.add(EditorWorkbook.java:123)"/>
  <String Instance_Name="Exception" Value="at org.eclipse.ui.internal.EditorArea.addEditor(EditorArea.java:55)"/>
  <String Instance_Name="Exception" Value="at org.eclipse.ui.internal.EditorPresentation.openEditor(EditorPresentation.java:351)"/>
  <String Instance_Name="Exception" Value="at org.eclipse.ui.internal.EditorManager$2.run(EditorManager.java:585)"/>
  <String Instance_Name="Exception" Value="at org.eclipse.swt.custom.BusyIndicator.showWhile(BusyIndicator.java)"/>
  <String Instance_Name="Exception" Value="at org.eclipse.ui.internal.EditorManager.createEditorTab(EditorManager.java)"/>
  <String Instance_Name="Exception" Value="at org.eclipse.ui.internal.EditorManager.openInternalEditor(EditorManager.java:668)"/>
  <String Instance_Name="Exception" Value="at org.eclipse.ui.internal.EditorManager.openEditorFromDescriptor(EditorManager.java:459)"/>
  <String Instance_Name="Exception" Value="at org.eclipse.ui.internal.EditorManager.openEditorFromInput(EditorManager.java:333)"/>
  <String Instance_Name="Exception" Value="at org.eclipse.ui.internal.EditorManager.openEditor(EditorManager.java:424)"/>
  <String Instance_Name="Exception" Value="at org.eclipse.ui.internal.WorkbenchPage.busyOpenEditor(WorkbenchPage.java:2056)"/>
  <String Instance_Name="Exception" Value="at org.eclipse.ui.internal.WorkbenchPage.access$6(WorkbenchPage.java:2004)"/>
  <String Instance_Name="Exception" Value="at org.eclipse.ui.internal.WorkbenchPage$9.run(WorkbenchPage.java:1991)"/>
  <String Instance_Name="Exception" Value="at org.eclipse.swt.custom.BusyIndicator.showWhile(BusyIndicator.java)"/>
  <String Instance_Name="Exception" Value="at org.eclipse.ui.internal.WorkbenchPage.openEditor(WorkbenchPage.java:1986)"/>
  <String Instance_Name="Exception" Value="at org.eclipse.ui.internal.WorkbenchPage.openEditor(WorkbenchPage.java:1887)"/>
  <String Instance_Name="Exception" Value="at com.ibm.etools.webtools.webview.eclipse.OpenAction.run(OpenAction.java:177)"/>
  <String Instance_Name="Exception" Value="at com.ibm.etools.webtools.webview.eclipse.OpenAction.run(OpenAction.java:165)"/>
  <String Instance_Name="Exception" Value="at com.ibm.etools.webtools.webview.actions.WebViewOpenAction.run(WebViewOpenAction.java:133)"/>
  <String Instance_Name="Exception" Value="at org.eclipse.jdt.ui.actions.SelectionDispatchAction.dispatchRun(SelectionDispatchAction.java:191)"/>
  <String Instance_Name="Exception" Value="at org.eclipse.jdt.ui.actions.SelectionDispatchAction.run(SelectionDispatchAction.java:169)"/>
  <String Instance_Name="Exception" Value="at com.ibm.etools.webtools.webview.eclipse.OpenEditorActionGroup.runDefaultAction(OpenEditorActionGroup.java:174)"/>
  <String Instance_Name="Exception" Value="at com.ibm.etools.webtools.webview.actions.WebViewActionGroup.runDefaultAction(WebViewActionGroup.java:237)"/>
  <String Instance_Name="Exception" Value="at com.ibm.etools.webtools.webview.WebViewPart.handleOpen(WebViewPart.java:653)"/>
  <String Instance_Name="Exception" Value="at com.ibm.etools.webtools.webview.WebViewPart$6.open(WebViewPart.java:399)"/>
  <String Instance_Name="Exception" Value="at org.eclipse.jface.viewers.StructuredViewer$2.run(StructuredViewer.java:397)"/>
  <String Instance_Name="Exception" Value="at org.eclipse.core.internal.runtime.InternalPlatform.run(InternalPlatform.java)"/>
  <String Instance_Name="Exception" Value="at org.eclipse.core.runtime.Platform.run(Platform.java)"/>
  <String Instance_Name="Exception" Value="at org.eclipse.jface.viewers.StructuredViewer.fireOpen(StructuredViewer.java:395)"/>
  <String Instance_Name="Exception" Value="at org.eclipse.jface.viewers.StructuredViewer.handleOpen(StructuredViewer.java:605)"/>
  <String Instance_Name="Exception" Value="at org.eclipse.jface.viewers.StructuredViewer$6.handleOpen(StructuredViewer.java:694)"/>
  <String Instance_Name="Exception" Value="at org.eclipse.jface.util.OpenStrategy.fireOpenEvent(OpenStrategy.java:209)"/>
  <String Instance_Name="Exception" Value="at org.eclipse.jface.util.OpenStrategy.access$2(OpenStrategy.java)"/>
  <String Instance_Name="Exception" Value="at org.eclipse.jface.util.OpenStrategy$1.handleEvent(OpenStrategy.java)"/>
  <String Instance_Name="Exception" Value="at org.eclipse.swt.widgets.EventTable.sendEvent(EventTable.java)"/>
  <String Instance_Name="Exception" Value="at org.eclipse.swt.widgets.Widget.sendEvent(Widget.java)"/>
  <String Instance_Name="Exception" Value="at org.eclipse.swt.widgets.Display.runDeferredEvents(Display.java)"/>
  <String Instance_Name="Exception" Value="at org.eclipse.swt.widgets.Display.readAndDispatch(Display.java)"/>
  <String Instance_Name="Exception" Value="at org.eclipse.ui.internal.Workbench.runEventLoop(Workbench.java:1402)"/>
  <String Instance_Name="Exception" Value="at org.eclipse.ui.internal.Workbench.run(Workbench.java:1385)"/>
  <String Instance_Name="Exception" Value="at org.eclipse.core.internal.boot.InternalBootLoader.run(InternalBootLoader.java:858)"/>
  <String Instance_Name="Exception" Value="at org.eclipse.core.boot.BootLoader.run(BootLoader.java:461)"/>
  <String Instance_Name="Exception" Value="at java.lang.reflect.AccessibleObject.invokeL(AccessibleObject.java:207)"/>
  <String Instance_Name="Exception" Value="at java.lang.reflect.Method.invoke(Method.java:271)"/>
  <String Instance_Name="Exception" Value="at org.eclipse.core.launcher.Main.basicRun(Main.java:291)"/>
  <String Instance_Name="Exception" Value="at org.eclipse.core.launcher.Main.run(Main.java:747)"/>
  <String Instance_Name="Exception" Value="at org.eclipse.core.launcher.Main.main(Main.java:583)"/>
 </ResourceException>
 <Class Instance_Name="Class" logging.util.id="java.lang.Class_11032834321400000" Name="org.eclipse.core.runtime.Status" Type="class" Package="org.eclipse.core.runtime" Modifers="public" Superclass="java.lang.Object"/>
</Status>
<Status logging.util.id="org.eclipse.core.runtime.Status_11032834321400001" logging.util.agent_idref="Default Logging Agent" logging.util.MsgLoggerLevel="SEVERE" Code="0" Message="" Plugin="com.ibm.etools.webedit.viewer" Severity="4">
 <Array Instance_Name="Children" logging.util.id="Array[org.eclipse.core.runtime.IStatus]_11032834321400002">
 </Array>
 <ResourceException Instance_Name="Exception" logging.util.id="org.eclipse.core.internal.resources.ResourceException_11032834321400003" Message="Resource /CollaborationWEB/Web Content/ejb/<%=request.getContextPath() + "/ejb/" %>content.jsp does not exist.">
  <String Instance_Name="Exception" Value="at java.lang.Throwable.&lt;init&gt;(Throwable.java)"/>
  <String Instance_Name="Exception" Value="at java.lang.Throwable.&lt;init&gt;(Throwable.java)"/>
  <String Instance_Name="Exception" Value="at org.eclipse.core.runtime.CoreException.&lt;init&gt;(CoreException.java)"/>
  <String Instance_Name="Exception" Value="at org.eclipse.core.internal.resources.ResourceException.&lt;init&gt;(ResourceException.java)"/>
  <String Instance_Name="Exception" Value="at org.eclipse.core.internal.resources.Resource.checkExists(Resource.java)"/>
  <String Instance_Name="Exception" Value="at org.eclipse.core.internal.resources.Resource.checkAccessible(Resource.java)"/>
  <String Instance_Name="Exception" Value="at org.eclipse.core.internal.resources.File.getContents(File.java)"/>
  <String Instance_Name="Exception" Value="at com.ibm.sed.model.ModelManagerImpl._commonGetModel(ModelManagerImpl.java:719)"/>
  <String Instance_Name="Exception" Value="at com.ibm.sed.model.ModelManagerImpl.getModelForRead(ModelManagerImpl.java:627)"/>
  <String Instance_Name="Exception" Value="at com.ibm.etools.webedit.viewer.utils.ModelManagerUtil.getModel(ModelManagerUtil.java:159)"/>
  <String Instance_Name="Exception" Value="at com.ibm.etools.webedit.viewer.utils.ModelManagerUtil.getModel(ModelManagerUtil.java:141)"/>
  <String Instance_Name="Exception" Value="at com.ibm.etools.webedit.viewer.utils.ModelManagerUtil.getModelForRead(ModelManagerUtil.java:324)"/>
  <String Instance_Name="Exception" Value="at com.ibm.etools.webedit.viewer.internal.frame.FramePageNodeImpl.updateSrc(FramePageNodeImpl.java:296)"/>
  <String Instance_Name="Exception" Value="at com.ibm.etools.webedit.viewer.internal.frame.FramePageNodeImpl.updateAttrs(FramePageNodeImpl.java:223)"/>
  <String Instance_Name="Exception" Value="at com.ibm.etools.webedit.viewer.internal.frame.FramePageNodeImpl.setElement(FramePageNodeImpl.java:184)"/>
  <String Instance_Name="Exception" Value="at com.ibm.etools.webedit.viewer.internal.frame.FrameSetNodeImpl.updateFrames(FrameSetNodeImpl.java:292)"/>
  <String Instance_Name="Exception" Value="at com.ibm.etools.webedit.viewer.internal.frame.FrameSetNodeImpl.setElement(FrameSetNodeImpl.java:214)"/>
  <String Instance_Name="Exception" Value="at com.ibm.etools.webedit.viewer.internal.frame.FrameSetNodeImpl.updateFrames(FrameSetNodeImpl.java:292)"/>
  <String Instance_Name="Exception" Value="at com.ibm.etools.webedit.viewer.internal.frame.FrameSetNodeImpl.setElement(FrameSetNodeImpl.java:214)"/>
  <String Instance_Name="Exception" Value="at com.ibm.etools.webedit.viewer.internal.frame.FrameSetNodeImpl.updateFrames(FrameSetNodeImpl.java:292)"/>
  <String Instance_Name="Exception" Value="at com.ibm.etools.webedit.viewer.internal.frame.FrameSetNodeImpl.setElement(FrameSetNodeImpl.java:214)"/>
  <String Instance_Name="Exception" Value="at com.ibm.etools.webedit.viewer.internal.frame.FrameManagerImpl.updateFrameTree(FrameManagerImpl.java:521)"/>
  <String Instance_Name="Exception" Value="at com.ibm.etools.webedit.viewer.internal.frame.FrameManagerImpl.setModel(FrameManagerImpl.java:468)"/>
  <String Instance_Name="Exception" Value="at com.ibm.etools.webedit.frame.FrameLayouterImpl.setModel(FrameLayouterImpl.java:155)"/>
  <String Instance_Name="Exception" Value="at com.ibm.etools.webedit.editor.HTMLDesignPage.setModel(HTMLDesignPage.java:1285)"/>
  <String Instance_Name="Exception" Value="at com.ibm.etools.webedit.editor.HTMLEditor.createDesignPage(HTMLEditor.java:854)"/>
  <String Instance_Name="Exception" Value="at com.ibm.etools.webedit.editor.HTMLEditor.createPages(HTMLEditor.java:897)"/>
  <String Instance_Name="Exception" Value="at org.eclipse.ui.part.MultiPageEditorPart.createPartControl(MultiPageEditorPart.java:167)"/>
  <String Instance_Name="Exception" Value="at org.eclipse.ui.internal.PartPane$4.run(PartPane.java:141)"/>
  <String Instance_Name="Exception" Value="at org.eclipse.core.internal.runtime.InternalPlatform.run(InternalPlatform.java)"/>
  <String Instance_Name="Exception" Value="at org.eclipse.core.runtime.Platform.run(Platform.java)"/>
  <String Instance_Name="Exception" Value="at org.eclipse.ui.internal.PartPane.createChildControl(PartPane.java:137)"/>
  <String Instance_Name="Exception" Value="at org.eclipse.ui.internal.PartPane.createControl(PartPane.java:186)"/>
  <String Instance_Name="Exception" Value="at org.eclipse.ui.internal.EditorWorkbook.createPage(EditorWorkbook.java:387)"/>
  <String Instance_Name="Exception" Value="at org.eclipse.ui.internal.EditorWorkbook.add(EditorWorkbook.java:123)"/>
  <String Instance_Name="Exception" Value="at org.eclipse.ui.internal.EditorArea.addEditor(EditorArea.java:55)"/>
  <String Instance_Name="Exception" Value="at org.eclipse.ui.internal.EditorPresentation.openEditor(EditorPresentation.java:351)"/>
  <String Instance_Name="Exception" Value="at org.eclipse.ui.internal.EditorManager$2.run(EditorManager.java:585)"/>
  <String Instance_Name="Exception" Value="at org.eclipse.swt.custom.BusyIndicator.showWhile(BusyIndicator.java)"/>
  <String Instance_Name="Exception" Value="at org.eclipse.ui.internal.EditorManager.createEditorTab(EditorManager.java)"/>
  <String Instance_Name="Exception" Value="at org.eclipse.ui.internal.EditorManager.openInternalEditor(EditorManager.java:668)"/>
  <String Instance_Name="Exception" Value="at org.eclipse.ui.internal.EditorManager.openEditorFromDescriptor(EditorManager.java:459)"/>
  <String Instance_Name="Exception" Value="at org.eclipse.ui.internal.EditorManager.openEditorFromInput(EditorManager.java:333)"/>
  <String Instance_Name="Exception" Value="at org.eclipse.ui.internal.EditorManager.openEditor(EditorManager.java:424)"/>
  <String Instance_Name="Exception" Value="at org.eclipse.ui.internal.WorkbenchPage.busyOpenEditor(WorkbenchPage.java:2056)"/>
  <String Instance_Name="Exception" Value="at org.eclipse.ui.internal.WorkbenchPage.access$6(WorkbenchPage.java:2004)"/>
  <String Instance_Name="Exception" Value="at org.eclipse.ui.internal.WorkbenchPage$9.run(WorkbenchPage.java:1991)"/>
  <String Instance_Name="Exception" Value="at org.eclipse.swt.custom.BusyIndicator.showWhile(BusyIndicator.java)"/>
  <String Instance_Name="Exception" Value="at org.eclipse.ui.internal.WorkbenchPage.openEditor(WorkbenchPage.java:1986)"/>
  <String Instance_Name="Exception" Value="at org.eclipse.ui.internal.WorkbenchPage.openEditor(WorkbenchPage.java:1887)"/>
  <String Instance_Name="Exception" Value="at com.ibm.etools.webtools.webview.eclipse.OpenAction.run(OpenAction.java:177)"/>
  <String Instance_Name="Exception" Value="at com.ibm.etools.webtools.webview.eclipse.OpenAction.run(OpenAction.java:165)"/>
  <String Instance_Name="Exception" Value="at com.ibm.etools.webtools.webview.actions.WebViewOpenAction.run(WebViewOpenAction.java:133)"/>
  <String Instance_Name="Exception" Value="at org.eclipse.jdt.ui.actions.SelectionDispatchAction.dispatchRun(SelectionDispatchAction.java:191)"/>
  <String Instance_Name="Exception" Value="at org.eclipse.jdt.ui.actions.SelectionDispatchAction.run(SelectionDispatchAction.java:169)"/>
  <String Instance_Name="Exception" Value="at com.ibm.etools.webtools.webview.eclipse.OpenEditorActionGroup.runDefaultAction(OpenEditorActionGroup.java:174)"/>
  <String Instance_Name="Exception" Value="at com.ibm.etools.webtools.webview.actions.WebViewActionGroup.runDefaultAction(WebViewActionGroup.java:237)"/>
  <String Instance_Name="Exception" Value="at com.ibm.etools.webtools.webview.WebViewPart.handleOpen(WebViewPart.java:653)"/>
  <String Instance_Name="Exception" Value="at com.ibm.etools.webtools.webview.WebViewPart$6.open(WebViewPart.java:399)"/>
  <String Instance_Name="Exception" Value="at org.eclipse.jface.viewers.StructuredViewer$2.run(StructuredViewer.java:397)"/>
  <String Instance_Name="Exception" Value="at org.eclipse.core.internal.runtime.InternalPlatform.run(InternalPlatform.java)"/>
  <String Instance_Name="Exception" Value="at org.eclipse.core.runtime.Platform.run(Platform.java)"/>
  <String Instance_Name="Exception" Value="at org.eclipse.jface.viewers.StructuredViewer.fireOpen(StructuredViewer.java:395)"/>
  <String Instance_Name="Exception" Value="at org.eclipse.jface.viewers.StructuredViewer.handleOpen(StructuredViewer.java:605)"/>
  <String Instance_Name="Exception" Value="at org.eclipse.jface.viewers.StructuredViewer$6.handleOpen(StructuredViewer.java:694)"/>
  <String Instance_Name="Exception" Value="at org.eclipse.jface.util.OpenStrategy.fireOpenEvent(OpenStrategy.java:209)"/>
  <String Instance_Name="Exception" Value="at org.eclipse.jface.util.OpenStrategy.access$2(OpenStrategy.java)"/>
  <String Instance_Name="Exception" Value="at org.eclipse.jface.util.OpenStrategy$1.handleEvent(OpenStrategy.java)"/>
  <String Instance_Name="Exception" Value="at org.eclipse.swt.widgets.EventTable.sendEvent(EventTable.java)"/>
  <String Instance_Name="Exception" Value="at org.eclipse.swt.widgets.Widget.sendEvent(Widget.java)"/>
  <String Instance_Name="Exception" Value="at org.eclipse.swt.widgets.Display.runDeferredEvents(Display.java)"/>
  <String Instance_Name="Exception" Value="at org.eclipse.swt.widgets.Display.readAndDispatch(Display.java)"/>
  <String Instance_Name="Exception" Value="at org.eclipse.ui.internal.Workbench.runEventLoop(Workbench.java:1402)"/>
  <String Instance_Name="Exception" Value="at org.eclipse.ui.internal.Workbench.run(Workbench.java:1385)"/>
  <String Instance_Name="Exception" Value="at org.eclipse.core.internal.boot.InternalBootLoader.run(InternalBootLoader.java:858)"/>
  <String Instance_Name="Exception" Value="at org.eclipse.core.boot.BootLoader.run(BootLoader.java:461)"/>
  <String Instance_Name="Exception" Value="at java.lang.reflect.AccessibleObject.invokeL(AccessibleObject.java:207)"/>
  <String Instance_Name="Exception" Value="at java.lang.reflect.Method.invoke(Method.java:271)"/>
  <String Instance_Name="Exception" Value="at org.eclipse.core.launcher.Main.basicRun(Main.java:291)"/>
  <String Instance_Name="Exception" Value="at org.eclipse.core.launcher.Main.run(Main.java:747)"/>
  <String Instance_Name="Exception" Value="at org.eclipse.core.launcher.Main.main(Main.java:583)"/>
 </ResourceException>
 <Class Instance_Name="Class" logging.util.id="java.lang.Class_11032834322810000" Name="org.eclipse.core.runtime.Status" Type="class" Package="org.eclipse.core.runtime" Modifers="public" Superclass="java.lang.Object"/>
</Status>
<Status logging.util.id="org.eclipse.core.runtime.Status_11032834322960000" logging.util.agent_idref="Default Logging Agent" logging.util.MsgLoggerLevel="SEVERE" Code="0" Message="" Plugin="com.ibm.etools.webedit.viewer" Severity="4">
 <Array Instance_Name="Children" logging.util.id="Array[org.eclipse.core.runtime.IStatus]_11032834322960001">
 </Array>
 <ResourceException Instance_Name="Exception" logging.util.id="org.eclipse.core.internal.resources.ResourceException_11032834322960002" Message="Resource /CollaborationWEB/Web Content/ejb/<%=request.getContextPath() + "/ejb/" %>status.jsp does not exist.">
  <String Instance_Name="Exception" Value="at java.lang.Throwable.&lt;init&gt;(Throwable.java)"/>
  <String Instance_Name="Exception" Value="at java.lang.Throwable.&lt;init&gt;(Throwable.java)"/>
  <String Instance_Name="Exception" Value="at org.eclipse.core.runtime.CoreException.&lt;init&gt;(CoreException.java)"/>
  <String Instance_Name="Exception" Value="at org.eclipse.core.internal.resources.ResourceException.&lt;init&gt;(ResourceException.java)"/>
  <String Instance_Name="Exception" Value="at org.eclipse.core.internal.resources.Resource.checkExists(Resource.java)"/>
  <String Instance_Name="Exception" Value="at org.eclipse.core.internal.resources.Resource.checkAccessible(Resource.java)"/>
  <String Instance_Name="Exception" Value="at org.eclipse.core.internal.resources.File.getContents(File.java)"/>
  <String Instance_Name="Exception" Value="at com.ibm.sed.model.ModelManagerImpl._commonGetModel(ModelManagerImpl.java:719)"/>
  <String Instance_Name="Exception" Value="at com.ibm.sed.model.ModelManagerImpl.getModelForRead(ModelManagerImpl.java:627)"/>
  <String Instance_Name="Exception" Value="at com.ibm.etools.webedit.viewer.utils.ModelManagerUtil.getModel(ModelManagerUtil.java:159)"/>
  <String Instance_Name="Exception" Value="at com.ibm.etools.webedit.viewer.utils.ModelManagerUtil.getModel(ModelManagerUtil.java:141)"/>
  <String Instance_Name="Exception" Value="at com.ibm.etools.webedit.viewer.utils.ModelManagerUtil.getModelForRead(ModelManagerUtil.java:308)"/>
  <String Instance_Name="Exception" Value="at com.ibm.etools.webedit.viewer.utils.LinkUtil.getModel(LinkUtil.java:331)"/>
  <String Instance_Name="Exception" Value="at com.ibm.etools.webedit.viewer.utils.LinkUtil.getModel(LinkUtil.java:369)"/>
  <String Instance_Name="Exception" Value="at com.ibm.etools.webedit.viewer.internal.frame.FramePageNodeImpl.updateSrc(FramePageNodeImpl.java:289)"/>
  <String Instance_Name="Exception" Value="at com.ibm.etools.webedit.viewer.internal.frame.FramePageNodeImpl.updateAttrs(FramePageNodeImpl.java:223)"/>
  <String Instance_Name="Exception" Value="at com.ibm.etools.webedit.viewer.internal.frame.FramePageNodeImpl.setElement(FramePageNodeImpl.java:184)"/>
  <String Instance_Name="Exception" Value="at com.ibm.etools.webedit.viewer.internal.frame.FrameSetNodeImpl.updateFrames(FrameSetNodeImpl.java:292)"/>
  <String Instance_Name="Exception" Value="at com.ibm.etools.webedit.viewer.internal.frame.FrameSetNodeImpl.setElement(FrameSetNodeImpl.java:214)"/>
  <String Instance_Name="Exception" Value="at com.ibm.etools.webedit.viewer.internal.frame.FrameSetNodeImpl.updateFrames(FrameSetNodeImpl.java:292)"/>
  <String Instance_Name="Exception" Value="at com.ibm.etools.webedit.viewer.internal.frame.FrameSetNodeImpl.setElement(FrameSetNodeImpl.java:214)"/>
  <String Instance_Name="Exception" Value="at com.ibm.etools.webedit.viewer.internal.frame.FrameSetNodeImpl.updateFrames(FrameSetNodeImpl.java:292)"/>
  <String Instance_Name="Exception" Value="at com.ibm.etools.webedit.viewer.internal.frame.FrameSetNodeImpl.setElement(FrameSetNodeImpl.java:214)"/>
  <String Instance_Name="Exception" Value="at com.ibm.etools.webedit.viewer.internal.frame.FrameManagerImpl.updateFrameTree(FrameManagerImpl.java:521)"/>
  <String Instance_Name="Exception" Value="at com.ibm.etools.webedit.viewer.internal.frame.FrameManagerImpl.setModel(FrameManagerImpl.java:468)"/>
  <String Instance_Name="Exception" Value="at com.ibm.etools.webedit.frame.FrameLayouterImpl.setModel(FrameLayouterImpl.java:155)"/>
  <String Instance_Name="Exception" Value="at com.ibm.etools.webedit.editor.HTMLDesignPage.setModel(HTMLDesignPage.java:1285)"/>
  <String Instance_Name="Exception" Value="at com.ibm.etools.webedit.editor.HTMLEditor.createDesignPage(HTMLEditor.java:854)"/>
  <String Instance_Name="Exception" Value="at com.ibm.etools.webedit.editor.HTMLEditor.createPages(HTMLEditor.java:897)"/>
  <String Instance_Name="Exception" Value="at org.eclipse.ui.part.MultiPageEditorPart.createPartControl(MultiPageEditorPart.java:167)"/>
  <String Instance_Name="Exception" Value="at org.eclipse.ui.internal.PartPane$4.run(PartPane.java:141)"/>
  <String Instance_Name="Exception" Value="at org.eclipse.core.internal.runtime.InternalPlatform.run(InternalPlatform.java)"/>
  <String Instance_Name="Exception" Value="at org.eclipse.core.runtime.Platform.run(Platform.java)"/>
  <String Instance_Name="Exception" Value="at org.eclipse.ui.internal.PartPane.createChildControl(PartPane.java:137)"/>
  <String Instance_Name="Exception" Value="at org.eclipse.ui.internal.PartPane.createControl(PartPane.java:186)"/>
  <String Instance_Name="Exception" Value="at org.eclipse.ui.internal.EditorWorkbook.createPage(EditorWorkbook.java:387)"/>
  <String Instance_Name="Exception" Value="at org.eclipse.ui.internal.EditorWorkbook.add(EditorWorkbook.java:123)"/>
  <String Instance_Name="Exception" Value="at org.eclipse.ui.internal.EditorArea.addEditor(EditorArea.java:55)"/>
  <String Instance_Name="Exception" Value="at org.eclipse.ui.internal.EditorPresentation.openEditor(EditorPresentation.java:351)"/>
  <String Instance_Name="Exception" Value="at org.eclipse.ui.internal.EditorManager$2.run(EditorManager.java:585)"/>
  <String Instance_Name="Exception" Value="at org.eclipse.swt.custom.BusyIndicator.showWhile(BusyIndicator.java)"/>
  <String Instance_Name="Exception" Value="at org.eclipse.ui.internal.EditorManager.createEditorTab(EditorManager.java)"/>
  <String Instance_Name="Exception" Value="at org.eclipse.ui.internal.EditorManager.openInternalEditor(EditorManager.java:668)"/>
  <String Instance_Name="Exception" Value="at org.eclipse.ui.internal.EditorManager.openEditorFromDescriptor(EditorManager.java:459)"/>
  <String Instance_Name="Exception" Value="at org.eclipse.ui.internal.EditorManager.openEditorFromInput(EditorManager.java:333)"/>
  <String Instance_Name="Exception" Value="at org.eclipse.ui.internal.EditorManager.openEditor(EditorManager.java:424)"/>
  <String Instance_Name="Exception" Value="at org.eclipse.ui.internal.WorkbenchPage.busyOpenEditor(WorkbenchPage.java:2056)"/>
  <String Instance_Name="Exception" Value="at org.eclipse.ui.internal.WorkbenchPage.access$6(WorkbenchPage.java:2004)"/>
  <String Instance_Name="Exception" Value="at org.eclipse.ui.internal.WorkbenchPage$9.run(WorkbenchPage.java:1991)"/>
  <String Instance_Name="Exception" Value="at org.eclipse.swt.custom.BusyIndicator.showWhile(BusyIndicator.java)"/>
  <String Instance_Name="Exception" Value="at org.eclipse.ui.internal.WorkbenchPage.openEditor(WorkbenchPage.java:1986)"/>
  <String Instance_Name="Exception" Value="at org.eclipse.ui.internal.WorkbenchPage.openEditor(WorkbenchPage.java:1887)"/>
  <String Instance_Name="Exception" Value="at com.ibm.etools.webtools.webview.eclipse.OpenAction.run(OpenAction.java:177)"/>
  <String Instance_Name="Exception" Value="at com.ibm.etools.webtools.webview.eclipse.OpenAction.run(OpenAction.java:165)"/>
  <String Instance_Name="Exception" Value="at com.ibm.etools.webtools.webview.actions.WebViewOpenAction.run(WebViewOpenAction.java:133)"/>
  <String Instance_Name="Exception" Value="at org.eclipse.jdt.ui.actions.SelectionDispatchAction.dispatchRun(SelectionDispatchAction.java:191)"/>
  <String Instance_Name="Exception" Value="at org.eclipse.jdt.ui.actions.SelectionDispatchAction.run(SelectionDispatchAction.java:169)"/>
  <String Instance_Name="Exception" Value="at com.ibm.etools.webtools.webview.eclipse.OpenEditorActionGroup.runDefaultAction(OpenEditorActionGroup.java:174)"/>
  <String Instance_Name="Exception" Value="at com.ibm.etools.webtools.webview.actions.WebViewActionGroup.runDefaultAction(WebViewActionGroup.java:237)"/>
  <String Instance_Name="Exception" Value="at com.ibm.etools.webtools.webview.WebViewPart.handleOpen(WebViewPart.java:653)"/>
  <String Instance_Name="Exception" Value="at com.ibm.etools.webtools.webview.WebViewPart$6.open(WebViewPart.java:399)"/>
  <String Instance_Name="Exception" Value="at org.eclipse.jface.viewers.StructuredViewer$2.run(StructuredViewer.java:397)"/>
  <String Instance_Name="Exception" Value="at org.eclipse.core.internal.runtime.InternalPlatform.run(InternalPlatform.java)"/>
  <String Instance_Name="Exception" Value="at org.eclipse.core.runtime.Platform.run(Platform.java)"/>
  <String Instance_Name="Exception" Value="at org.eclipse.jface.viewers.StructuredViewer.fireOpen(StructuredViewer.java:395)"/>
  <String Instance_Name="Exception" Value="at org.eclipse.jface.viewers.StructuredViewer.handleOpen(StructuredViewer.java:605)"/>
  <String Instance_Name="Exception" Value="at org.eclipse.jface.viewers.StructuredViewer$6.handleOpen(StructuredViewer.java:694)"/>
  <String Instance_Name="Exception" Value="at org.eclipse.jface.util.OpenStrategy.fireOpenEvent(OpenStrategy.java:209)"/>
  <String Instance_Name="Exception" Value="at org.eclipse.jface.util.OpenStrategy.access$2(OpenStrategy.java)"/>
  <String Instance_Name="Exception" Value="at org.eclipse.jface.util.OpenStrategy$1.handleEvent(OpenStrategy.java)"/>
  <String Instance_Name="Exception" Value="at org.eclipse.swt.widgets.EventTable.sendEvent(EventTable.java)"/>
  <String Instance_Name="Exception" Value="at org.eclipse.swt.widgets.Widget.sendEvent(Widget.java)"/>
  <String Instance_Name="Exception" Value="at org.eclipse.swt.widgets.Display.runDeferredEvents(Display.java)"/>
  <String Instance_Name="Exception" Value="at org.eclipse.swt.widgets.Display.readAndDispatch(Display.java)"/>
  <String Instance_Name="Exception" Value="at org.eclipse.ui.internal.Workbench.runEventLoop(Workbench.java:1402)"/>
  <String Instance_Name="Exception" Value="at org.eclipse.ui.internal.Workbench.run(Workbench.java:1385)"/>
  <String Instance_Name="Exception" Value="at org.eclipse.core.internal.boot.InternalBootLoader.run(InternalBootLoader.java:858)"/>
  <String Instance_Name="Exception" Value="at org.eclipse.core.boot.BootLoader.run(BootLoader.java:461)"/>
  <String Instance_Name="Exception" Value="at java.lang.reflect.AccessibleObject.invokeL(AccessibleObject.java:207)"/>
  <String Instance_Name="Exception" Value="at java.lang.reflect.Method.invoke(Method.java:271)"/>
  <String Instance_Name="Exception" Value="at org.eclipse.core.launcher.Main.basicRun(Main.java:291)"/>
  <String Instance_Name="Exception" Value="at org.eclipse.core.launcher.Main.run(Main.java:747)"/>
  <String Instance_Name="Exception" Value="at org.eclipse.core.launcher.Main.main(Main.java:583)"/>
 </ResourceException>
 <Class Instance_Name="Class" logging.util.id="java.lang.Class_11032834324370000" Name="org.eclipse.core.runtime.Status" Type="class" Package="org.eclipse.core.runtime" Modifers="public" Superclass="java.lang.Object"/>
</Status>
<Status logging.util.id="org.eclipse.core.runtime.Status_11032834324370001" logging.util.agent_idref="Default Logging Agent" logging.util.MsgLoggerLevel="SEVERE" Code="0" Message="" Plugin="com.ibm.etools.webedit.viewer" Severity="4">
 <Array Instance_Name="Children" logging.util.id="Array[org.eclipse.core.runtime.IStatus]_11032834324370002">
 </Array>
 <ResourceException Instance_Name="Exception" logging.util.id="org.eclipse.core.internal.resources.ResourceException_11032834324370003" Message="Resource /CollaborationWEB/Web Content/ejb/<%=request.getContextPath() + "/ejb/" %>status.jsp does not exist.">
  <String Instance_Name="Exception" Value="at java.lang.Throwable.&lt;init&gt;(Throwable.java)"/>
  <String Instance_Name="Exception" Value="at java.lang.Throwable.&lt;init&gt;(Throwable.java)"/>
  <String Instance_Name="Exception" Value="at org.eclipse.core.runtime.CoreException.&lt;init&gt;(CoreException.java)"/>
  <String Instance_Name="Exception" Value="at org.eclipse.core.internal.resources.ResourceException.&lt;init&gt;(ResourceException.java)"/>
  <String Instance_Name="Exception" Value="at org.eclipse.core.internal.resources.Resource.checkExists(Resource.java)"/>
  <String Instance_Name="Exception" Value="at org.eclipse.core.internal.resources.Resource.checkAccessible(Resource.java)"/>
  <String Instance_Name="Exception" Value="at org.eclipse.core.internal.resources.File.getContents(File.java)"/>
  <String Instance_Name="Exception" Value="at com.ibm.sed.model.ModelManagerImpl._commonGetModel(ModelManagerImpl.java:719)"/>
  <String Instance_Name="Exception" Value="at com.ibm.sed.model.ModelManagerImpl.getModelForRead(ModelManagerImpl.java:627)"/>
  <String Instance_Name="Exception" Value="at com.ibm.etools.webedit.viewer.utils.ModelManagerUtil.getModel(ModelManagerUtil.java:159)"/>
  <String Instance_Name="Exception" Value="at com.ibm.etools.webedit.viewer.utils.ModelManagerUtil.getModel(ModelManagerUtil.java:141)"/>
  <String Instance_Name="Exception" Value="at com.ibm.etools.webedit.viewer.utils.ModelManagerUtil.getModelForRead(ModelManagerUtil.java:324)"/>
  <String Instance_Name="Exception" Value="at com.ibm.etools.webedit.viewer.internal.frame.FramePageNodeImpl.updateSrc(FramePageNodeImpl.java:296)"/>
  <String Instance_Name="Exception" Value="at com.ibm.etools.webedit.viewer.internal.frame.FramePageNodeImpl.updateAttrs(FramePageNodeImpl.java:223)"/>
  <String Instance_Name="Exception" Value="at com.ibm.etools.webedit.viewer.internal.frame.FramePageNodeImpl.setElement(FramePageNodeImpl.java:184)"/>
  <String Instance_Name="Exception" Value="at com.ibm.etools.webedit.viewer.internal.frame.FrameSetNodeImpl.updateFrames(FrameSetNodeImpl.java:292)"/>
  <String Instance_Name="Exception" Value="at com.ibm.etools.webedit.viewer.internal.frame.FrameSetNodeImpl.setElement(FrameSetNodeImpl.java:214)"/>
  <String Instance_Name="Exception" Value="at com.ibm.etools.webedit.viewer.internal.frame.FrameSetNodeImpl.updateFrames(FrameSetNodeImpl.java:292)"/>
  <String Instance_Name="Exception" Value="at com.ibm.etools.webedit.viewer.internal.frame.FrameSetNodeImpl.setElement(FrameSetNodeImpl.java:214)"/>
  <String Instance_Name="Exception" Value="at com.ibm.etools.webedit.viewer.internal.frame.FrameSetNodeImpl.updateFrames(FrameSetNodeImpl.java:292)"/>
  <String Instance_Name="Exception" Value="at com.ibm.etools.webedit.viewer.internal.frame.FrameSetNodeImpl.setElement(FrameSetNodeImpl.java:214)"/>
  <String Instance_Name="Exception" Value="at com.ibm.etools.webedit.viewer.internal.frame.FrameManagerImpl.updateFrameTree(FrameManagerImpl.java:521)"/>
  <String Instance_Name="Exception" Value="at com.ibm.etools.webedit.viewer.internal.frame.FrameManagerImpl.setModel(FrameManagerImpl.java:468)"/>
  <String Instance_Name="Exception" Value="at com.ibm.etools.webedit.frame.FrameLayouterImpl.setModel(FrameLayouterImpl.java:155)"/>
  <String Instance_Name="Exception" Value="at com.ibm.etools.webedit.editor.HTMLDesignPage.setModel(HTMLDesignPage.java:1285)"/>
  <String Instance_Name="Exception" Value="at com.ibm.etools.webedit.editor.HTMLEditor.createDesignPage(HTMLEditor.java:854)"/>
  <String Instance_Name="Exception" Value="at com.ibm.etools.webedit.editor.HTMLEditor.createPages(HTMLEditor.java:897)"/>
  <String Instance_Name="Exception" Value="at org.eclipse.ui.part.MultiPageEditorPart.createPartControl(MultiPageEditorPart.java:167)"/>
  <String Instance_Name="Exception" Value="at org.eclipse.ui.internal.PartPane$4.run(PartPane.java:141)"/>
  <String Instance_Name="Exception" Value="at org.eclipse.core.internal.runtime.InternalPlatform.run(InternalPlatform.java)"/>
  <String Instance_Name="Exception" Value="at org.eclipse.core.runtime.Platform.run(Platform.java)"/>
  <String Instance_Name="Exception" Value="at org.eclipse.ui.internal.PartPane.createChildControl(PartPane.java:137)"/>
  <String Instance_Name="Exception" Value="at org.eclipse.ui.internal.PartPane.createControl(PartPane.java:186)"/>
  <String Instance_Name="Exception" Value="at org.eclipse.ui.internal.EditorWorkbook.createPage(EditorWorkbook.java:387)"/>
  <String Instance_Name="Exception" Value="at org.eclipse.ui.internal.EditorWorkbook.add(EditorWorkbook.java:123)"/>
  <String Instance_Name="Exception" Value="at org.eclipse.ui.internal.EditorArea.addEditor(EditorArea.java:55)"/>
  <String Instance_Name="Exception" Value="at org.eclipse.ui.internal.EditorPresentation.openEditor(EditorPresentation.java:351)"/>
  <String Instance_Name="Exception" Value="at org.eclipse.ui.internal.EditorManager$2.run(EditorManager.java:585)"/>
  <String Instance_Name="Exception" Value="at org.eclipse.swt.custom.BusyIndicator.showWhile(BusyIndicator.java)"/>
  <String Instance_Name="Exception" Value="at org.eclipse.ui.internal.EditorManager.createEditorTab(EditorManager.java)"/>
  <String Instance_Name="Exception" Value="at org.eclipse.ui.internal.EditorManager.openInternalEditor(EditorManager.java:668)"/>
  <String Instance_Name="Exception" Value="at org.eclipse.ui.internal.EditorManager.openEditorFromDescriptor(EditorManager.java:459)"/>
  <String Instance_Name="Exception" Value="at org.eclipse.ui.internal.EditorManager.openEditorFromInput(EditorManager.java:333)"/>
  <String Instance_Name="Exception" Value="at org.eclipse.ui.internal.EditorManager.openEditor(EditorManager.java:424)"/>
  <String Instance_Name="Exception" Value="at org.eclipse.ui.internal.WorkbenchPage.busyOpenEditor(WorkbenchPage.java:2056)"/>
  <String Instance_Name="Exception" Value="at org.eclipse.ui.internal.WorkbenchPage.access$6(WorkbenchPage.java:2004)"/>
  <String Instance_Name="Exception" Value="at org.eclipse.ui.internal.WorkbenchPage$9.run(WorkbenchPage.java:1991)"/>
  <String Instance_Name="Exception" Value="at org.eclipse.swt.custom.BusyIndicator.showWhile(BusyIndicator.java)"/>
  <String Instance_Name="Exception" Value="at org.eclipse.ui.internal.WorkbenchPage.openEditor(WorkbenchPage.java:1986)"/>
  <String Instance_Name="Exception" Value="at org.eclipse.ui.internal.WorkbenchPage.openEditor(WorkbenchPage.java:1887)"/>
  <String Instance_Name="Exception" Value="at com.ibm.etools.webtools.webview.eclipse.OpenAction.run(OpenAction.java:177)"/>
  <String Instance_Name="Exception" Value="at com.ibm.etools.webtools.webview.eclipse.OpenAction.run(OpenAction.java:165)"/>
  <String Instance_Name="Exception" Value="at com.ibm.etools.webtools.webview.actions.WebViewOpenAction.run(WebViewOpenAction.java:133)"/>
  <String Instance_Name="Exception" Value="at org.eclipse.jdt.ui.actions.SelectionDispatchAction.dispatchRun(SelectionDispatchAction.java:191)"/>
  <String Instance_Name="Exception" Value="at org.eclipse.jdt.ui.actions.SelectionDispatchAction.run(SelectionDispatchAction.java:169)"/>
  <String Instance_Name="Exception" Value="at com.ibm.etools.webtools.webview.eclipse.OpenEditorActionGroup.runDefaultAction(OpenEditorActionGroup.java:174)"/>
  <String Instance_Name="Exception" Value="at com.ibm.etools.webtools.webview.actions.WebViewActionGroup.runDefaultAction(WebViewActionGroup.java:237)"/>
  <String Instance_Name="Exception" Value="at com.ibm.etools.webtools.webview.WebViewPart.handleOpen(WebViewPart.java:653)"/>
  <String Instance_Name="Exception" Value="at com.ibm.etools.webtools.webview.WebViewPart$6.open(WebViewPart.java:399)"/>
  <String Instance_Name="Exception" Value="at org.eclipse.jface.viewers.StructuredViewer$2.run(StructuredViewer.java:397)"/>
  <String Instance_Name="Exception" Value="at org.eclipse.core.internal.runtime.InternalPlatform.run(InternalPlatform.java)"/>
  <String Instance_Name="Exception" Value="at org.eclipse.core.runtime.Platform.run(Platform.java)"/>
  <String Instance_Name="Exception" Value="at org.eclipse.jface.viewers.StructuredViewer.fireOpen(StructuredViewer.java:395)"/>
  <String Instance_Name="Exception" Value="at org.eclipse.jface.viewers.StructuredViewer.handleOpen(StructuredViewer.java:605)"/>
  <String Instance_Name="Exception" Value="at org.eclipse.jface.viewers.StructuredViewer$6.handleOpen(StructuredViewer.java:694)"/>
  <String Instance_Name="Exception" Value="at org.eclipse.jface.util.OpenStrategy.fireOpenEvent(OpenStrategy.java:209)"/>
  <String Instance_Name="Exception" Value="at org.eclipse.jface.util.OpenStrategy.access$2(OpenStrategy.java)"/>
  <String Instance_Name="Exception" Value="at org.eclipse.jface.util.OpenStrategy$1.handleEvent(OpenStrategy.java)"/>
  <String Instance_Name="Exception" Value="at org.eclipse.swt.widgets.EventTable.sendEvent(EventTable.java)"/>
  <String Instance_Name="Exception" Value="at org.eclipse.swt.widgets.Widget.sendEvent(Widget.java)"/>
  <String Instance_Name="Exception" Value="at org.eclipse.swt.widgets.Display.runDeferredEvents(Display.java)"/>
  <String Instance_Name="Exception" Value="at org.eclipse.swt.widgets.Display.readAndDispatch(Display.java)"/>
  <String Instance_Name="Exception" Value="at org.eclipse.ui.internal.Workbench.runEventLoop(Workbench.java:1402)"/>
  <String Instance_Name="Exception" Value="at org.eclipse.ui.internal.Workbench.run(Workbench.java:1385)"/>
  <String Instance_Name="Exception" Value="at org.eclipse.core.internal.boot.InternalBootLoader.run(InternalBootLoader.java:858)"/>
  <String Instance_Name="Exception" Value="at org.eclipse.core.boot.BootLoader.run(BootLoader.java:461)"/>
  <String Instance_Name="Exception" Value="at java.lang.reflect.AccessibleObject.invokeL(AccessibleObject.java:207)"/>
  <String Instance_Name="Exception" Value="at java.lang.reflect.Method.invoke(Method.java:271)"/>
  <String Instance_Name="Exception" Value="at org.eclipse.core.launcher.Main.basicRun(Main.java:291)"/>
  <String Instance_Name="Exception" Value="at org.eclipse.core.launcher.Main.run(Main.java:747)"/>
  <String Instance_Name="Exception" Value="at org.eclipse.core.launcher.Main.main(Main.java:583)"/>
 </ResourceException>
 <Class Instance_Name="Class" logging.util.id="java.lang.Class_11032834325780000" Name="org.eclipse.core.runtime.Status" Type="class" Package="org.eclipse.core.runtime" Modifers="public" Superclass="java.lang.Object"/>
</Status>
<String logging.util.agent_idref="Default Logging Agent" logging.util.MsgLoggerLevel="CONFIG" Value="5.1.1"/>
<String logging.util.agent_idref="Default Logging Agent" logging.util.MsgLoggerLevel="CONFIG" Value="5.1.1"/>
