In Plugin C:\WSAD_Collaboration\.metadata\.plugins\com.ibm.etools.rad
Got database=USERS
Got database=IBANK
Got database=IBANK
FieldMapping is null
FieldMapping is null
FieldMapping is null
FieldMapping is null
BEFORE SAVING RESOURCE:
AFTER SAVING RESOURCE:ReferencedXMIResource, file = models/TWWizardConnection1_IBANK_ILDAR_OPERS.tblxmi R= 1 W= 0
BEFORE SAVING RESOURCE:
AFTER SAVING RESOURCE:ReferencedXMIResource, file = models/TWWizardConnection1_IBANK_ILDAR_BANKS.tblxmi R= 1 W= 0
BEFORE SAVING RESOURCE:
AFTER SAVING RESOURCE:ReferencedXMIResource, file = models/TWWizardConnection1_IBANK_ILDAR_CLIENTS.tblxmi R= 1 W= 0
BEFORE SAVING RESOURCE:
AFTER SAVING RESOURCE:ReferencedXMIResource, file = models/TWWizardConnection1_IBANK_ILDAR_COUNTRIES.tblxmi R= 1 W= 0
BEFORE SAVING RESOURCE:
AFTER SAVING RESOURCE:ReferencedXMIResource, file = models/TWWizardConnection1_IBANK_ILDAR_CURRENCY.tblxmi R= 1 W= 0
BEFORE SAVING RESOURCE:
AFTER SAVING RESOURCE:ReferencedXMIResource, file = models/TWWizardConnection1_IBANK_ILDAR_INIT_AS.tblxmi R= 1 W= 0
BEFORE SAVING RESOURCE:
AFTER SAVING RESOURCE:ReferencedXMIResource, file = models/TWWizardConnection1_IBANK_ILDAR_ACCREDITIVS.tblxmi R= 1 W= 0
BEFORE SAVING RESOURCE:
AFTER SAVING RESOURCE:ReferencedXMIResource, file = models/TWWizardConnection1_IBANK_ILDAR_PAYMENTS.tblxmi R= 1 W= 0
BEFORE SAVING RESOURCE:
AFTER SAVING RESOURCE:ReferencedXMIResource, file = models/TWWizardConnection1_IBANK_ILDAR_RECIPIENTS.tblxmi R= 1 W= 0
BEFORE SAVING RESOURCE:
AFTER SAVING RESOURCE:ReferencedXMIResource, file = models/TWWizardConnection1_IBANK_ILDAR_ACCOUNTS.tblxmi R= 1 W= 0
BEFORE SAVING RESOURCE:
AFTER SAVING RESOURCE:ReferencedXMIResource, file = models/TWWizardConnection1_IBANK_NULLID.schxmi R= 1 W= 0
BEFORE SAVING RESOURCE:
AFTER SAVING RESOURCE:ReferencedXMIResource, file = models/TWWizardConnection1_IBANK_GERASIMOV.schxmi R= 1 W= 0
BEFORE SAVING RESOURCE:
AFTER SAVING RESOURCE:ReferencedXMIResource, file = models/TWWizardConnection1_IBANK_ILDAR.schxmi R= 1 W= 0
BEFORE SAVING RESOURCE:
AFTER SAVING RESOURCE:ReferencedXMIResource, file = models/TWWizardConnection1_IBANK.dbxmi R= 1 W= 0
BEFORE SAVING RESOURCE:
AFTER SAVING RESOURCE:ReferencedXMIResource, file = models/IBANK_TWWizardConnection1.rlconxmi R= 1 W= 0
BEFORE SAVING RESOURCE:
AFTER SAVING RESOURCE:ReferencedXMIResource, file = models/TWWizardConnection1.conxmi R= 1 W= 0
RESOURCE EXIST FOR:TWWizardConnection1
RESOURCE EXIST FOR:IBANK
RESOURCE DOESNT FOR:ILDAR
RESOURCE EXIST FOR:RECIPIENTS
